<?xml version="1.0" encoding="UTF-8"?>
<!-- Generated by org.testng.reporters.JUnitReportReporter -->
<testsuite hostname="DESKTOP-M3CURGL" failures="0" tests="17" name="boatLifeStyle.Boat_Shop" time="154.692" errors="12" timestamp="2022-04-22T09:39:15 IST" skipped="0">
  <testcase classname="boatLifeStyle.Boat_Shop" name="boat_Login" time="26.975"/>
  <system-out/>
  <testcase classname="boatLifeStyle.Boat_Shop" name="boat_smokeTesting" time="35.287"/>
  <system-out/>
  <testcase classname="boatLifeStyle.Boat_Shop" name="boat_Shop" time="24.076"/>
  <system-out/>
  <testcase classname="boatLifeStyle.Boat_Shop" name="boat_Sailwithboat" time="5.777">
    <error message="element click intercepted: Element &lt;a href=&quot;/collections/sail-with-boat&quot;&gt;...&lt;/a&gt; is not clickable at point (617, 10). Other element would receive the click: &lt;nmg-templates template=&quot;fun-4-template&quot; props-as-string=&quot;{&amp;quot;logoImage&amp;quot;:{&amp;quot;src&amp;quot;:&amp;quot;https://templates.nmgplatform.com/ibpuserimages/BOGWEO780/boat-lifestyle.com/109380d2-0fb6-4ec4-a129-ba75e2e14fda_mobile.jpeg&amp;quot;,&amp;quot;width&amp;quot;:100,&amp;quot;height&amp;quot;:75},&amp;quot;couponCodeLabel&amp;quot;:{&amp;quot;color&amp;quot;:&amp;quot;#000000&amp;quot;,&amp;quot;value&amp;quot;:&amp;quot;NMG-U8N6-GVHD-58GY&amp;quot;},&amp;quot;couponCodeLabelSizing&amp;quot;:{&amp;quot;size&amp;quot;:[8,12],&amp;quot;sizeMobile&amp;quot;:[6,8]},&amp;quot;position&amp;quot;:&amp;quot;center_center&amp;quot;,&amp;quot;headingALabel&amp;quot;:{&amp;quot;value&amp;quot;:[&amp;quot;&lt;span style=\&amp;quot;font-weight: bold; color: rgb(223, 15, 15);\&amp;quot;&gt;SPECIAL&lt;/span&gt;&amp;quot;,&amp;quot;&lt;span style=\&amp;quot;font-weight: bold; color: rgb(224, 13, 13);\&amp;quot;&gt;OFF&lt;/span&gt;&amp;quot;],&amp;quot;color&amp;quot;:&amp;quot;rgb(223, 15, 15)&amp;quot;},&amp;quot;headingALabelSizing&amp;quot;:{&amp;quot;size&amp;quot;:[16,42],&amp;quot;sizeMobile&amp;quot;:[12,32]},&amp;quot;headingBLabel&amp;quot;:{&amp;quot;value&amp;quot;:&amp;quot;&lt;span style=\&amp;quot;color: rgb(255, 255, 255); font-weight: bold;\&amp;quot;&gt;ONLY FOR YOU!&lt;/span&gt;&amp;quot;,&amp;quot;color&amp;quot;:&amp;quot;#FFFFFF&amp;quot;},&amp;quot;headingBLabelSizing&amp;quot;:{&amp;quot;size&amp;quot;:[12,16],&amp;quot;sizeMobile&amp;quot;:[8,16]},&amp;quot;timeHeadlineLabel&amp;quot;:{&amp;quot;value&amp;quot;:&amp;quot;&lt;span style=\&amp;quot;color: rgb(254, 251, 251); font-weight: bold;\&amp;quot;&gt;Offer expires:&lt;/span&gt;&amp;quot;,&amp;quot;color&amp;quot;:&amp;quot;#FEFBFB&amp;quot;},&amp;quot;timeHeadlineLabelSizing&amp;quot;:{&amp;quot;size&amp;quot;:[10,14],&amp;quot;sizeMobile&amp;quot;:[8,10]},&amp;quot;timePhraseLabel&amp;quot;:{&amp;quot;value&amp;quot;:&amp;quot;By the end of the day&amp;quot;,&amp;quot;color&amp;quot;:&amp;quot;#FFFFFF&amp;quot;},&amp;quot;timePhraseLabelSizing&amp;quot;:{&amp;quot;size&amp;quot;:[10,14],&amp;quot;sizeMobile&amp;quot;:[8,10]},&amp;quot;ctaLabel&amp;quot;:{&amp;quot;value&amp;quot;:&amp;quot;&lt;span style=\&amp;quot;font-weight: bold; color: rgb(0, 0, 0);\&amp;quot;&gt;Copy Coupon Code&lt;/span&gt;&amp;quot;,&amp;quot;color&amp;quot;:&amp;quot;#000000&amp;quot;},&amp;quot;ctaConfirmationLabel&amp;quot;:{&amp;quot;value&amp;quot;:&amp;quot;Copied!&amp;quot;,&amp;quot;color&amp;quot;:&amp;quot;#000000&amp;quot;},&amp;quot;ctaLabelSizing&amp;quot;:{&amp;quot;size&amp;quot;:[10,14],&amp;quot;sizeMobile&amp;quot;:[8,16]},&amp;quot;noteLabel&amp;quot;:{&amp;quot;value&amp;quot;:&amp;quot;&lt;span style=\&amp;quot;color: rgb(255, 255, 255);\&amp;quot;&gt;*SOME ITEMS MAY BE EXCLUDED&lt;/span&gt;&amp;quot;,&amp;quot;color&amp;quot;:&amp;quot;#FFFFFF&amp;quot;},&amp;quot;noteLabelSizing&amp;quot;:{&amp;quot;size&amp;quot;:[10,12],&amp;quot;sizeMobile&amp;quot;:[6,8]},&amp;quot;poweredByLabel&amp;quot;:null,&amp;quot;overlay&amp;quot;:false,&amp;quot;mainColor&amp;quot;:&amp;quot;#000000&amp;quot;,&amp;quot;isTimer&amp;quot;:true,&amp;quot;complementaryColors&amp;quot;:[&amp;quot;#FFFAFA&amp;quot;,&amp;quot;#B71616&amp;quot;,&amp;quot;#000000&amp;quot;],&amp;quot;couponCodeVisible&amp;quot;:false,&amp;quot;withXButton&amp;quot;:true,&amp;quot;positionType&amp;quot;:&amp;quot;absolute&amp;quot;,&amp;quot;timeBackgroundColor&amp;quot;:&amp;quot;unset&amp;quot;,&amp;quot;endTime&amp;quot;:&amp;quot;2022-04-22T17:59:59.000Z&amp;quot;,&amp;quot;scale&amp;quot;:&amp;quot;1&amp;quot;,&amp;quot;showBlackBG&amp;quot;:true,&amp;quot;isClient&amp;quot;:true,&amp;quot;discountValue&amp;quot;:10,&amp;quot;currency&amp;quot;:&amp;quot;%&amp;quot;,&amp;quot;couponCode&amp;quot;:&amp;quot;NMG-U8N6-GVHD-58GY&amp;quot;}&quot; id=&quot;nmg-templates&quot; class=&quot;needsclick&quot; dates-as-string=&quot;[&amp;quot;endTime&amp;quot;]&quot; style=&quot;pointer-events: auto;&quot;&gt;&lt;/nmg-templates&gt;
  (Session info: chrome=100.0.4896.127)
Build info: version: &#039;4.1.2&#039;, revision: &#039;9a5a329c5a&#039;
System info: host: &#039;DESKTOP-M3CURGL&#039;, ip: &#039;192.168.0.11&#039;, os.name: &#039;Windows 10&#039;, os.arch: &#039;amd64&#039;, os.version: &#039;10.0&#039;, java.version: &#039;17.0.1&#039;
Driver info: org.openqa.selenium.chrome.ChromeDriver
Command: [074477ceb418cec6329dc2476cf329f3, clickElement {id=a87e21a9-6b23-41ee-85cd-bacb3d23427c}]
Capabilities {acceptInsecureCerts: false, browserName: chrome, browserVersion: 100.0.4896.127, chrome: {chromedriverVersion: 99.0.4844.51 (d537ec02474b5..., userDataDir: C:\Users\samee\AppData\Loca...}, goog:chromeOptions: {debuggerAddress: localhost:50756}, javascriptEnabled: true, networkConnectionEnabled: false, pageLoadStrategy: normal, platform: WINDOWS, platformName: WINDOWS, proxy: Proxy(), se:cdp: ws://localhost:50756/devtoo..., se:cdpVersion: 100.0.4896.127, setWindowRect: true, strictFileInteractability: false, timeouts: {implicit: 0, pageLoad: 300000, script: 30000}, unhandledPromptBehavior: dismiss and notify, webauthn:extension:credBlob: true, webauthn:extension:largeBlob: true, webauthn:virtualAuthenticators: true}
Element: [[ChromeDriver: chrome on WINDOWS (074477ceb418cec6329dc2476cf329f3)] -&gt; xpath: //a[@href=&#039;/collections/sail-with-boat&#039;]]
Session ID: 074477ceb418cec6329dc2476cf329f3" type="org.openqa.selenium.ElementClickInterceptedException">
      <![CDATA[org.openqa.selenium.ElementClickInterceptedException: element click intercepted: Element <a href="/collections/sail-with-boat">...</a> is not clickable at point (617, 10). Other element would receive the click: <nmg-templates template="fun-4-template" props-as-string="{&quot;logoImage&quot;:{&quot;src&quot;:&quot;https://templates.nmgplatform.com/ibpuserimages/BOGWEO780/boat-lifestyle.com/109380d2-0fb6-4ec4-a129-ba75e2e14fda_mobile.jpeg&quot;,&quot;width&quot;:100,&quot;height&quot;:75},&quot;couponCodeLabel&quot;:{&quot;color&quot;:&quot;#000000&quot;,&quot;value&quot;:&quot;NMG-U8N6-GVHD-58GY&quot;},&quot;couponCodeLabelSizing&quot;:{&quot;size&quot;:[8,12],&quot;sizeMobile&quot;:[6,8]},&quot;position&quot;:&quot;center_center&quot;,&quot;headingALabel&quot;:{&quot;value&quot;:[&quot;<span style=\&quot;font-weight: bold; color: rgb(223, 15, 15);\&quot;>SPECIAL</span>&quot;,&quot;<span style=\&quot;font-weight: bold; color: rgb(224, 13, 13);\&quot;>OFF</span>&quot;],&quot;color&quot;:&quot;rgb(223, 15, 15)&quot;},&quot;headingALabelSizing&quot;:{&quot;size&quot;:[16,42],&quot;sizeMobile&quot;:[12,32]},&quot;headingBLabel&quot;:{&quot;value&quot;:&quot;<span style=\&quot;color: rgb(255, 255, 255); font-weight: bold;\&quot;>ONLY FOR YOU!</span>&quot;,&quot;color&quot;:&quot;#FFFFFF&quot;},&quot;headingBLabelSizing&quot;:{&quot;size&quot;:[12,16],&quot;sizeMobile&quot;:[8,16]},&quot;timeHeadlineLabel&quot;:{&quot;value&quot;:&quot;<span style=\&quot;color: rgb(254, 251, 251); font-weight: bold;\&quot;>Offer expires:</span>&quot;,&quot;color&quot;:&quot;#FEFBFB&quot;},&quot;timeHeadlineLabelSizing&quot;:{&quot;size&quot;:[10,14],&quot;sizeMobile&quot;:[8,10]},&quot;timePhraseLabel&quot;:{&quot;value&quot;:&quot;By the end of the day&quot;,&quot;color&quot;:&quot;#FFFFFF&quot;},&quot;timePhraseLabelSizing&quot;:{&quot;size&quot;:[10,14],&quot;sizeMobile&quot;:[8,10]},&quot;ctaLabel&quot;:{&quot;value&quot;:&quot;<span style=\&quot;font-weight: bold; color: rgb(0, 0, 0);\&quot;>Copy Coupon Code</span>&quot;,&quot;color&quot;:&quot;#000000&quot;},&quot;ctaConfirmationLabel&quot;:{&quot;value&quot;:&quot;Copied!&quot;,&quot;color&quot;:&quot;#000000&quot;},&quot;ctaLabelSizing&quot;:{&quot;size&quot;:[10,14],&quot;sizeMobile&quot;:[8,16]},&quot;noteLabel&quot;:{&quot;value&quot;:&quot;<span style=\&quot;color: rgb(255, 255, 255);\&quot;>*SOME ITEMS MAY BE EXCLUDED</span>&quot;,&quot;color&quot;:&quot;#FFFFFF&quot;},&quot;noteLabelSizing&quot;:{&quot;size&quot;:[10,12],&quot;sizeMobile&quot;:[6,8]},&quot;poweredByLabel&quot;:null,&quot;overlay&quot;:false,&quot;mainColor&quot;:&quot;#000000&quot;,&quot;isTimer&quot;:true,&quot;complementaryColors&quot;:[&quot;#FFFAFA&quot;,&quot;#B71616&quot;,&quot;#000000&quot;],&quot;couponCodeVisible&quot;:false,&quot;withXButton&quot;:true,&quot;positionType&quot;:&quot;absolute&quot;,&quot;timeBackgroundColor&quot;:&quot;unset&quot;,&quot;endTime&quot;:&quot;2022-04-22T17:59:59.000Z&quot;,&quot;scale&quot;:&quot;1&quot;,&quot;showBlackBG&quot;:true,&quot;isClient&quot;:true,&quot;discountValue&quot;:10,&quot;currency&quot;:&quot;%&quot;,&quot;couponCode&quot;:&quot;NMG-U8N6-GVHD-58GY&quot;}" id="nmg-templates" class="needsclick" dates-as-string="[&quot;endTime&quot;]" style="pointer-events: auto;"></nmg-templates>
  (Session info: chrome=100.0.4896.127)
Build info: version: '4.1.2', revision: '9a5a329c5a'
System info: host: 'DESKTOP-M3CURGL', ip: '192.168.0.11', os.name: 'Windows 10', os.arch: 'amd64', os.version: '10.0', java.version: '17.0.1'
Driver info: org.openqa.selenium.chrome.ChromeDriver
Command: [074477ceb418cec6329dc2476cf329f3, clickElement {id=a87e21a9-6b23-41ee-85cd-bacb3d23427c}]
Capabilities {acceptInsecureCerts: false, browserName: chrome, browserVersion: 100.0.4896.127, chrome: {chromedriverVersion: 99.0.4844.51 (d537ec02474b5..., userDataDir: C:\Users\samee\AppData\Loca...}, goog:chromeOptions: {debuggerAddress: localhost:50756}, javascriptEnabled: true, networkConnectionEnabled: false, pageLoadStrategy: normal, platform: WINDOWS, platformName: WINDOWS, proxy: Proxy(), se:cdp: ws://localhost:50756/devtoo..., se:cdpVersion: 100.0.4896.127, setWindowRect: true, strictFileInteractability: false, timeouts: {implicit: 0, pageLoad: 300000, script: 30000}, unhandledPromptBehavior: dismiss and notify, webauthn:extension:credBlob: true, webauthn:extension:largeBlob: true, webauthn:virtualAuthenticators: true}
Element: [[ChromeDriver: chrome on WINDOWS (074477ceb418cec6329dc2476cf329f3)] -> xpath: //a[@href='/collections/sail-with-boat']]
Session ID: 074477ceb418cec6329dc2476cf329f3
at java.base/jdk.internal.reflect.NativeConstructorAccessorImpl.newInstance0(Native Method)
at java.base/jdk.internal.reflect.NativeConstructorAccessorImpl.newInstance(NativeConstructorAccessorImpl.java:77)
at java.base/jdk.internal.reflect.DelegatingConstructorAccessorImpl.newInstance(DelegatingConstructorAccessorImpl.java:45)
at java.base/java.lang.reflect.Constructor.newInstanceWithCaller(Constructor.java:499)
at java.base/java.lang.reflect.Constructor.newInstance(Constructor.java:480)
at org.openqa.selenium.remote.codec.w3c.W3CHttpResponseCodec.createException(W3CHttpResponseCodec.java:200)
at org.openqa.selenium.remote.codec.w3c.W3CHttpResponseCodec.decode(W3CHttpResponseCodec.java:133)
at org.openqa.selenium.remote.codec.w3c.W3CHttpResponseCodec.decode(W3CHttpResponseCodec.java:53)
at org.openqa.selenium.remote.HttpCommandExecutor.execute(HttpCommandExecutor.java:184)
at org.openqa.selenium.remote.service.DriverCommandExecutor.invokeExecute(DriverCommandExecutor.java:167)
at org.openqa.selenium.remote.service.DriverCommandExecutor.execute(DriverCommandExecutor.java:142)
at org.openqa.selenium.remote.RemoteWebDriver.execute(RemoteWebDriver.java:558)
at org.openqa.selenium.remote.RemoteWebElement.execute(RemoteWebElement.java:251)
at org.openqa.selenium.remote.RemoteWebElement.click(RemoteWebElement.java:77)
at boatLifeStyle.Boat_Shop.boat_Sailwithboat(Boat_Shop.java:121)
at java.base/jdk.internal.reflect.NativeMethodAccessorImpl.invoke0(Native Method)
at java.base/jdk.internal.reflect.NativeMethodAccessorImpl.invoke(NativeMethodAccessorImpl.java:77)
at java.base/jdk.internal.reflect.DelegatingMethodAccessorImpl.invoke(DelegatingMethodAccessorImpl.java:43)
at java.base/java.lang.reflect.Method.invoke(Method.java:568)
at org.testng.internal.MethodInvocationHelper.invokeMethod(MethodInvocationHelper.java:133)
at org.testng.internal.TestInvoker.invokeMethod(TestInvoker.java:598)
at org.testng.internal.TestInvoker.invokeTestMethod(TestInvoker.java:173)
at org.testng.internal.MethodRunner.runInSequence(MethodRunner.java:46)
at org.testng.internal.TestInvoker$MethodInvocationAgent.invoke(TestInvoker.java:824)
at org.testng.internal.TestInvoker.invokeTestMethods(TestInvoker.java:146)
at org.testng.internal.TestMethodWorker.invokeTestMethods(TestMethodWorker.java:146)
at org.testng.internal.TestMethodWorker.run(TestMethodWorker.java:128)
at java.base/java.util.ArrayList.forEach(ArrayList.java:1511)
at org.testng.TestRunner.privateRun(TestRunner.java:794)
at org.testng.TestRunner.run(TestRunner.java:596)
at org.testng.SuiteRunner.runTest(SuiteRunner.java:377)
at org.testng.SuiteRunner.runSequentially(SuiteRunner.java:371)
at org.testng.SuiteRunner.privateRun(SuiteRunner.java:332)
at org.testng.SuiteRunner.run(SuiteRunner.java:276)
at org.testng.SuiteRunnerWorker.runSuite(SuiteRunnerWorker.java:53)
at org.testng.SuiteRunnerWorker.run(SuiteRunnerWorker.java:96)
at org.testng.TestNG.runSuitesSequentially(TestNG.java:1212)
at org.testng.TestNG.runSuitesLocally(TestNG.java:1134)
at org.testng.TestNG.runSuites(TestNG.java:1063)
at org.testng.TestNG.run(TestNG.java:1031)
at org.testng.remote.AbstractRemoteTestNG.run(AbstractRemoteTestNG.java:115)
at org.testng.remote.RemoteTestNG.initAndRun(RemoteTestNG.java:251)
at org.testng.remote.RemoteTestNG.main(RemoteTestNG.java:77)
]]>
    </error>
  </testcase> <!-- boat_Sailwithboat -->
  <system-out/>
  <testcase classname="boatLifeStyle.Boat_Shop" name="boat_Gifting" time="1.533">
    <error message="element click intercepted: Element &lt;a href=&quot;javascript:void(0)&quot; class=&quot;has-children&quot; aria-haspopup=&quot;true&quot;&gt;...&lt;/a&gt; is not clickable at point (711, 10). Other element would receive the click: &lt;nmg-templates template=&quot;fun-4-template&quot; props-as-string=&quot;{&amp;quot;logoImage&amp;quot;:{&amp;quot;src&amp;quot;:&amp;quot;https://templates.nmgplatform.com/ibpuserimages/BOGWEO780/boat-lifestyle.com/109380d2-0fb6-4ec4-a129-ba75e2e14fda_mobile.jpeg&amp;quot;,&amp;quot;width&amp;quot;:100,&amp;quot;height&amp;quot;:75},&amp;quot;couponCodeLabel&amp;quot;:{&amp;quot;color&amp;quot;:&amp;quot;#000000&amp;quot;,&amp;quot;value&amp;quot;:&amp;quot;NMG-U8N6-GVHD-58GY&amp;quot;},&amp;quot;couponCodeLabelSizing&amp;quot;:{&amp;quot;size&amp;quot;:[8,12],&amp;quot;sizeMobile&amp;quot;:[6,8]},&amp;quot;position&amp;quot;:&amp;quot;center_center&amp;quot;,&amp;quot;headingALabel&amp;quot;:{&amp;quot;value&amp;quot;:[&amp;quot;&lt;span style=\&amp;quot;font-weight: bold; color: rgb(223, 15, 15);\&amp;quot;&gt;SPECIAL&lt;/span&gt;&amp;quot;,&amp;quot;&lt;span style=\&amp;quot;font-weight: bold; color: rgb(224, 13, 13);\&amp;quot;&gt;OFF&lt;/span&gt;&amp;quot;],&amp;quot;color&amp;quot;:&amp;quot;rgb(223, 15, 15)&amp;quot;},&amp;quot;headingALabelSizing&amp;quot;:{&amp;quot;size&amp;quot;:[16,42],&amp;quot;sizeMobile&amp;quot;:[12,32]},&amp;quot;headingBLabel&amp;quot;:{&amp;quot;value&amp;quot;:&amp;quot;&lt;span style=\&amp;quot;color: rgb(255, 255, 255); font-weight: bold;\&amp;quot;&gt;ONLY FOR YOU!&lt;/span&gt;&amp;quot;,&amp;quot;color&amp;quot;:&amp;quot;#FFFFFF&amp;quot;},&amp;quot;headingBLabelSizing&amp;quot;:{&amp;quot;size&amp;quot;:[12,16],&amp;quot;sizeMobile&amp;quot;:[8,16]},&amp;quot;timeHeadlineLabel&amp;quot;:{&amp;quot;value&amp;quot;:&amp;quot;&lt;span style=\&amp;quot;color: rgb(254, 251, 251); font-weight: bold;\&amp;quot;&gt;Offer expires:&lt;/span&gt;&amp;quot;,&amp;quot;color&amp;quot;:&amp;quot;#FEFBFB&amp;quot;},&amp;quot;timeHeadlineLabelSizing&amp;quot;:{&amp;quot;size&amp;quot;:[10,14],&amp;quot;sizeMobile&amp;quot;:[8,10]},&amp;quot;timePhraseLabel&amp;quot;:{&amp;quot;value&amp;quot;:&amp;quot;By the end of the day&amp;quot;,&amp;quot;color&amp;quot;:&amp;quot;#FFFFFF&amp;quot;},&amp;quot;timePhraseLabelSizing&amp;quot;:{&amp;quot;size&amp;quot;:[10,14],&amp;quot;sizeMobile&amp;quot;:[8,10]},&amp;quot;ctaLabel&amp;quot;:{&amp;quot;value&amp;quot;:&amp;quot;&lt;span style=\&amp;quot;font-weight: bold; color: rgb(0, 0, 0);\&amp;quot;&gt;Copy Coupon Code&lt;/span&gt;&amp;quot;,&amp;quot;color&amp;quot;:&amp;quot;#000000&amp;quot;},&amp;quot;ctaConfirmationLabel&amp;quot;:{&amp;quot;value&amp;quot;:&amp;quot;Copied!&amp;quot;,&amp;quot;color&amp;quot;:&amp;quot;#000000&amp;quot;},&amp;quot;ctaLabelSizing&amp;quot;:{&amp;quot;size&amp;quot;:[10,14],&amp;quot;sizeMobile&amp;quot;:[8,16]},&amp;quot;noteLabel&amp;quot;:{&amp;quot;value&amp;quot;:&amp;quot;&lt;span style=\&amp;quot;color: rgb(255, 255, 255);\&amp;quot;&gt;*SOME ITEMS MAY BE EXCLUDED&lt;/span&gt;&amp;quot;,&amp;quot;color&amp;quot;:&amp;quot;#FFFFFF&amp;quot;},&amp;quot;noteLabelSizing&amp;quot;:{&amp;quot;size&amp;quot;:[10,12],&amp;quot;sizeMobile&amp;quot;:[6,8]},&amp;quot;poweredByLabel&amp;quot;:null,&amp;quot;overlay&amp;quot;:false,&amp;quot;mainColor&amp;quot;:&amp;quot;#000000&amp;quot;,&amp;quot;isTimer&amp;quot;:true,&amp;quot;complementaryColors&amp;quot;:[&amp;quot;#FFFAFA&amp;quot;,&amp;quot;#B71616&amp;quot;,&amp;quot;#000000&amp;quot;],&amp;quot;couponCodeVisible&amp;quot;:false,&amp;quot;withXButton&amp;quot;:true,&amp;quot;positionType&amp;quot;:&amp;quot;absolute&amp;quot;,&amp;quot;timeBackgroundColor&amp;quot;:&amp;quot;unset&amp;quot;,&amp;quot;endTime&amp;quot;:&amp;quot;2022-04-22T17:59:59.000Z&amp;quot;,&amp;quot;scale&amp;quot;:&amp;quot;1&amp;quot;,&amp;quot;showBlackBG&amp;quot;:true,&amp;quot;isClient&amp;quot;:true,&amp;quot;discountValue&amp;quot;:10,&amp;quot;currency&amp;quot;:&amp;quot;%&amp;quot;,&amp;quot;couponCode&amp;quot;:&amp;quot;NMG-U8N6-GVHD-58GY&amp;quot;}&quot; id=&quot;nmg-templates&quot; class=&quot;needsclick&quot; dates-as-string=&quot;[&amp;quot;endTime&amp;quot;]&quot; style=&quot;pointer-events: auto;&quot;&gt;&lt;/nmg-templates&gt;
  (Session info: chrome=100.0.4896.127)
Build info: version: &#039;4.1.2&#039;, revision: &#039;9a5a329c5a&#039;
System info: host: &#039;DESKTOP-M3CURGL&#039;, ip: &#039;192.168.0.11&#039;, os.name: &#039;Windows 10&#039;, os.arch: &#039;amd64&#039;, os.version: &#039;10.0&#039;, java.version: &#039;17.0.1&#039;
Driver info: org.openqa.selenium.chrome.ChromeDriver
Command: [074477ceb418cec6329dc2476cf329f3, clickElement {id=86c6ba76-7e05-4b82-a218-9bbf6adff069}]
Capabilities {acceptInsecureCerts: false, browserName: chrome, browserVersion: 100.0.4896.127, chrome: {chromedriverVersion: 99.0.4844.51 (d537ec02474b5..., userDataDir: C:\Users\samee\AppData\Loca...}, goog:chromeOptions: {debuggerAddress: localhost:50756}, javascriptEnabled: true, networkConnectionEnabled: false, pageLoadStrategy: normal, platform: WINDOWS, platformName: WINDOWS, proxy: Proxy(), se:cdp: ws://localhost:50756/devtoo..., se:cdpVersion: 100.0.4896.127, setWindowRect: true, strictFileInteractability: false, timeouts: {implicit: 0, pageLoad: 300000, script: 30000}, unhandledPromptBehavior: dismiss and notify, webauthn:extension:credBlob: true, webauthn:extension:largeBlob: true, webauthn:virtualAuthenticators: true}
Element: [[ChromeDriver: chrome on WINDOWS (074477ceb418cec6329dc2476cf329f3)] -&gt; xpath: //*[@id=&quot;pageheader&quot;]/div[2]/div[2]/ul/li[3]/a]
Session ID: 074477ceb418cec6329dc2476cf329f3" type="org.openqa.selenium.ElementClickInterceptedException">
      <![CDATA[org.openqa.selenium.ElementClickInterceptedException: element click intercepted: Element <a href="javascript:void(0)" class="has-children" aria-haspopup="true">...</a> is not clickable at point (711, 10). Other element would receive the click: <nmg-templates template="fun-4-template" props-as-string="{&quot;logoImage&quot;:{&quot;src&quot;:&quot;https://templates.nmgplatform.com/ibpuserimages/BOGWEO780/boat-lifestyle.com/109380d2-0fb6-4ec4-a129-ba75e2e14fda_mobile.jpeg&quot;,&quot;width&quot;:100,&quot;height&quot;:75},&quot;couponCodeLabel&quot;:{&quot;color&quot;:&quot;#000000&quot;,&quot;value&quot;:&quot;NMG-U8N6-GVHD-58GY&quot;},&quot;couponCodeLabelSizing&quot;:{&quot;size&quot;:[8,12],&quot;sizeMobile&quot;:[6,8]},&quot;position&quot;:&quot;center_center&quot;,&quot;headingALabel&quot;:{&quot;value&quot;:[&quot;<span style=\&quot;font-weight: bold; color: rgb(223, 15, 15);\&quot;>SPECIAL</span>&quot;,&quot;<span style=\&quot;font-weight: bold; color: rgb(224, 13, 13);\&quot;>OFF</span>&quot;],&quot;color&quot;:&quot;rgb(223, 15, 15)&quot;},&quot;headingALabelSizing&quot;:{&quot;size&quot;:[16,42],&quot;sizeMobile&quot;:[12,32]},&quot;headingBLabel&quot;:{&quot;value&quot;:&quot;<span style=\&quot;color: rgb(255, 255, 255); font-weight: bold;\&quot;>ONLY FOR YOU!</span>&quot;,&quot;color&quot;:&quot;#FFFFFF&quot;},&quot;headingBLabelSizing&quot;:{&quot;size&quot;:[12,16],&quot;sizeMobile&quot;:[8,16]},&quot;timeHeadlineLabel&quot;:{&quot;value&quot;:&quot;<span style=\&quot;color: rgb(254, 251, 251); font-weight: bold;\&quot;>Offer expires:</span>&quot;,&quot;color&quot;:&quot;#FEFBFB&quot;},&quot;timeHeadlineLabelSizing&quot;:{&quot;size&quot;:[10,14],&quot;sizeMobile&quot;:[8,10]},&quot;timePhraseLabel&quot;:{&quot;value&quot;:&quot;By the end of the day&quot;,&quot;color&quot;:&quot;#FFFFFF&quot;},&quot;timePhraseLabelSizing&quot;:{&quot;size&quot;:[10,14],&quot;sizeMobile&quot;:[8,10]},&quot;ctaLabel&quot;:{&quot;value&quot;:&quot;<span style=\&quot;font-weight: bold; color: rgb(0, 0, 0);\&quot;>Copy Coupon Code</span>&quot;,&quot;color&quot;:&quot;#000000&quot;},&quot;ctaConfirmationLabel&quot;:{&quot;value&quot;:&quot;Copied!&quot;,&quot;color&quot;:&quot;#000000&quot;},&quot;ctaLabelSizing&quot;:{&quot;size&quot;:[10,14],&quot;sizeMobile&quot;:[8,16]},&quot;noteLabel&quot;:{&quot;value&quot;:&quot;<span style=\&quot;color: rgb(255, 255, 255);\&quot;>*SOME ITEMS MAY BE EXCLUDED</span>&quot;,&quot;color&quot;:&quot;#FFFFFF&quot;},&quot;noteLabelSizing&quot;:{&quot;size&quot;:[10,12],&quot;sizeMobile&quot;:[6,8]},&quot;poweredByLabel&quot;:null,&quot;overlay&quot;:false,&quot;mainColor&quot;:&quot;#000000&quot;,&quot;isTimer&quot;:true,&quot;complementaryColors&quot;:[&quot;#FFFAFA&quot;,&quot;#B71616&quot;,&quot;#000000&quot;],&quot;couponCodeVisible&quot;:false,&quot;withXButton&quot;:true,&quot;positionType&quot;:&quot;absolute&quot;,&quot;timeBackgroundColor&quot;:&quot;unset&quot;,&quot;endTime&quot;:&quot;2022-04-22T17:59:59.000Z&quot;,&quot;scale&quot;:&quot;1&quot;,&quot;showBlackBG&quot;:true,&quot;isClient&quot;:true,&quot;discountValue&quot;:10,&quot;currency&quot;:&quot;%&quot;,&quot;couponCode&quot;:&quot;NMG-U8N6-GVHD-58GY&quot;}" id="nmg-templates" class="needsclick" dates-as-string="[&quot;endTime&quot;]" style="pointer-events: auto;"></nmg-templates>
  (Session info: chrome=100.0.4896.127)
Build info: version: '4.1.2', revision: '9a5a329c5a'
System info: host: 'DESKTOP-M3CURGL', ip: '192.168.0.11', os.name: 'Windows 10', os.arch: 'amd64', os.version: '10.0', java.version: '17.0.1'
Driver info: org.openqa.selenium.chrome.ChromeDriver
Command: [074477ceb418cec6329dc2476cf329f3, clickElement {id=86c6ba76-7e05-4b82-a218-9bbf6adff069}]
Capabilities {acceptInsecureCerts: false, browserName: chrome, browserVersion: 100.0.4896.127, chrome: {chromedriverVersion: 99.0.4844.51 (d537ec02474b5..., userDataDir: C:\Users\samee\AppData\Loca...}, goog:chromeOptions: {debuggerAddress: localhost:50756}, javascriptEnabled: true, networkConnectionEnabled: false, pageLoadStrategy: normal, platform: WINDOWS, platformName: WINDOWS, proxy: Proxy(), se:cdp: ws://localhost:50756/devtoo..., se:cdpVersion: 100.0.4896.127, setWindowRect: true, strictFileInteractability: false, timeouts: {implicit: 0, pageLoad: 300000, script: 30000}, unhandledPromptBehavior: dismiss and notify, webauthn:extension:credBlob: true, webauthn:extension:largeBlob: true, webauthn:virtualAuthenticators: true}
Element: [[ChromeDriver: chrome on WINDOWS (074477ceb418cec6329dc2476cf329f3)] -> xpath: //*[@id="pageheader"]/div[2]/div[2]/ul/li[3]/a]
Session ID: 074477ceb418cec6329dc2476cf329f3
at java.base/jdk.internal.reflect.NativeConstructorAccessorImpl.newInstance0(Native Method)
at java.base/jdk.internal.reflect.NativeConstructorAccessorImpl.newInstance(NativeConstructorAccessorImpl.java:77)
at java.base/jdk.internal.reflect.DelegatingConstructorAccessorImpl.newInstance(DelegatingConstructorAccessorImpl.java:45)
at java.base/java.lang.reflect.Constructor.newInstanceWithCaller(Constructor.java:499)
at java.base/java.lang.reflect.Constructor.newInstance(Constructor.java:480)
at org.openqa.selenium.remote.codec.w3c.W3CHttpResponseCodec.createException(W3CHttpResponseCodec.java:200)
at org.openqa.selenium.remote.codec.w3c.W3CHttpResponseCodec.decode(W3CHttpResponseCodec.java:133)
at org.openqa.selenium.remote.codec.w3c.W3CHttpResponseCodec.decode(W3CHttpResponseCodec.java:53)
at org.openqa.selenium.remote.HttpCommandExecutor.execute(HttpCommandExecutor.java:184)
at org.openqa.selenium.remote.service.DriverCommandExecutor.invokeExecute(DriverCommandExecutor.java:167)
at org.openqa.selenium.remote.service.DriverCommandExecutor.execute(DriverCommandExecutor.java:142)
at org.openqa.selenium.remote.RemoteWebDriver.execute(RemoteWebDriver.java:558)
at org.openqa.selenium.remote.RemoteWebElement.execute(RemoteWebElement.java:251)
at org.openqa.selenium.remote.RemoteWebElement.click(RemoteWebElement.java:77)
at boatLifeStyle.Boat_Shop.boat_Gifting(Boat_Shop.java:135)
at java.base/jdk.internal.reflect.NativeMethodAccessorImpl.invoke0(Native Method)
at java.base/jdk.internal.reflect.NativeMethodAccessorImpl.invoke(NativeMethodAccessorImpl.java:77)
at java.base/jdk.internal.reflect.DelegatingMethodAccessorImpl.invoke(DelegatingMethodAccessorImpl.java:43)
at java.base/java.lang.reflect.Method.invoke(Method.java:568)
at org.testng.internal.MethodInvocationHelper.invokeMethod(MethodInvocationHelper.java:133)
at org.testng.internal.TestInvoker.invokeMethod(TestInvoker.java:598)
at org.testng.internal.TestInvoker.invokeTestMethod(TestInvoker.java:173)
at org.testng.internal.MethodRunner.runInSequence(MethodRunner.java:46)
at org.testng.internal.TestInvoker$MethodInvocationAgent.invoke(TestInvoker.java:824)
at org.testng.internal.TestInvoker.invokeTestMethods(TestInvoker.java:146)
at org.testng.internal.TestMethodWorker.invokeTestMethods(TestMethodWorker.java:146)
at org.testng.internal.TestMethodWorker.run(TestMethodWorker.java:128)
at java.base/java.util.ArrayList.forEach(ArrayList.java:1511)
at org.testng.TestRunner.privateRun(TestRunner.java:794)
at org.testng.TestRunner.run(TestRunner.java:596)
at org.testng.SuiteRunner.runTest(SuiteRunner.java:377)
at org.testng.SuiteRunner.runSequentially(SuiteRunner.java:371)
at org.testng.SuiteRunner.privateRun(SuiteRunner.java:332)
at org.testng.SuiteRunner.run(SuiteRunner.java:276)
at org.testng.SuiteRunnerWorker.runSuite(SuiteRunnerWorker.java:53)
at org.testng.SuiteRunnerWorker.run(SuiteRunnerWorker.java:96)
at org.testng.TestNG.runSuitesSequentially(TestNG.java:1212)
at org.testng.TestNG.runSuitesLocally(TestNG.java:1134)
at org.testng.TestNG.runSuites(TestNG.java:1063)
at org.testng.TestNG.run(TestNG.java:1031)
at org.testng.remote.AbstractRemoteTestNG.run(AbstractRemoteTestNG.java:115)
at org.testng.remote.RemoteTestNG.initAndRun(RemoteTestNG.java:251)
at org.testng.remote.RemoteTestNG.main(RemoteTestNG.java:77)
]]>
    </error>
  </testcase> <!-- boat_Gifting -->
  <system-out/>
  <testcase classname="boatLifeStyle.Boat_Shop" name="boat_OfferZone" time="1.133">
    <error message="element click intercepted: Element &lt;a href=&quot;javascript:void(0)&quot; class=&quot;has-children&quot; aria-haspopup=&quot;true&quot;&gt;...&lt;/a&gt; is not clickable at point (711, 10). Other element would receive the click: &lt;nmg-templates template=&quot;fun-4-template&quot; props-as-string=&quot;{&amp;quot;logoImage&amp;quot;:{&amp;quot;src&amp;quot;:&amp;quot;https://templates.nmgplatform.com/ibpuserimages/BOGWEO780/boat-lifestyle.com/109380d2-0fb6-4ec4-a129-ba75e2e14fda_mobile.jpeg&amp;quot;,&amp;quot;width&amp;quot;:100,&amp;quot;height&amp;quot;:75},&amp;quot;couponCodeLabel&amp;quot;:{&amp;quot;color&amp;quot;:&amp;quot;#000000&amp;quot;,&amp;quot;value&amp;quot;:&amp;quot;NMG-U8N6-GVHD-58GY&amp;quot;},&amp;quot;couponCodeLabelSizing&amp;quot;:{&amp;quot;size&amp;quot;:[8,12],&amp;quot;sizeMobile&amp;quot;:[6,8]},&amp;quot;position&amp;quot;:&amp;quot;center_center&amp;quot;,&amp;quot;headingALabel&amp;quot;:{&amp;quot;value&amp;quot;:[&amp;quot;&lt;span style=\&amp;quot;font-weight: bold; color: rgb(223, 15, 15);\&amp;quot;&gt;SPECIAL&lt;/span&gt;&amp;quot;,&amp;quot;&lt;span style=\&amp;quot;font-weight: bold; color: rgb(224, 13, 13);\&amp;quot;&gt;OFF&lt;/span&gt;&amp;quot;],&amp;quot;color&amp;quot;:&amp;quot;rgb(223, 15, 15)&amp;quot;},&amp;quot;headingALabelSizing&amp;quot;:{&amp;quot;size&amp;quot;:[16,42],&amp;quot;sizeMobile&amp;quot;:[12,32]},&amp;quot;headingBLabel&amp;quot;:{&amp;quot;value&amp;quot;:&amp;quot;&lt;span style=\&amp;quot;color: rgb(255, 255, 255); font-weight: bold;\&amp;quot;&gt;ONLY FOR YOU!&lt;/span&gt;&amp;quot;,&amp;quot;color&amp;quot;:&amp;quot;#FFFFFF&amp;quot;},&amp;quot;headingBLabelSizing&amp;quot;:{&amp;quot;size&amp;quot;:[12,16],&amp;quot;sizeMobile&amp;quot;:[8,16]},&amp;quot;timeHeadlineLabel&amp;quot;:{&amp;quot;value&amp;quot;:&amp;quot;&lt;span style=\&amp;quot;color: rgb(254, 251, 251); font-weight: bold;\&amp;quot;&gt;Offer expires:&lt;/span&gt;&amp;quot;,&amp;quot;color&amp;quot;:&amp;quot;#FEFBFB&amp;quot;},&amp;quot;timeHeadlineLabelSizing&amp;quot;:{&amp;quot;size&amp;quot;:[10,14],&amp;quot;sizeMobile&amp;quot;:[8,10]},&amp;quot;timePhraseLabel&amp;quot;:{&amp;quot;value&amp;quot;:&amp;quot;By the end of the day&amp;quot;,&amp;quot;color&amp;quot;:&amp;quot;#FFFFFF&amp;quot;},&amp;quot;timePhraseLabelSizing&amp;quot;:{&amp;quot;size&amp;quot;:[10,14],&amp;quot;sizeMobile&amp;quot;:[8,10]},&amp;quot;ctaLabel&amp;quot;:{&amp;quot;value&amp;quot;:&amp;quot;&lt;span style=\&amp;quot;font-weight: bold; color: rgb(0, 0, 0);\&amp;quot;&gt;Copy Coupon Code&lt;/span&gt;&amp;quot;,&amp;quot;color&amp;quot;:&amp;quot;#000000&amp;quot;},&amp;quot;ctaConfirmationLabel&amp;quot;:{&amp;quot;value&amp;quot;:&amp;quot;Copied!&amp;quot;,&amp;quot;color&amp;quot;:&amp;quot;#000000&amp;quot;},&amp;quot;ctaLabelSizing&amp;quot;:{&amp;quot;size&amp;quot;:[10,14],&amp;quot;sizeMobile&amp;quot;:[8,16]},&amp;quot;noteLabel&amp;quot;:{&amp;quot;value&amp;quot;:&amp;quot;&lt;span style=\&amp;quot;color: rgb(255, 255, 255);\&amp;quot;&gt;*SOME ITEMS MAY BE EXCLUDED&lt;/span&gt;&amp;quot;,&amp;quot;color&amp;quot;:&amp;quot;#FFFFFF&amp;quot;},&amp;quot;noteLabelSizing&amp;quot;:{&amp;quot;size&amp;quot;:[10,12],&amp;quot;sizeMobile&amp;quot;:[6,8]},&amp;quot;poweredByLabel&amp;quot;:null,&amp;quot;overlay&amp;quot;:false,&amp;quot;mainColor&amp;quot;:&amp;quot;#000000&amp;quot;,&amp;quot;isTimer&amp;quot;:true,&amp;quot;complementaryColors&amp;quot;:[&amp;quot;#FFFAFA&amp;quot;,&amp;quot;#B71616&amp;quot;,&amp;quot;#000000&amp;quot;],&amp;quot;couponCodeVisible&amp;quot;:false,&amp;quot;withXButton&amp;quot;:true,&amp;quot;positionType&amp;quot;:&amp;quot;absolute&amp;quot;,&amp;quot;timeBackgroundColor&amp;quot;:&amp;quot;unset&amp;quot;,&amp;quot;endTime&amp;quot;:&amp;quot;2022-04-22T17:59:59.000Z&amp;quot;,&amp;quot;scale&amp;quot;:&amp;quot;1&amp;quot;,&amp;quot;showBlackBG&amp;quot;:true,&amp;quot;isClient&amp;quot;:true,&amp;quot;discountValue&amp;quot;:10,&amp;quot;currency&amp;quot;:&amp;quot;%&amp;quot;,&amp;quot;couponCode&amp;quot;:&amp;quot;NMG-U8N6-GVHD-58GY&amp;quot;}&quot; id=&quot;nmg-templates&quot; class=&quot;needsclick&quot; dates-as-string=&quot;[&amp;quot;endTime&amp;quot;]&quot; style=&quot;pointer-events: auto;&quot;&gt;&lt;/nmg-templates&gt;
  (Session info: chrome=100.0.4896.127)
Build info: version: &#039;4.1.2&#039;, revision: &#039;9a5a329c5a&#039;
System info: host: &#039;DESKTOP-M3CURGL&#039;, ip: &#039;192.168.0.11&#039;, os.name: &#039;Windows 10&#039;, os.arch: &#039;amd64&#039;, os.version: &#039;10.0&#039;, java.version: &#039;17.0.1&#039;
Driver info: org.openqa.selenium.chrome.ChromeDriver
Command: [074477ceb418cec6329dc2476cf329f3, clickElement {id=86c6ba76-7e05-4b82-a218-9bbf6adff069}]
Capabilities {acceptInsecureCerts: false, browserName: chrome, browserVersion: 100.0.4896.127, chrome: {chromedriverVersion: 99.0.4844.51 (d537ec02474b5..., userDataDir: C:\Users\samee\AppData\Loca...}, goog:chromeOptions: {debuggerAddress: localhost:50756}, javascriptEnabled: true, networkConnectionEnabled: false, pageLoadStrategy: normal, platform: WINDOWS, platformName: WINDOWS, proxy: Proxy(), se:cdp: ws://localhost:50756/devtoo..., se:cdpVersion: 100.0.4896.127, setWindowRect: true, strictFileInteractability: false, timeouts: {implicit: 0, pageLoad: 300000, script: 30000}, unhandledPromptBehavior: dismiss and notify, webauthn:extension:credBlob: true, webauthn:extension:largeBlob: true, webauthn:virtualAuthenticators: true}
Element: [[ChromeDriver: chrome on WINDOWS (074477ceb418cec6329dc2476cf329f3)] -&gt; xpath: //*[@id=&quot;pageheader&quot;]/div[2]/div[2]/ul/li[3]/a]
Session ID: 074477ceb418cec6329dc2476cf329f3" type="org.openqa.selenium.ElementClickInterceptedException">
      <![CDATA[org.openqa.selenium.ElementClickInterceptedException: element click intercepted: Element <a href="javascript:void(0)" class="has-children" aria-haspopup="true">...</a> is not clickable at point (711, 10). Other element would receive the click: <nmg-templates template="fun-4-template" props-as-string="{&quot;logoImage&quot;:{&quot;src&quot;:&quot;https://templates.nmgplatform.com/ibpuserimages/BOGWEO780/boat-lifestyle.com/109380d2-0fb6-4ec4-a129-ba75e2e14fda_mobile.jpeg&quot;,&quot;width&quot;:100,&quot;height&quot;:75},&quot;couponCodeLabel&quot;:{&quot;color&quot;:&quot;#000000&quot;,&quot;value&quot;:&quot;NMG-U8N6-GVHD-58GY&quot;},&quot;couponCodeLabelSizing&quot;:{&quot;size&quot;:[8,12],&quot;sizeMobile&quot;:[6,8]},&quot;position&quot;:&quot;center_center&quot;,&quot;headingALabel&quot;:{&quot;value&quot;:[&quot;<span style=\&quot;font-weight: bold; color: rgb(223, 15, 15);\&quot;>SPECIAL</span>&quot;,&quot;<span style=\&quot;font-weight: bold; color: rgb(224, 13, 13);\&quot;>OFF</span>&quot;],&quot;color&quot;:&quot;rgb(223, 15, 15)&quot;},&quot;headingALabelSizing&quot;:{&quot;size&quot;:[16,42],&quot;sizeMobile&quot;:[12,32]},&quot;headingBLabel&quot;:{&quot;value&quot;:&quot;<span style=\&quot;color: rgb(255, 255, 255); font-weight: bold;\&quot;>ONLY FOR YOU!</span>&quot;,&quot;color&quot;:&quot;#FFFFFF&quot;},&quot;headingBLabelSizing&quot;:{&quot;size&quot;:[12,16],&quot;sizeMobile&quot;:[8,16]},&quot;timeHeadlineLabel&quot;:{&quot;value&quot;:&quot;<span style=\&quot;color: rgb(254, 251, 251); font-weight: bold;\&quot;>Offer expires:</span>&quot;,&quot;color&quot;:&quot;#FEFBFB&quot;},&quot;timeHeadlineLabelSizing&quot;:{&quot;size&quot;:[10,14],&quot;sizeMobile&quot;:[8,10]},&quot;timePhraseLabel&quot;:{&quot;value&quot;:&quot;By the end of the day&quot;,&quot;color&quot;:&quot;#FFFFFF&quot;},&quot;timePhraseLabelSizing&quot;:{&quot;size&quot;:[10,14],&quot;sizeMobile&quot;:[8,10]},&quot;ctaLabel&quot;:{&quot;value&quot;:&quot;<span style=\&quot;font-weight: bold; color: rgb(0, 0, 0);\&quot;>Copy Coupon Code</span>&quot;,&quot;color&quot;:&quot;#000000&quot;},&quot;ctaConfirmationLabel&quot;:{&quot;value&quot;:&quot;Copied!&quot;,&quot;color&quot;:&quot;#000000&quot;},&quot;ctaLabelSizing&quot;:{&quot;size&quot;:[10,14],&quot;sizeMobile&quot;:[8,16]},&quot;noteLabel&quot;:{&quot;value&quot;:&quot;<span style=\&quot;color: rgb(255, 255, 255);\&quot;>*SOME ITEMS MAY BE EXCLUDED</span>&quot;,&quot;color&quot;:&quot;#FFFFFF&quot;},&quot;noteLabelSizing&quot;:{&quot;size&quot;:[10,12],&quot;sizeMobile&quot;:[6,8]},&quot;poweredByLabel&quot;:null,&quot;overlay&quot;:false,&quot;mainColor&quot;:&quot;#000000&quot;,&quot;isTimer&quot;:true,&quot;complementaryColors&quot;:[&quot;#FFFAFA&quot;,&quot;#B71616&quot;,&quot;#000000&quot;],&quot;couponCodeVisible&quot;:false,&quot;withXButton&quot;:true,&quot;positionType&quot;:&quot;absolute&quot;,&quot;timeBackgroundColor&quot;:&quot;unset&quot;,&quot;endTime&quot;:&quot;2022-04-22T17:59:59.000Z&quot;,&quot;scale&quot;:&quot;1&quot;,&quot;showBlackBG&quot;:true,&quot;isClient&quot;:true,&quot;discountValue&quot;:10,&quot;currency&quot;:&quot;%&quot;,&quot;couponCode&quot;:&quot;NMG-U8N6-GVHD-58GY&quot;}" id="nmg-templates" class="needsclick" dates-as-string="[&quot;endTime&quot;]" style="pointer-events: auto;"></nmg-templates>
  (Session info: chrome=100.0.4896.127)
Build info: version: '4.1.2', revision: '9a5a329c5a'
System info: host: 'DESKTOP-M3CURGL', ip: '192.168.0.11', os.name: 'Windows 10', os.arch: 'amd64', os.version: '10.0', java.version: '17.0.1'
Driver info: org.openqa.selenium.chrome.ChromeDriver
Command: [074477ceb418cec6329dc2476cf329f3, clickElement {id=86c6ba76-7e05-4b82-a218-9bbf6adff069}]
Capabilities {acceptInsecureCerts: false, browserName: chrome, browserVersion: 100.0.4896.127, chrome: {chromedriverVersion: 99.0.4844.51 (d537ec02474b5..., userDataDir: C:\Users\samee\AppData\Loca...}, goog:chromeOptions: {debuggerAddress: localhost:50756}, javascriptEnabled: true, networkConnectionEnabled: false, pageLoadStrategy: normal, platform: WINDOWS, platformName: WINDOWS, proxy: Proxy(), se:cdp: ws://localhost:50756/devtoo..., se:cdpVersion: 100.0.4896.127, setWindowRect: true, strictFileInteractability: false, timeouts: {implicit: 0, pageLoad: 300000, script: 30000}, unhandledPromptBehavior: dismiss and notify, webauthn:extension:credBlob: true, webauthn:extension:largeBlob: true, webauthn:virtualAuthenticators: true}
Element: [[ChromeDriver: chrome on WINDOWS (074477ceb418cec6329dc2476cf329f3)] -> xpath: //*[@id="pageheader"]/div[2]/div[2]/ul/li[3]/a]
Session ID: 074477ceb418cec6329dc2476cf329f3
at java.base/jdk.internal.reflect.NativeConstructorAccessorImpl.newInstance0(Native Method)
at java.base/jdk.internal.reflect.NativeConstructorAccessorImpl.newInstance(NativeConstructorAccessorImpl.java:77)
at java.base/jdk.internal.reflect.DelegatingConstructorAccessorImpl.newInstance(DelegatingConstructorAccessorImpl.java:45)
at java.base/java.lang.reflect.Constructor.newInstanceWithCaller(Constructor.java:499)
at java.base/java.lang.reflect.Constructor.newInstance(Constructor.java:480)
at org.openqa.selenium.remote.codec.w3c.W3CHttpResponseCodec.createException(W3CHttpResponseCodec.java:200)
at org.openqa.selenium.remote.codec.w3c.W3CHttpResponseCodec.decode(W3CHttpResponseCodec.java:133)
at org.openqa.selenium.remote.codec.w3c.W3CHttpResponseCodec.decode(W3CHttpResponseCodec.java:53)
at org.openqa.selenium.remote.HttpCommandExecutor.execute(HttpCommandExecutor.java:184)
at org.openqa.selenium.remote.service.DriverCommandExecutor.invokeExecute(DriverCommandExecutor.java:167)
at org.openqa.selenium.remote.service.DriverCommandExecutor.execute(DriverCommandExecutor.java:142)
at org.openqa.selenium.remote.RemoteWebDriver.execute(RemoteWebDriver.java:558)
at org.openqa.selenium.remote.RemoteWebElement.execute(RemoteWebElement.java:251)
at org.openqa.selenium.remote.RemoteWebElement.click(RemoteWebElement.java:77)
at boatLifeStyle.Boat_Shop.boat_OfferZone(Boat_Shop.java:154)
at java.base/jdk.internal.reflect.NativeMethodAccessorImpl.invoke0(Native Method)
at java.base/jdk.internal.reflect.NativeMethodAccessorImpl.invoke(NativeMethodAccessorImpl.java:77)
at java.base/jdk.internal.reflect.DelegatingMethodAccessorImpl.invoke(DelegatingMethodAccessorImpl.java:43)
at java.base/java.lang.reflect.Method.invoke(Method.java:568)
at org.testng.internal.MethodInvocationHelper.invokeMethod(MethodInvocationHelper.java:133)
at org.testng.internal.TestInvoker.invokeMethod(TestInvoker.java:598)
at org.testng.internal.TestInvoker.invokeTestMethod(TestInvoker.java:173)
at org.testng.internal.MethodRunner.runInSequence(MethodRunner.java:46)
at org.testng.internal.TestInvoker$MethodInvocationAgent.invoke(TestInvoker.java:824)
at org.testng.internal.TestInvoker.invokeTestMethods(TestInvoker.java:146)
at org.testng.internal.TestMethodWorker.invokeTestMethods(TestMethodWorker.java:146)
at org.testng.internal.TestMethodWorker.run(TestMethodWorker.java:128)
at java.base/java.util.ArrayList.forEach(ArrayList.java:1511)
at org.testng.TestRunner.privateRun(TestRunner.java:794)
at org.testng.TestRunner.run(TestRunner.java:596)
at org.testng.SuiteRunner.runTest(SuiteRunner.java:377)
at org.testng.SuiteRunner.runSequentially(SuiteRunner.java:371)
at org.testng.SuiteRunner.privateRun(SuiteRunner.java:332)
at org.testng.SuiteRunner.run(SuiteRunner.java:276)
at org.testng.SuiteRunnerWorker.runSuite(SuiteRunnerWorker.java:53)
at org.testng.SuiteRunnerWorker.run(SuiteRunnerWorker.java:96)
at org.testng.TestNG.runSuitesSequentially(TestNG.java:1212)
at org.testng.TestNG.runSuitesLocally(TestNG.java:1134)
at org.testng.TestNG.runSuites(TestNG.java:1063)
at org.testng.TestNG.run(TestNG.java:1031)
at org.testng.remote.AbstractRemoteTestNG.run(AbstractRemoteTestNG.java:115)
at org.testng.remote.RemoteTestNG.initAndRun(RemoteTestNG.java:251)
at org.testng.remote.RemoteTestNG.main(RemoteTestNG.java:77)
]]>
    </error>
  </testcase> <!-- boat_OfferZone -->
  <system-out/>
  <testcase classname="boatLifeStyle.Boat_Shop" name="boat_WhatfloatsYourBoat" time="1.268">
    <error message="element click intercepted: Element &lt;a href=&quot;javascript:void(0)&quot; class=&quot;has-children&quot; aria-haspopup=&quot;true&quot;&gt;...&lt;/a&gt; is not clickable at point (711, 10). Other element would receive the click: &lt;nmg-templates template=&quot;fun-4-template&quot; props-as-string=&quot;{&amp;quot;logoImage&amp;quot;:{&amp;quot;src&amp;quot;:&amp;quot;https://templates.nmgplatform.com/ibpuserimages/BOGWEO780/boat-lifestyle.com/109380d2-0fb6-4ec4-a129-ba75e2e14fda_mobile.jpeg&amp;quot;,&amp;quot;width&amp;quot;:100,&amp;quot;height&amp;quot;:75},&amp;quot;couponCodeLabel&amp;quot;:{&amp;quot;color&amp;quot;:&amp;quot;#000000&amp;quot;,&amp;quot;value&amp;quot;:&amp;quot;NMG-U8N6-GVHD-58GY&amp;quot;},&amp;quot;couponCodeLabelSizing&amp;quot;:{&amp;quot;size&amp;quot;:[8,12],&amp;quot;sizeMobile&amp;quot;:[6,8]},&amp;quot;position&amp;quot;:&amp;quot;center_center&amp;quot;,&amp;quot;headingALabel&amp;quot;:{&amp;quot;value&amp;quot;:[&amp;quot;&lt;span style=\&amp;quot;font-weight: bold; color: rgb(223, 15, 15);\&amp;quot;&gt;SPECIAL&lt;/span&gt;&amp;quot;,&amp;quot;&lt;span style=\&amp;quot;font-weight: bold; color: rgb(224, 13, 13);\&amp;quot;&gt;OFF&lt;/span&gt;&amp;quot;],&amp;quot;color&amp;quot;:&amp;quot;rgb(223, 15, 15)&amp;quot;},&amp;quot;headingALabelSizing&amp;quot;:{&amp;quot;size&amp;quot;:[16,42],&amp;quot;sizeMobile&amp;quot;:[12,32]},&amp;quot;headingBLabel&amp;quot;:{&amp;quot;value&amp;quot;:&amp;quot;&lt;span style=\&amp;quot;color: rgb(255, 255, 255); font-weight: bold;\&amp;quot;&gt;ONLY FOR YOU!&lt;/span&gt;&amp;quot;,&amp;quot;color&amp;quot;:&amp;quot;#FFFFFF&amp;quot;},&amp;quot;headingBLabelSizing&amp;quot;:{&amp;quot;size&amp;quot;:[12,16],&amp;quot;sizeMobile&amp;quot;:[8,16]},&amp;quot;timeHeadlineLabel&amp;quot;:{&amp;quot;value&amp;quot;:&amp;quot;&lt;span style=\&amp;quot;color: rgb(254, 251, 251); font-weight: bold;\&amp;quot;&gt;Offer expires:&lt;/span&gt;&amp;quot;,&amp;quot;color&amp;quot;:&amp;quot;#FEFBFB&amp;quot;},&amp;quot;timeHeadlineLabelSizing&amp;quot;:{&amp;quot;size&amp;quot;:[10,14],&amp;quot;sizeMobile&amp;quot;:[8,10]},&amp;quot;timePhraseLabel&amp;quot;:{&amp;quot;value&amp;quot;:&amp;quot;By the end of the day&amp;quot;,&amp;quot;color&amp;quot;:&amp;quot;#FFFFFF&amp;quot;},&amp;quot;timePhraseLabelSizing&amp;quot;:{&amp;quot;size&amp;quot;:[10,14],&amp;quot;sizeMobile&amp;quot;:[8,10]},&amp;quot;ctaLabel&amp;quot;:{&amp;quot;value&amp;quot;:&amp;quot;&lt;span style=\&amp;quot;font-weight: bold; color: rgb(0, 0, 0);\&amp;quot;&gt;Copy Coupon Code&lt;/span&gt;&amp;quot;,&amp;quot;color&amp;quot;:&amp;quot;#000000&amp;quot;},&amp;quot;ctaConfirmationLabel&amp;quot;:{&amp;quot;value&amp;quot;:&amp;quot;Copied!&amp;quot;,&amp;quot;color&amp;quot;:&amp;quot;#000000&amp;quot;},&amp;quot;ctaLabelSizing&amp;quot;:{&amp;quot;size&amp;quot;:[10,14],&amp;quot;sizeMobile&amp;quot;:[8,16]},&amp;quot;noteLabel&amp;quot;:{&amp;quot;value&amp;quot;:&amp;quot;&lt;span style=\&amp;quot;color: rgb(255, 255, 255);\&amp;quot;&gt;*SOME ITEMS MAY BE EXCLUDED&lt;/span&gt;&amp;quot;,&amp;quot;color&amp;quot;:&amp;quot;#FFFFFF&amp;quot;},&amp;quot;noteLabelSizing&amp;quot;:{&amp;quot;size&amp;quot;:[10,12],&amp;quot;sizeMobile&amp;quot;:[6,8]},&amp;quot;poweredByLabel&amp;quot;:null,&amp;quot;overlay&amp;quot;:false,&amp;quot;mainColor&amp;quot;:&amp;quot;#000000&amp;quot;,&amp;quot;isTimer&amp;quot;:true,&amp;quot;complementaryColors&amp;quot;:[&amp;quot;#FFFAFA&amp;quot;,&amp;quot;#B71616&amp;quot;,&amp;quot;#000000&amp;quot;],&amp;quot;couponCodeVisible&amp;quot;:false,&amp;quot;withXButton&amp;quot;:true,&amp;quot;positionType&amp;quot;:&amp;quot;absolute&amp;quot;,&amp;quot;timeBackgroundColor&amp;quot;:&amp;quot;unset&amp;quot;,&amp;quot;endTime&amp;quot;:&amp;quot;2022-04-22T17:59:59.000Z&amp;quot;,&amp;quot;scale&amp;quot;:&amp;quot;1&amp;quot;,&amp;quot;showBlackBG&amp;quot;:true,&amp;quot;isClient&amp;quot;:true,&amp;quot;discountValue&amp;quot;:10,&amp;quot;currency&amp;quot;:&amp;quot;%&amp;quot;,&amp;quot;couponCode&amp;quot;:&amp;quot;NMG-U8N6-GVHD-58GY&amp;quot;}&quot; id=&quot;nmg-templates&quot; class=&quot;needsclick&quot; dates-as-string=&quot;[&amp;quot;endTime&amp;quot;]&quot; style=&quot;pointer-events: auto;&quot;&gt;&lt;/nmg-templates&gt;
  (Session info: chrome=100.0.4896.127)
Build info: version: &#039;4.1.2&#039;, revision: &#039;9a5a329c5a&#039;
System info: host: &#039;DESKTOP-M3CURGL&#039;, ip: &#039;192.168.0.11&#039;, os.name: &#039;Windows 10&#039;, os.arch: &#039;amd64&#039;, os.version: &#039;10.0&#039;, java.version: &#039;17.0.1&#039;
Driver info: org.openqa.selenium.chrome.ChromeDriver
Command: [074477ceb418cec6329dc2476cf329f3, clickElement {id=86c6ba76-7e05-4b82-a218-9bbf6adff069}]
Capabilities {acceptInsecureCerts: false, browserName: chrome, browserVersion: 100.0.4896.127, chrome: {chromedriverVersion: 99.0.4844.51 (d537ec02474b5..., userDataDir: C:\Users\samee\AppData\Loca...}, goog:chromeOptions: {debuggerAddress: localhost:50756}, javascriptEnabled: true, networkConnectionEnabled: false, pageLoadStrategy: normal, platform: WINDOWS, platformName: WINDOWS, proxy: Proxy(), se:cdp: ws://localhost:50756/devtoo..., se:cdpVersion: 100.0.4896.127, setWindowRect: true, strictFileInteractability: false, timeouts: {implicit: 0, pageLoad: 300000, script: 30000}, unhandledPromptBehavior: dismiss and notify, webauthn:extension:credBlob: true, webauthn:extension:largeBlob: true, webauthn:virtualAuthenticators: true}
Element: [[ChromeDriver: chrome on WINDOWS (074477ceb418cec6329dc2476cf329f3)] -&gt; xpath: //*[@id=&quot;pageheader&quot;]/div[2]/div[2]/ul/li[3]/a]
Session ID: 074477ceb418cec6329dc2476cf329f3" type="org.openqa.selenium.ElementClickInterceptedException">
      <![CDATA[org.openqa.selenium.ElementClickInterceptedException: element click intercepted: Element <a href="javascript:void(0)" class="has-children" aria-haspopup="true">...</a> is not clickable at point (711, 10). Other element would receive the click: <nmg-templates template="fun-4-template" props-as-string="{&quot;logoImage&quot;:{&quot;src&quot;:&quot;https://templates.nmgplatform.com/ibpuserimages/BOGWEO780/boat-lifestyle.com/109380d2-0fb6-4ec4-a129-ba75e2e14fda_mobile.jpeg&quot;,&quot;width&quot;:100,&quot;height&quot;:75},&quot;couponCodeLabel&quot;:{&quot;color&quot;:&quot;#000000&quot;,&quot;value&quot;:&quot;NMG-U8N6-GVHD-58GY&quot;},&quot;couponCodeLabelSizing&quot;:{&quot;size&quot;:[8,12],&quot;sizeMobile&quot;:[6,8]},&quot;position&quot;:&quot;center_center&quot;,&quot;headingALabel&quot;:{&quot;value&quot;:[&quot;<span style=\&quot;font-weight: bold; color: rgb(223, 15, 15);\&quot;>SPECIAL</span>&quot;,&quot;<span style=\&quot;font-weight: bold; color: rgb(224, 13, 13);\&quot;>OFF</span>&quot;],&quot;color&quot;:&quot;rgb(223, 15, 15)&quot;},&quot;headingALabelSizing&quot;:{&quot;size&quot;:[16,42],&quot;sizeMobile&quot;:[12,32]},&quot;headingBLabel&quot;:{&quot;value&quot;:&quot;<span style=\&quot;color: rgb(255, 255, 255); font-weight: bold;\&quot;>ONLY FOR YOU!</span>&quot;,&quot;color&quot;:&quot;#FFFFFF&quot;},&quot;headingBLabelSizing&quot;:{&quot;size&quot;:[12,16],&quot;sizeMobile&quot;:[8,16]},&quot;timeHeadlineLabel&quot;:{&quot;value&quot;:&quot;<span style=\&quot;color: rgb(254, 251, 251); font-weight: bold;\&quot;>Offer expires:</span>&quot;,&quot;color&quot;:&quot;#FEFBFB&quot;},&quot;timeHeadlineLabelSizing&quot;:{&quot;size&quot;:[10,14],&quot;sizeMobile&quot;:[8,10]},&quot;timePhraseLabel&quot;:{&quot;value&quot;:&quot;By the end of the day&quot;,&quot;color&quot;:&quot;#FFFFFF&quot;},&quot;timePhraseLabelSizing&quot;:{&quot;size&quot;:[10,14],&quot;sizeMobile&quot;:[8,10]},&quot;ctaLabel&quot;:{&quot;value&quot;:&quot;<span style=\&quot;font-weight: bold; color: rgb(0, 0, 0);\&quot;>Copy Coupon Code</span>&quot;,&quot;color&quot;:&quot;#000000&quot;},&quot;ctaConfirmationLabel&quot;:{&quot;value&quot;:&quot;Copied!&quot;,&quot;color&quot;:&quot;#000000&quot;},&quot;ctaLabelSizing&quot;:{&quot;size&quot;:[10,14],&quot;sizeMobile&quot;:[8,16]},&quot;noteLabel&quot;:{&quot;value&quot;:&quot;<span style=\&quot;color: rgb(255, 255, 255);\&quot;>*SOME ITEMS MAY BE EXCLUDED</span>&quot;,&quot;color&quot;:&quot;#FFFFFF&quot;},&quot;noteLabelSizing&quot;:{&quot;size&quot;:[10,12],&quot;sizeMobile&quot;:[6,8]},&quot;poweredByLabel&quot;:null,&quot;overlay&quot;:false,&quot;mainColor&quot;:&quot;#000000&quot;,&quot;isTimer&quot;:true,&quot;complementaryColors&quot;:[&quot;#FFFAFA&quot;,&quot;#B71616&quot;,&quot;#000000&quot;],&quot;couponCodeVisible&quot;:false,&quot;withXButton&quot;:true,&quot;positionType&quot;:&quot;absolute&quot;,&quot;timeBackgroundColor&quot;:&quot;unset&quot;,&quot;endTime&quot;:&quot;2022-04-22T17:59:59.000Z&quot;,&quot;scale&quot;:&quot;1&quot;,&quot;showBlackBG&quot;:true,&quot;isClient&quot;:true,&quot;discountValue&quot;:10,&quot;currency&quot;:&quot;%&quot;,&quot;couponCode&quot;:&quot;NMG-U8N6-GVHD-58GY&quot;}" id="nmg-templates" class="needsclick" dates-as-string="[&quot;endTime&quot;]" style="pointer-events: auto;"></nmg-templates>
  (Session info: chrome=100.0.4896.127)
Build info: version: '4.1.2', revision: '9a5a329c5a'
System info: host: 'DESKTOP-M3CURGL', ip: '192.168.0.11', os.name: 'Windows 10', os.arch: 'amd64', os.version: '10.0', java.version: '17.0.1'
Driver info: org.openqa.selenium.chrome.ChromeDriver
Command: [074477ceb418cec6329dc2476cf329f3, clickElement {id=86c6ba76-7e05-4b82-a218-9bbf6adff069}]
Capabilities {acceptInsecureCerts: false, browserName: chrome, browserVersion: 100.0.4896.127, chrome: {chromedriverVersion: 99.0.4844.51 (d537ec02474b5..., userDataDir: C:\Users\samee\AppData\Loca...}, goog:chromeOptions: {debuggerAddress: localhost:50756}, javascriptEnabled: true, networkConnectionEnabled: false, pageLoadStrategy: normal, platform: WINDOWS, platformName: WINDOWS, proxy: Proxy(), se:cdp: ws://localhost:50756/devtoo..., se:cdpVersion: 100.0.4896.127, setWindowRect: true, strictFileInteractability: false, timeouts: {implicit: 0, pageLoad: 300000, script: 30000}, unhandledPromptBehavior: dismiss and notify, webauthn:extension:credBlob: true, webauthn:extension:largeBlob: true, webauthn:virtualAuthenticators: true}
Element: [[ChromeDriver: chrome on WINDOWS (074477ceb418cec6329dc2476cf329f3)] -> xpath: //*[@id="pageheader"]/div[2]/div[2]/ul/li[3]/a]
Session ID: 074477ceb418cec6329dc2476cf329f3
at java.base/jdk.internal.reflect.NativeConstructorAccessorImpl.newInstance0(Native Method)
at java.base/jdk.internal.reflect.NativeConstructorAccessorImpl.newInstance(NativeConstructorAccessorImpl.java:77)
at java.base/jdk.internal.reflect.DelegatingConstructorAccessorImpl.newInstance(DelegatingConstructorAccessorImpl.java:45)
at java.base/java.lang.reflect.Constructor.newInstanceWithCaller(Constructor.java:499)
at java.base/java.lang.reflect.Constructor.newInstance(Constructor.java:480)
at org.openqa.selenium.remote.codec.w3c.W3CHttpResponseCodec.createException(W3CHttpResponseCodec.java:200)
at org.openqa.selenium.remote.codec.w3c.W3CHttpResponseCodec.decode(W3CHttpResponseCodec.java:133)
at org.openqa.selenium.remote.codec.w3c.W3CHttpResponseCodec.decode(W3CHttpResponseCodec.java:53)
at org.openqa.selenium.remote.HttpCommandExecutor.execute(HttpCommandExecutor.java:184)
at org.openqa.selenium.remote.service.DriverCommandExecutor.invokeExecute(DriverCommandExecutor.java:167)
at org.openqa.selenium.remote.service.DriverCommandExecutor.execute(DriverCommandExecutor.java:142)
at org.openqa.selenium.remote.RemoteWebDriver.execute(RemoteWebDriver.java:558)
at org.openqa.selenium.remote.RemoteWebElement.execute(RemoteWebElement.java:251)
at org.openqa.selenium.remote.RemoteWebElement.click(RemoteWebElement.java:77)
at boatLifeStyle.Boat_Shop.boat_WhatfloatsYourBoat(Boat_Shop.java:175)
at java.base/jdk.internal.reflect.NativeMethodAccessorImpl.invoke0(Native Method)
at java.base/jdk.internal.reflect.NativeMethodAccessorImpl.invoke(NativeMethodAccessorImpl.java:77)
at java.base/jdk.internal.reflect.DelegatingMethodAccessorImpl.invoke(DelegatingMethodAccessorImpl.java:43)
at java.base/java.lang.reflect.Method.invoke(Method.java:568)
at org.testng.internal.MethodInvocationHelper.invokeMethod(MethodInvocationHelper.java:133)
at org.testng.internal.TestInvoker.invokeMethod(TestInvoker.java:598)
at org.testng.internal.TestInvoker.invokeTestMethod(TestInvoker.java:173)
at org.testng.internal.MethodRunner.runInSequence(MethodRunner.java:46)
at org.testng.internal.TestInvoker$MethodInvocationAgent.invoke(TestInvoker.java:824)
at org.testng.internal.TestInvoker.invokeTestMethods(TestInvoker.java:146)
at org.testng.internal.TestMethodWorker.invokeTestMethods(TestMethodWorker.java:146)
at org.testng.internal.TestMethodWorker.run(TestMethodWorker.java:128)
at java.base/java.util.ArrayList.forEach(ArrayList.java:1511)
at org.testng.TestRunner.privateRun(TestRunner.java:794)
at org.testng.TestRunner.run(TestRunner.java:596)
at org.testng.SuiteRunner.runTest(SuiteRunner.java:377)
at org.testng.SuiteRunner.runSequentially(SuiteRunner.java:371)
at org.testng.SuiteRunner.privateRun(SuiteRunner.java:332)
at org.testng.SuiteRunner.run(SuiteRunner.java:276)
at org.testng.SuiteRunnerWorker.runSuite(SuiteRunnerWorker.java:53)
at org.testng.SuiteRunnerWorker.run(SuiteRunnerWorker.java:96)
at org.testng.TestNG.runSuitesSequentially(TestNG.java:1212)
at org.testng.TestNG.runSuitesLocally(TestNG.java:1134)
at org.testng.TestNG.runSuites(TestNG.java:1063)
at org.testng.TestNG.run(TestNG.java:1031)
at org.testng.remote.AbstractRemoteTestNG.run(AbstractRemoteTestNG.java:115)
at org.testng.remote.RemoteTestNG.initAndRun(RemoteTestNG.java:251)
at org.testng.remote.RemoteTestNG.main(RemoteTestNG.java:77)
]]>
    </error>
  </testcase> <!-- boat_WhatfloatsYourBoat -->
  <system-out/>
  <testcase classname="boatLifeStyle.Boat_Shop" name="boat_MeettheBoatHeads" time="1.100">
    <error message="element click intercepted: Element &lt;a href=&quot;javascript:void(0)&quot; class=&quot;has-children&quot; aria-haspopup=&quot;true&quot;&gt;...&lt;/a&gt; is not clickable at point (711, 10). Other element would receive the click: &lt;nmg-templates template=&quot;fun-4-template&quot; props-as-string=&quot;{&amp;quot;logoImage&amp;quot;:{&amp;quot;src&amp;quot;:&amp;quot;https://templates.nmgplatform.com/ibpuserimages/BOGWEO780/boat-lifestyle.com/109380d2-0fb6-4ec4-a129-ba75e2e14fda_mobile.jpeg&amp;quot;,&amp;quot;width&amp;quot;:100,&amp;quot;height&amp;quot;:75},&amp;quot;couponCodeLabel&amp;quot;:{&amp;quot;color&amp;quot;:&amp;quot;#000000&amp;quot;,&amp;quot;value&amp;quot;:&amp;quot;NMG-U8N6-GVHD-58GY&amp;quot;},&amp;quot;couponCodeLabelSizing&amp;quot;:{&amp;quot;size&amp;quot;:[8,12],&amp;quot;sizeMobile&amp;quot;:[6,8]},&amp;quot;position&amp;quot;:&amp;quot;center_center&amp;quot;,&amp;quot;headingALabel&amp;quot;:{&amp;quot;value&amp;quot;:[&amp;quot;&lt;span style=\&amp;quot;font-weight: bold; color: rgb(223, 15, 15);\&amp;quot;&gt;SPECIAL&lt;/span&gt;&amp;quot;,&amp;quot;&lt;span style=\&amp;quot;font-weight: bold; color: rgb(224, 13, 13);\&amp;quot;&gt;OFF&lt;/span&gt;&amp;quot;],&amp;quot;color&amp;quot;:&amp;quot;rgb(223, 15, 15)&amp;quot;},&amp;quot;headingALabelSizing&amp;quot;:{&amp;quot;size&amp;quot;:[16,42],&amp;quot;sizeMobile&amp;quot;:[12,32]},&amp;quot;headingBLabel&amp;quot;:{&amp;quot;value&amp;quot;:&amp;quot;&lt;span style=\&amp;quot;color: rgb(255, 255, 255); font-weight: bold;\&amp;quot;&gt;ONLY FOR YOU!&lt;/span&gt;&amp;quot;,&amp;quot;color&amp;quot;:&amp;quot;#FFFFFF&amp;quot;},&amp;quot;headingBLabelSizing&amp;quot;:{&amp;quot;size&amp;quot;:[12,16],&amp;quot;sizeMobile&amp;quot;:[8,16]},&amp;quot;timeHeadlineLabel&amp;quot;:{&amp;quot;value&amp;quot;:&amp;quot;&lt;span style=\&amp;quot;color: rgb(254, 251, 251); font-weight: bold;\&amp;quot;&gt;Offer expires:&lt;/span&gt;&amp;quot;,&amp;quot;color&amp;quot;:&amp;quot;#FEFBFB&amp;quot;},&amp;quot;timeHeadlineLabelSizing&amp;quot;:{&amp;quot;size&amp;quot;:[10,14],&amp;quot;sizeMobile&amp;quot;:[8,10]},&amp;quot;timePhraseLabel&amp;quot;:{&amp;quot;value&amp;quot;:&amp;quot;By the end of the day&amp;quot;,&amp;quot;color&amp;quot;:&amp;quot;#FFFFFF&amp;quot;},&amp;quot;timePhraseLabelSizing&amp;quot;:{&amp;quot;size&amp;quot;:[10,14],&amp;quot;sizeMobile&amp;quot;:[8,10]},&amp;quot;ctaLabel&amp;quot;:{&amp;quot;value&amp;quot;:&amp;quot;&lt;span style=\&amp;quot;font-weight: bold; color: rgb(0, 0, 0);\&amp;quot;&gt;Copy Coupon Code&lt;/span&gt;&amp;quot;,&amp;quot;color&amp;quot;:&amp;quot;#000000&amp;quot;},&amp;quot;ctaConfirmationLabel&amp;quot;:{&amp;quot;value&amp;quot;:&amp;quot;Copied!&amp;quot;,&amp;quot;color&amp;quot;:&amp;quot;#000000&amp;quot;},&amp;quot;ctaLabelSizing&amp;quot;:{&amp;quot;size&amp;quot;:[10,14],&amp;quot;sizeMobile&amp;quot;:[8,16]},&amp;quot;noteLabel&amp;quot;:{&amp;quot;value&amp;quot;:&amp;quot;&lt;span style=\&amp;quot;color: rgb(255, 255, 255);\&amp;quot;&gt;*SOME ITEMS MAY BE EXCLUDED&lt;/span&gt;&amp;quot;,&amp;quot;color&amp;quot;:&amp;quot;#FFFFFF&amp;quot;},&amp;quot;noteLabelSizing&amp;quot;:{&amp;quot;size&amp;quot;:[10,12],&amp;quot;sizeMobile&amp;quot;:[6,8]},&amp;quot;poweredByLabel&amp;quot;:null,&amp;quot;overlay&amp;quot;:false,&amp;quot;mainColor&amp;quot;:&amp;quot;#000000&amp;quot;,&amp;quot;isTimer&amp;quot;:true,&amp;quot;complementaryColors&amp;quot;:[&amp;quot;#FFFAFA&amp;quot;,&amp;quot;#B71616&amp;quot;,&amp;quot;#000000&amp;quot;],&amp;quot;couponCodeVisible&amp;quot;:false,&amp;quot;withXButton&amp;quot;:true,&amp;quot;positionType&amp;quot;:&amp;quot;absolute&amp;quot;,&amp;quot;timeBackgroundColor&amp;quot;:&amp;quot;unset&amp;quot;,&amp;quot;endTime&amp;quot;:&amp;quot;2022-04-22T17:59:59.000Z&amp;quot;,&amp;quot;scale&amp;quot;:&amp;quot;1&amp;quot;,&amp;quot;showBlackBG&amp;quot;:true,&amp;quot;isClient&amp;quot;:true,&amp;quot;discountValue&amp;quot;:10,&amp;quot;currency&amp;quot;:&amp;quot;%&amp;quot;,&amp;quot;couponCode&amp;quot;:&amp;quot;NMG-U8N6-GVHD-58GY&amp;quot;}&quot; id=&quot;nmg-templates&quot; class=&quot;needsclick&quot; dates-as-string=&quot;[&amp;quot;endTime&amp;quot;]&quot; style=&quot;pointer-events: auto;&quot;&gt;&lt;/nmg-templates&gt;
  (Session info: chrome=100.0.4896.127)
Build info: version: &#039;4.1.2&#039;, revision: &#039;9a5a329c5a&#039;
System info: host: &#039;DESKTOP-M3CURGL&#039;, ip: &#039;192.168.0.11&#039;, os.name: &#039;Windows 10&#039;, os.arch: &#039;amd64&#039;, os.version: &#039;10.0&#039;, java.version: &#039;17.0.1&#039;
Driver info: org.openqa.selenium.chrome.ChromeDriver
Command: [074477ceb418cec6329dc2476cf329f3, clickElement {id=86c6ba76-7e05-4b82-a218-9bbf6adff069}]
Capabilities {acceptInsecureCerts: false, browserName: chrome, browserVersion: 100.0.4896.127, chrome: {chromedriverVersion: 99.0.4844.51 (d537ec02474b5..., userDataDir: C:\Users\samee\AppData\Loca...}, goog:chromeOptions: {debuggerAddress: localhost:50756}, javascriptEnabled: true, networkConnectionEnabled: false, pageLoadStrategy: normal, platform: WINDOWS, platformName: WINDOWS, proxy: Proxy(), se:cdp: ws://localhost:50756/devtoo..., se:cdpVersion: 100.0.4896.127, setWindowRect: true, strictFileInteractability: false, timeouts: {implicit: 0, pageLoad: 300000, script: 30000}, unhandledPromptBehavior: dismiss and notify, webauthn:extension:credBlob: true, webauthn:extension:largeBlob: true, webauthn:virtualAuthenticators: true}
Element: [[ChromeDriver: chrome on WINDOWS (074477ceb418cec6329dc2476cf329f3)] -&gt; xpath: //*[@id=&quot;pageheader&quot;]/div[2]/div[2]/ul/li[3]/a]
Session ID: 074477ceb418cec6329dc2476cf329f3" type="org.openqa.selenium.ElementClickInterceptedException">
      <![CDATA[org.openqa.selenium.ElementClickInterceptedException: element click intercepted: Element <a href="javascript:void(0)" class="has-children" aria-haspopup="true">...</a> is not clickable at point (711, 10). Other element would receive the click: <nmg-templates template="fun-4-template" props-as-string="{&quot;logoImage&quot;:{&quot;src&quot;:&quot;https://templates.nmgplatform.com/ibpuserimages/BOGWEO780/boat-lifestyle.com/109380d2-0fb6-4ec4-a129-ba75e2e14fda_mobile.jpeg&quot;,&quot;width&quot;:100,&quot;height&quot;:75},&quot;couponCodeLabel&quot;:{&quot;color&quot;:&quot;#000000&quot;,&quot;value&quot;:&quot;NMG-U8N6-GVHD-58GY&quot;},&quot;couponCodeLabelSizing&quot;:{&quot;size&quot;:[8,12],&quot;sizeMobile&quot;:[6,8]},&quot;position&quot;:&quot;center_center&quot;,&quot;headingALabel&quot;:{&quot;value&quot;:[&quot;<span style=\&quot;font-weight: bold; color: rgb(223, 15, 15);\&quot;>SPECIAL</span>&quot;,&quot;<span style=\&quot;font-weight: bold; color: rgb(224, 13, 13);\&quot;>OFF</span>&quot;],&quot;color&quot;:&quot;rgb(223, 15, 15)&quot;},&quot;headingALabelSizing&quot;:{&quot;size&quot;:[16,42],&quot;sizeMobile&quot;:[12,32]},&quot;headingBLabel&quot;:{&quot;value&quot;:&quot;<span style=\&quot;color: rgb(255, 255, 255); font-weight: bold;\&quot;>ONLY FOR YOU!</span>&quot;,&quot;color&quot;:&quot;#FFFFFF&quot;},&quot;headingBLabelSizing&quot;:{&quot;size&quot;:[12,16],&quot;sizeMobile&quot;:[8,16]},&quot;timeHeadlineLabel&quot;:{&quot;value&quot;:&quot;<span style=\&quot;color: rgb(254, 251, 251); font-weight: bold;\&quot;>Offer expires:</span>&quot;,&quot;color&quot;:&quot;#FEFBFB&quot;},&quot;timeHeadlineLabelSizing&quot;:{&quot;size&quot;:[10,14],&quot;sizeMobile&quot;:[8,10]},&quot;timePhraseLabel&quot;:{&quot;value&quot;:&quot;By the end of the day&quot;,&quot;color&quot;:&quot;#FFFFFF&quot;},&quot;timePhraseLabelSizing&quot;:{&quot;size&quot;:[10,14],&quot;sizeMobile&quot;:[8,10]},&quot;ctaLabel&quot;:{&quot;value&quot;:&quot;<span style=\&quot;font-weight: bold; color: rgb(0, 0, 0);\&quot;>Copy Coupon Code</span>&quot;,&quot;color&quot;:&quot;#000000&quot;},&quot;ctaConfirmationLabel&quot;:{&quot;value&quot;:&quot;Copied!&quot;,&quot;color&quot;:&quot;#000000&quot;},&quot;ctaLabelSizing&quot;:{&quot;size&quot;:[10,14],&quot;sizeMobile&quot;:[8,16]},&quot;noteLabel&quot;:{&quot;value&quot;:&quot;<span style=\&quot;color: rgb(255, 255, 255);\&quot;>*SOME ITEMS MAY BE EXCLUDED</span>&quot;,&quot;color&quot;:&quot;#FFFFFF&quot;},&quot;noteLabelSizing&quot;:{&quot;size&quot;:[10,12],&quot;sizeMobile&quot;:[6,8]},&quot;poweredByLabel&quot;:null,&quot;overlay&quot;:false,&quot;mainColor&quot;:&quot;#000000&quot;,&quot;isTimer&quot;:true,&quot;complementaryColors&quot;:[&quot;#FFFAFA&quot;,&quot;#B71616&quot;,&quot;#000000&quot;],&quot;couponCodeVisible&quot;:false,&quot;withXButton&quot;:true,&quot;positionType&quot;:&quot;absolute&quot;,&quot;timeBackgroundColor&quot;:&quot;unset&quot;,&quot;endTime&quot;:&quot;2022-04-22T17:59:59.000Z&quot;,&quot;scale&quot;:&quot;1&quot;,&quot;showBlackBG&quot;:true,&quot;isClient&quot;:true,&quot;discountValue&quot;:10,&quot;currency&quot;:&quot;%&quot;,&quot;couponCode&quot;:&quot;NMG-U8N6-GVHD-58GY&quot;}" id="nmg-templates" class="needsclick" dates-as-string="[&quot;endTime&quot;]" style="pointer-events: auto;"></nmg-templates>
  (Session info: chrome=100.0.4896.127)
Build info: version: '4.1.2', revision: '9a5a329c5a'
System info: host: 'DESKTOP-M3CURGL', ip: '192.168.0.11', os.name: 'Windows 10', os.arch: 'amd64', os.version: '10.0', java.version: '17.0.1'
Driver info: org.openqa.selenium.chrome.ChromeDriver
Command: [074477ceb418cec6329dc2476cf329f3, clickElement {id=86c6ba76-7e05-4b82-a218-9bbf6adff069}]
Capabilities {acceptInsecureCerts: false, browserName: chrome, browserVersion: 100.0.4896.127, chrome: {chromedriverVersion: 99.0.4844.51 (d537ec02474b5..., userDataDir: C:\Users\samee\AppData\Loca...}, goog:chromeOptions: {debuggerAddress: localhost:50756}, javascriptEnabled: true, networkConnectionEnabled: false, pageLoadStrategy: normal, platform: WINDOWS, platformName: WINDOWS, proxy: Proxy(), se:cdp: ws://localhost:50756/devtoo..., se:cdpVersion: 100.0.4896.127, setWindowRect: true, strictFileInteractability: false, timeouts: {implicit: 0, pageLoad: 300000, script: 30000}, unhandledPromptBehavior: dismiss and notify, webauthn:extension:credBlob: true, webauthn:extension:largeBlob: true, webauthn:virtualAuthenticators: true}
Element: [[ChromeDriver: chrome on WINDOWS (074477ceb418cec6329dc2476cf329f3)] -> xpath: //*[@id="pageheader"]/div[2]/div[2]/ul/li[3]/a]
Session ID: 074477ceb418cec6329dc2476cf329f3
at java.base/jdk.internal.reflect.NativeConstructorAccessorImpl.newInstance0(Native Method)
at java.base/jdk.internal.reflect.NativeConstructorAccessorImpl.newInstance(NativeConstructorAccessorImpl.java:77)
at java.base/jdk.internal.reflect.DelegatingConstructorAccessorImpl.newInstance(DelegatingConstructorAccessorImpl.java:45)
at java.base/java.lang.reflect.Constructor.newInstanceWithCaller(Constructor.java:499)
at java.base/java.lang.reflect.Constructor.newInstance(Constructor.java:480)
at org.openqa.selenium.remote.codec.w3c.W3CHttpResponseCodec.createException(W3CHttpResponseCodec.java:200)
at org.openqa.selenium.remote.codec.w3c.W3CHttpResponseCodec.decode(W3CHttpResponseCodec.java:133)
at org.openqa.selenium.remote.codec.w3c.W3CHttpResponseCodec.decode(W3CHttpResponseCodec.java:53)
at org.openqa.selenium.remote.HttpCommandExecutor.execute(HttpCommandExecutor.java:184)
at org.openqa.selenium.remote.service.DriverCommandExecutor.invokeExecute(DriverCommandExecutor.java:167)
at org.openqa.selenium.remote.service.DriverCommandExecutor.execute(DriverCommandExecutor.java:142)
at org.openqa.selenium.remote.RemoteWebDriver.execute(RemoteWebDriver.java:558)
at org.openqa.selenium.remote.RemoteWebElement.execute(RemoteWebElement.java:251)
at org.openqa.selenium.remote.RemoteWebElement.click(RemoteWebElement.java:77)
at boatLifeStyle.Boat_Shop.boat_MeettheBoatHeads(Boat_Shop.java:194)
at java.base/jdk.internal.reflect.NativeMethodAccessorImpl.invoke0(Native Method)
at java.base/jdk.internal.reflect.NativeMethodAccessorImpl.invoke(NativeMethodAccessorImpl.java:77)
at java.base/jdk.internal.reflect.DelegatingMethodAccessorImpl.invoke(DelegatingMethodAccessorImpl.java:43)
at java.base/java.lang.reflect.Method.invoke(Method.java:568)
at org.testng.internal.MethodInvocationHelper.invokeMethod(MethodInvocationHelper.java:133)
at org.testng.internal.TestInvoker.invokeMethod(TestInvoker.java:598)
at org.testng.internal.TestInvoker.invokeTestMethod(TestInvoker.java:173)
at org.testng.internal.MethodRunner.runInSequence(MethodRunner.java:46)
at org.testng.internal.TestInvoker$MethodInvocationAgent.invoke(TestInvoker.java:824)
at org.testng.internal.TestInvoker.invokeTestMethods(TestInvoker.java:146)
at org.testng.internal.TestMethodWorker.invokeTestMethods(TestMethodWorker.java:146)
at org.testng.internal.TestMethodWorker.run(TestMethodWorker.java:128)
at java.base/java.util.ArrayList.forEach(ArrayList.java:1511)
at org.testng.TestRunner.privateRun(TestRunner.java:794)
at org.testng.TestRunner.run(TestRunner.java:596)
at org.testng.SuiteRunner.runTest(SuiteRunner.java:377)
at org.testng.SuiteRunner.runSequentially(SuiteRunner.java:371)
at org.testng.SuiteRunner.privateRun(SuiteRunner.java:332)
at org.testng.SuiteRunner.run(SuiteRunner.java:276)
at org.testng.SuiteRunnerWorker.runSuite(SuiteRunnerWorker.java:53)
at org.testng.SuiteRunnerWorker.run(SuiteRunnerWorker.java:96)
at org.testng.TestNG.runSuitesSequentially(TestNG.java:1212)
at org.testng.TestNG.runSuitesLocally(TestNG.java:1134)
at org.testng.TestNG.runSuites(TestNG.java:1063)
at org.testng.TestNG.run(TestNG.java:1031)
at org.testng.remote.AbstractRemoteTestNG.run(AbstractRemoteTestNG.java:115)
at org.testng.remote.RemoteTestNG.initAndRun(RemoteTestNG.java:251)
at org.testng.remote.RemoteTestNG.main(RemoteTestNG.java:77)
]]>
    </error>
  </testcase> <!-- boat_MeettheBoatHeads -->
  <system-out/>
  <testcase classname="boatLifeStyle.Boat_Shop" name="boat_Earn100" time="1.201">
    <error message="element click intercepted: Element &lt;a href=&quot;javascript:void(0)&quot; class=&quot;has-children&quot; aria-haspopup=&quot;true&quot;&gt;...&lt;/a&gt; is not clickable at point (711, 10). Other element would receive the click: &lt;nmg-templates template=&quot;fun-4-template&quot; props-as-string=&quot;{&amp;quot;logoImage&amp;quot;:{&amp;quot;src&amp;quot;:&amp;quot;https://templates.nmgplatform.com/ibpuserimages/BOGWEO780/boat-lifestyle.com/109380d2-0fb6-4ec4-a129-ba75e2e14fda_mobile.jpeg&amp;quot;,&amp;quot;width&amp;quot;:100,&amp;quot;height&amp;quot;:75},&amp;quot;couponCodeLabel&amp;quot;:{&amp;quot;color&amp;quot;:&amp;quot;#000000&amp;quot;,&amp;quot;value&amp;quot;:&amp;quot;NMG-U8N6-GVHD-58GY&amp;quot;},&amp;quot;couponCodeLabelSizing&amp;quot;:{&amp;quot;size&amp;quot;:[8,12],&amp;quot;sizeMobile&amp;quot;:[6,8]},&amp;quot;position&amp;quot;:&amp;quot;center_center&amp;quot;,&amp;quot;headingALabel&amp;quot;:{&amp;quot;value&amp;quot;:[&amp;quot;&lt;span style=\&amp;quot;font-weight: bold; color: rgb(223, 15, 15);\&amp;quot;&gt;SPECIAL&lt;/span&gt;&amp;quot;,&amp;quot;&lt;span style=\&amp;quot;font-weight: bold; color: rgb(224, 13, 13);\&amp;quot;&gt;OFF&lt;/span&gt;&amp;quot;],&amp;quot;color&amp;quot;:&amp;quot;rgb(223, 15, 15)&amp;quot;},&amp;quot;headingALabelSizing&amp;quot;:{&amp;quot;size&amp;quot;:[16,42],&amp;quot;sizeMobile&amp;quot;:[12,32]},&amp;quot;headingBLabel&amp;quot;:{&amp;quot;value&amp;quot;:&amp;quot;&lt;span style=\&amp;quot;color: rgb(255, 255, 255); font-weight: bold;\&amp;quot;&gt;ONLY FOR YOU!&lt;/span&gt;&amp;quot;,&amp;quot;color&amp;quot;:&amp;quot;#FFFFFF&amp;quot;},&amp;quot;headingBLabelSizing&amp;quot;:{&amp;quot;size&amp;quot;:[12,16],&amp;quot;sizeMobile&amp;quot;:[8,16]},&amp;quot;timeHeadlineLabel&amp;quot;:{&amp;quot;value&amp;quot;:&amp;quot;&lt;span style=\&amp;quot;color: rgb(254, 251, 251); font-weight: bold;\&amp;quot;&gt;Offer expires:&lt;/span&gt;&amp;quot;,&amp;quot;color&amp;quot;:&amp;quot;#FEFBFB&amp;quot;},&amp;quot;timeHeadlineLabelSizing&amp;quot;:{&amp;quot;size&amp;quot;:[10,14],&amp;quot;sizeMobile&amp;quot;:[8,10]},&amp;quot;timePhraseLabel&amp;quot;:{&amp;quot;value&amp;quot;:&amp;quot;By the end of the day&amp;quot;,&amp;quot;color&amp;quot;:&amp;quot;#FFFFFF&amp;quot;},&amp;quot;timePhraseLabelSizing&amp;quot;:{&amp;quot;size&amp;quot;:[10,14],&amp;quot;sizeMobile&amp;quot;:[8,10]},&amp;quot;ctaLabel&amp;quot;:{&amp;quot;value&amp;quot;:&amp;quot;&lt;span style=\&amp;quot;font-weight: bold; color: rgb(0, 0, 0);\&amp;quot;&gt;Copy Coupon Code&lt;/span&gt;&amp;quot;,&amp;quot;color&amp;quot;:&amp;quot;#000000&amp;quot;},&amp;quot;ctaConfirmationLabel&amp;quot;:{&amp;quot;value&amp;quot;:&amp;quot;Copied!&amp;quot;,&amp;quot;color&amp;quot;:&amp;quot;#000000&amp;quot;},&amp;quot;ctaLabelSizing&amp;quot;:{&amp;quot;size&amp;quot;:[10,14],&amp;quot;sizeMobile&amp;quot;:[8,16]},&amp;quot;noteLabel&amp;quot;:{&amp;quot;value&amp;quot;:&amp;quot;&lt;span style=\&amp;quot;color: rgb(255, 255, 255);\&amp;quot;&gt;*SOME ITEMS MAY BE EXCLUDED&lt;/span&gt;&amp;quot;,&amp;quot;color&amp;quot;:&amp;quot;#FFFFFF&amp;quot;},&amp;quot;noteLabelSizing&amp;quot;:{&amp;quot;size&amp;quot;:[10,12],&amp;quot;sizeMobile&amp;quot;:[6,8]},&amp;quot;poweredByLabel&amp;quot;:null,&amp;quot;overlay&amp;quot;:false,&amp;quot;mainColor&amp;quot;:&amp;quot;#000000&amp;quot;,&amp;quot;isTimer&amp;quot;:true,&amp;quot;complementaryColors&amp;quot;:[&amp;quot;#FFFAFA&amp;quot;,&amp;quot;#B71616&amp;quot;,&amp;quot;#000000&amp;quot;],&amp;quot;couponCodeVisible&amp;quot;:false,&amp;quot;withXButton&amp;quot;:true,&amp;quot;positionType&amp;quot;:&amp;quot;absolute&amp;quot;,&amp;quot;timeBackgroundColor&amp;quot;:&amp;quot;unset&amp;quot;,&amp;quot;endTime&amp;quot;:&amp;quot;2022-04-22T17:59:59.000Z&amp;quot;,&amp;quot;scale&amp;quot;:&amp;quot;1&amp;quot;,&amp;quot;showBlackBG&amp;quot;:true,&amp;quot;isClient&amp;quot;:true,&amp;quot;discountValue&amp;quot;:10,&amp;quot;currency&amp;quot;:&amp;quot;%&amp;quot;,&amp;quot;couponCode&amp;quot;:&amp;quot;NMG-U8N6-GVHD-58GY&amp;quot;}&quot; id=&quot;nmg-templates&quot; class=&quot;needsclick&quot; dates-as-string=&quot;[&amp;quot;endTime&amp;quot;]&quot; style=&quot;pointer-events: auto;&quot;&gt;&lt;/nmg-templates&gt;
  (Session info: chrome=100.0.4896.127)
Build info: version: &#039;4.1.2&#039;, revision: &#039;9a5a329c5a&#039;
System info: host: &#039;DESKTOP-M3CURGL&#039;, ip: &#039;192.168.0.11&#039;, os.name: &#039;Windows 10&#039;, os.arch: &#039;amd64&#039;, os.version: &#039;10.0&#039;, java.version: &#039;17.0.1&#039;
Driver info: org.openqa.selenium.chrome.ChromeDriver
Command: [074477ceb418cec6329dc2476cf329f3, clickElement {id=86c6ba76-7e05-4b82-a218-9bbf6adff069}]
Capabilities {acceptInsecureCerts: false, browserName: chrome, browserVersion: 100.0.4896.127, chrome: {chromedriverVersion: 99.0.4844.51 (d537ec02474b5..., userDataDir: C:\Users\samee\AppData\Loca...}, goog:chromeOptions: {debuggerAddress: localhost:50756}, javascriptEnabled: true, networkConnectionEnabled: false, pageLoadStrategy: normal, platform: WINDOWS, platformName: WINDOWS, proxy: Proxy(), se:cdp: ws://localhost:50756/devtoo..., se:cdpVersion: 100.0.4896.127, setWindowRect: true, strictFileInteractability: false, timeouts: {implicit: 0, pageLoad: 300000, script: 30000}, unhandledPromptBehavior: dismiss and notify, webauthn:extension:credBlob: true, webauthn:extension:largeBlob: true, webauthn:virtualAuthenticators: true}
Element: [[ChromeDriver: chrome on WINDOWS (074477ceb418cec6329dc2476cf329f3)] -&gt; xpath: //*[@id=&quot;pageheader&quot;]/div[2]/div[2]/ul/li[3]/a]
Session ID: 074477ceb418cec6329dc2476cf329f3" type="org.openqa.selenium.ElementClickInterceptedException">
      <![CDATA[org.openqa.selenium.ElementClickInterceptedException: element click intercepted: Element <a href="javascript:void(0)" class="has-children" aria-haspopup="true">...</a> is not clickable at point (711, 10). Other element would receive the click: <nmg-templates template="fun-4-template" props-as-string="{&quot;logoImage&quot;:{&quot;src&quot;:&quot;https://templates.nmgplatform.com/ibpuserimages/BOGWEO780/boat-lifestyle.com/109380d2-0fb6-4ec4-a129-ba75e2e14fda_mobile.jpeg&quot;,&quot;width&quot;:100,&quot;height&quot;:75},&quot;couponCodeLabel&quot;:{&quot;color&quot;:&quot;#000000&quot;,&quot;value&quot;:&quot;NMG-U8N6-GVHD-58GY&quot;},&quot;couponCodeLabelSizing&quot;:{&quot;size&quot;:[8,12],&quot;sizeMobile&quot;:[6,8]},&quot;position&quot;:&quot;center_center&quot;,&quot;headingALabel&quot;:{&quot;value&quot;:[&quot;<span style=\&quot;font-weight: bold; color: rgb(223, 15, 15);\&quot;>SPECIAL</span>&quot;,&quot;<span style=\&quot;font-weight: bold; color: rgb(224, 13, 13);\&quot;>OFF</span>&quot;],&quot;color&quot;:&quot;rgb(223, 15, 15)&quot;},&quot;headingALabelSizing&quot;:{&quot;size&quot;:[16,42],&quot;sizeMobile&quot;:[12,32]},&quot;headingBLabel&quot;:{&quot;value&quot;:&quot;<span style=\&quot;color: rgb(255, 255, 255); font-weight: bold;\&quot;>ONLY FOR YOU!</span>&quot;,&quot;color&quot;:&quot;#FFFFFF&quot;},&quot;headingBLabelSizing&quot;:{&quot;size&quot;:[12,16],&quot;sizeMobile&quot;:[8,16]},&quot;timeHeadlineLabel&quot;:{&quot;value&quot;:&quot;<span style=\&quot;color: rgb(254, 251, 251); font-weight: bold;\&quot;>Offer expires:</span>&quot;,&quot;color&quot;:&quot;#FEFBFB&quot;},&quot;timeHeadlineLabelSizing&quot;:{&quot;size&quot;:[10,14],&quot;sizeMobile&quot;:[8,10]},&quot;timePhraseLabel&quot;:{&quot;value&quot;:&quot;By the end of the day&quot;,&quot;color&quot;:&quot;#FFFFFF&quot;},&quot;timePhraseLabelSizing&quot;:{&quot;size&quot;:[10,14],&quot;sizeMobile&quot;:[8,10]},&quot;ctaLabel&quot;:{&quot;value&quot;:&quot;<span style=\&quot;font-weight: bold; color: rgb(0, 0, 0);\&quot;>Copy Coupon Code</span>&quot;,&quot;color&quot;:&quot;#000000&quot;},&quot;ctaConfirmationLabel&quot;:{&quot;value&quot;:&quot;Copied!&quot;,&quot;color&quot;:&quot;#000000&quot;},&quot;ctaLabelSizing&quot;:{&quot;size&quot;:[10,14],&quot;sizeMobile&quot;:[8,16]},&quot;noteLabel&quot;:{&quot;value&quot;:&quot;<span style=\&quot;color: rgb(255, 255, 255);\&quot;>*SOME ITEMS MAY BE EXCLUDED</span>&quot;,&quot;color&quot;:&quot;#FFFFFF&quot;},&quot;noteLabelSizing&quot;:{&quot;size&quot;:[10,12],&quot;sizeMobile&quot;:[6,8]},&quot;poweredByLabel&quot;:null,&quot;overlay&quot;:false,&quot;mainColor&quot;:&quot;#000000&quot;,&quot;isTimer&quot;:true,&quot;complementaryColors&quot;:[&quot;#FFFAFA&quot;,&quot;#B71616&quot;,&quot;#000000&quot;],&quot;couponCodeVisible&quot;:false,&quot;withXButton&quot;:true,&quot;positionType&quot;:&quot;absolute&quot;,&quot;timeBackgroundColor&quot;:&quot;unset&quot;,&quot;endTime&quot;:&quot;2022-04-22T17:59:59.000Z&quot;,&quot;scale&quot;:&quot;1&quot;,&quot;showBlackBG&quot;:true,&quot;isClient&quot;:true,&quot;discountValue&quot;:10,&quot;currency&quot;:&quot;%&quot;,&quot;couponCode&quot;:&quot;NMG-U8N6-GVHD-58GY&quot;}" id="nmg-templates" class="needsclick" dates-as-string="[&quot;endTime&quot;]" style="pointer-events: auto;"></nmg-templates>
  (Session info: chrome=100.0.4896.127)
Build info: version: '4.1.2', revision: '9a5a329c5a'
System info: host: 'DESKTOP-M3CURGL', ip: '192.168.0.11', os.name: 'Windows 10', os.arch: 'amd64', os.version: '10.0', java.version: '17.0.1'
Driver info: org.openqa.selenium.chrome.ChromeDriver
Command: [074477ceb418cec6329dc2476cf329f3, clickElement {id=86c6ba76-7e05-4b82-a218-9bbf6adff069}]
Capabilities {acceptInsecureCerts: false, browserName: chrome, browserVersion: 100.0.4896.127, chrome: {chromedriverVersion: 99.0.4844.51 (d537ec02474b5..., userDataDir: C:\Users\samee\AppData\Loca...}, goog:chromeOptions: {debuggerAddress: localhost:50756}, javascriptEnabled: true, networkConnectionEnabled: false, pageLoadStrategy: normal, platform: WINDOWS, platformName: WINDOWS, proxy: Proxy(), se:cdp: ws://localhost:50756/devtoo..., se:cdpVersion: 100.0.4896.127, setWindowRect: true, strictFileInteractability: false, timeouts: {implicit: 0, pageLoad: 300000, script: 30000}, unhandledPromptBehavior: dismiss and notify, webauthn:extension:credBlob: true, webauthn:extension:largeBlob: true, webauthn:virtualAuthenticators: true}
Element: [[ChromeDriver: chrome on WINDOWS (074477ceb418cec6329dc2476cf329f3)] -> xpath: //*[@id="pageheader"]/div[2]/div[2]/ul/li[3]/a]
Session ID: 074477ceb418cec6329dc2476cf329f3
at java.base/jdk.internal.reflect.NativeConstructorAccessorImpl.newInstance0(Native Method)
at java.base/jdk.internal.reflect.NativeConstructorAccessorImpl.newInstance(NativeConstructorAccessorImpl.java:77)
at java.base/jdk.internal.reflect.DelegatingConstructorAccessorImpl.newInstance(DelegatingConstructorAccessorImpl.java:45)
at java.base/java.lang.reflect.Constructor.newInstanceWithCaller(Constructor.java:499)
at java.base/java.lang.reflect.Constructor.newInstance(Constructor.java:480)
at org.openqa.selenium.remote.codec.w3c.W3CHttpResponseCodec.createException(W3CHttpResponseCodec.java:200)
at org.openqa.selenium.remote.codec.w3c.W3CHttpResponseCodec.decode(W3CHttpResponseCodec.java:133)
at org.openqa.selenium.remote.codec.w3c.W3CHttpResponseCodec.decode(W3CHttpResponseCodec.java:53)
at org.openqa.selenium.remote.HttpCommandExecutor.execute(HttpCommandExecutor.java:184)
at org.openqa.selenium.remote.service.DriverCommandExecutor.invokeExecute(DriverCommandExecutor.java:167)
at org.openqa.selenium.remote.service.DriverCommandExecutor.execute(DriverCommandExecutor.java:142)
at org.openqa.selenium.remote.RemoteWebDriver.execute(RemoteWebDriver.java:558)
at org.openqa.selenium.remote.RemoteWebElement.execute(RemoteWebElement.java:251)
at org.openqa.selenium.remote.RemoteWebElement.click(RemoteWebElement.java:77)
at boatLifeStyle.Boat_Shop.boat_Earn100(Boat_Shop.java:208)
at java.base/jdk.internal.reflect.NativeMethodAccessorImpl.invoke0(Native Method)
at java.base/jdk.internal.reflect.NativeMethodAccessorImpl.invoke(NativeMethodAccessorImpl.java:77)
at java.base/jdk.internal.reflect.DelegatingMethodAccessorImpl.invoke(DelegatingMethodAccessorImpl.java:43)
at java.base/java.lang.reflect.Method.invoke(Method.java:568)
at org.testng.internal.MethodInvocationHelper.invokeMethod(MethodInvocationHelper.java:133)
at org.testng.internal.TestInvoker.invokeMethod(TestInvoker.java:598)
at org.testng.internal.TestInvoker.invokeTestMethod(TestInvoker.java:173)
at org.testng.internal.MethodRunner.runInSequence(MethodRunner.java:46)
at org.testng.internal.TestInvoker$MethodInvocationAgent.invoke(TestInvoker.java:824)
at org.testng.internal.TestInvoker.invokeTestMethods(TestInvoker.java:146)
at org.testng.internal.TestMethodWorker.invokeTestMethods(TestMethodWorker.java:146)
at org.testng.internal.TestMethodWorker.run(TestMethodWorker.java:128)
at java.base/java.util.ArrayList.forEach(ArrayList.java:1511)
at org.testng.TestRunner.privateRun(TestRunner.java:794)
at org.testng.TestRunner.run(TestRunner.java:596)
at org.testng.SuiteRunner.runTest(SuiteRunner.java:377)
at org.testng.SuiteRunner.runSequentially(SuiteRunner.java:371)
at org.testng.SuiteRunner.privateRun(SuiteRunner.java:332)
at org.testng.SuiteRunner.run(SuiteRunner.java:276)
at org.testng.SuiteRunnerWorker.runSuite(SuiteRunnerWorker.java:53)
at org.testng.SuiteRunnerWorker.run(SuiteRunnerWorker.java:96)
at org.testng.TestNG.runSuitesSequentially(TestNG.java:1212)
at org.testng.TestNG.runSuitesLocally(TestNG.java:1134)
at org.testng.TestNG.runSuites(TestNG.java:1063)
at org.testng.TestNG.run(TestNG.java:1031)
at org.testng.remote.AbstractRemoteTestNG.run(AbstractRemoteTestNG.java:115)
at org.testng.remote.RemoteTestNG.initAndRun(RemoteTestNG.java:251)
at org.testng.remote.RemoteTestNG.main(RemoteTestNG.java:77)
]]>
    </error>
  </testcase> <!-- boat_Earn100 -->
  <system-out/>
  <testcase classname="boatLifeStyle.Boat_Shop" name="boat_Searchbox" time="34.249"/>
  <system-out/>
  <testcase classname="boatLifeStyle.Boat_Shop" name="boat_GiftCard" time="15.226"/>
  <system-out/>
  <testcase classname="boatLifeStyle.Boat_Shop" name="boat_ManageYourOrder" time="1.155">
    <error message="element click intercepted: Element &lt;img class=&quot; ls-is-cached lazyloaded&quot; data-src=&quot;https://cdn.shopify.com/s/files/1/0057/8938/4802/files/user_1.png?v=1606314823&quot; alt=&quot;user&quot; src=&quot;https://cdn.shopify.com/s/files/1/0057/8938/4802/files/user_1.png?v=1606314823&quot;&gt; is not clickable at point (1257, 72). Other element would receive the click: &lt;iframe id=&quot;BIS_frame&quot; frameborder=&quot;0&quot; src=&quot;about:blank&quot; allowtransparency=&quot;true&quot; style=&quot;display: block;&quot;&gt;&lt;/iframe&gt;
  (Session info: chrome=100.0.4896.127)
Build info: version: &#039;4.1.2&#039;, revision: &#039;9a5a329c5a&#039;
System info: host: &#039;DESKTOP-M3CURGL&#039;, ip: &#039;192.168.0.11&#039;, os.name: &#039;Windows 10&#039;, os.arch: &#039;amd64&#039;, os.version: &#039;10.0&#039;, java.version: &#039;17.0.1&#039;
Driver info: org.openqa.selenium.chrome.ChromeDriver
Command: [074477ceb418cec6329dc2476cf329f3, clickElement {id=8cefee9f-a8ee-4391-afed-044bce664971}]
Capabilities {acceptInsecureCerts: false, browserName: chrome, browserVersion: 100.0.4896.127, chrome: {chromedriverVersion: 99.0.4844.51 (d537ec02474b5..., userDataDir: C:\Users\samee\AppData\Loca...}, goog:chromeOptions: {debuggerAddress: localhost:50756}, javascriptEnabled: true, networkConnectionEnabled: false, pageLoadStrategy: normal, platform: WINDOWS, platformName: WINDOWS, proxy: Proxy(), se:cdp: ws://localhost:50756/devtoo..., se:cdpVersion: 100.0.4896.127, setWindowRect: true, strictFileInteractability: false, timeouts: {implicit: 0, pageLoad: 300000, script: 30000}, unhandledPromptBehavior: dismiss and notify, webauthn:extension:credBlob: true, webauthn:extension:largeBlob: true, webauthn:virtualAuthenticators: true}
Element: [[ChromeDriver: chrome on WINDOWS (074477ceb418cec6329dc2476cf329f3)] -&gt; xpath: //*[@id=&quot;pageheader&quot;]/div[2]/div[5]/div/div[2]/span[1]/img]
Session ID: 074477ceb418cec6329dc2476cf329f3" type="org.openqa.selenium.ElementClickInterceptedException">
      <![CDATA[org.openqa.selenium.ElementClickInterceptedException: element click intercepted: Element <img class=" ls-is-cached lazyloaded" data-src="https://cdn.shopify.com/s/files/1/0057/8938/4802/files/user_1.png?v=1606314823" alt="user" src="https://cdn.shopify.com/s/files/1/0057/8938/4802/files/user_1.png?v=1606314823"> is not clickable at point (1257, 72). Other element would receive the click: <iframe id="BIS_frame" frameborder="0" src="about:blank" allowtransparency="true" style="display: block;"></iframe>
  (Session info: chrome=100.0.4896.127)
Build info: version: '4.1.2', revision: '9a5a329c5a'
System info: host: 'DESKTOP-M3CURGL', ip: '192.168.0.11', os.name: 'Windows 10', os.arch: 'amd64', os.version: '10.0', java.version: '17.0.1'
Driver info: org.openqa.selenium.chrome.ChromeDriver
Command: [074477ceb418cec6329dc2476cf329f3, clickElement {id=8cefee9f-a8ee-4391-afed-044bce664971}]
Capabilities {acceptInsecureCerts: false, browserName: chrome, browserVersion: 100.0.4896.127, chrome: {chromedriverVersion: 99.0.4844.51 (d537ec02474b5..., userDataDir: C:\Users\samee\AppData\Loca...}, goog:chromeOptions: {debuggerAddress: localhost:50756}, javascriptEnabled: true, networkConnectionEnabled: false, pageLoadStrategy: normal, platform: WINDOWS, platformName: WINDOWS, proxy: Proxy(), se:cdp: ws://localhost:50756/devtoo..., se:cdpVersion: 100.0.4896.127, setWindowRect: true, strictFileInteractability: false, timeouts: {implicit: 0, pageLoad: 300000, script: 30000}, unhandledPromptBehavior: dismiss and notify, webauthn:extension:credBlob: true, webauthn:extension:largeBlob: true, webauthn:virtualAuthenticators: true}
Element: [[ChromeDriver: chrome on WINDOWS (074477ceb418cec6329dc2476cf329f3)] -> xpath: //*[@id="pageheader"]/div[2]/div[5]/div/div[2]/span[1]/img]
Session ID: 074477ceb418cec6329dc2476cf329f3
at java.base/jdk.internal.reflect.NativeConstructorAccessorImpl.newInstance0(Native Method)
at java.base/jdk.internal.reflect.NativeConstructorAccessorImpl.newInstance(NativeConstructorAccessorImpl.java:77)
at java.base/jdk.internal.reflect.DelegatingConstructorAccessorImpl.newInstance(DelegatingConstructorAccessorImpl.java:45)
at java.base/java.lang.reflect.Constructor.newInstanceWithCaller(Constructor.java:499)
at java.base/java.lang.reflect.Constructor.newInstance(Constructor.java:480)
at org.openqa.selenium.remote.codec.w3c.W3CHttpResponseCodec.createException(W3CHttpResponseCodec.java:200)
at org.openqa.selenium.remote.codec.w3c.W3CHttpResponseCodec.decode(W3CHttpResponseCodec.java:133)
at org.openqa.selenium.remote.codec.w3c.W3CHttpResponseCodec.decode(W3CHttpResponseCodec.java:53)
at org.openqa.selenium.remote.HttpCommandExecutor.execute(HttpCommandExecutor.java:184)
at org.openqa.selenium.remote.service.DriverCommandExecutor.invokeExecute(DriverCommandExecutor.java:167)
at org.openqa.selenium.remote.service.DriverCommandExecutor.execute(DriverCommandExecutor.java:142)
at org.openqa.selenium.remote.RemoteWebDriver.execute(RemoteWebDriver.java:558)
at org.openqa.selenium.remote.RemoteWebElement.execute(RemoteWebElement.java:251)
at org.openqa.selenium.remote.RemoteWebElement.click(RemoteWebElement.java:77)
at boatLifeStyle.Boat_Shop.boat_ManageYourOrder(Boat_Shop.java:270)
at java.base/jdk.internal.reflect.NativeMethodAccessorImpl.invoke0(Native Method)
at java.base/jdk.internal.reflect.NativeMethodAccessorImpl.invoke(NativeMethodAccessorImpl.java:77)
at java.base/jdk.internal.reflect.DelegatingMethodAccessorImpl.invoke(DelegatingMethodAccessorImpl.java:43)
at java.base/java.lang.reflect.Method.invoke(Method.java:568)
at org.testng.internal.MethodInvocationHelper.invokeMethod(MethodInvocationHelper.java:133)
at org.testng.internal.TestInvoker.invokeMethod(TestInvoker.java:598)
at org.testng.internal.TestInvoker.invokeTestMethod(TestInvoker.java:173)
at org.testng.internal.MethodRunner.runInSequence(MethodRunner.java:46)
at org.testng.internal.TestInvoker$MethodInvocationAgent.invoke(TestInvoker.java:824)
at org.testng.internal.TestInvoker.invokeTestMethods(TestInvoker.java:146)
at org.testng.internal.TestMethodWorker.invokeTestMethods(TestMethodWorker.java:146)
at org.testng.internal.TestMethodWorker.run(TestMethodWorker.java:128)
at java.base/java.util.ArrayList.forEach(ArrayList.java:1511)
at org.testng.TestRunner.privateRun(TestRunner.java:794)
at org.testng.TestRunner.run(TestRunner.java:596)
at org.testng.SuiteRunner.runTest(SuiteRunner.java:377)
at org.testng.SuiteRunner.runSequentially(SuiteRunner.java:371)
at org.testng.SuiteRunner.privateRun(SuiteRunner.java:332)
at org.testng.SuiteRunner.run(SuiteRunner.java:276)
at org.testng.SuiteRunnerWorker.runSuite(SuiteRunnerWorker.java:53)
at org.testng.SuiteRunnerWorker.run(SuiteRunnerWorker.java:96)
at org.testng.TestNG.runSuitesSequentially(TestNG.java:1212)
at org.testng.TestNG.runSuitesLocally(TestNG.java:1134)
at org.testng.TestNG.runSuites(TestNG.java:1063)
at org.testng.TestNG.run(TestNG.java:1031)
at org.testng.remote.AbstractRemoteTestNG.run(AbstractRemoteTestNG.java:115)
at org.testng.remote.RemoteTestNG.initAndRun(RemoteTestNG.java:251)
at org.testng.remote.RemoteTestNG.main(RemoteTestNG.java:77)
]]>
    </error>
  </testcase> <!-- boat_ManageYourOrder -->
  <system-out/>
  <testcase classname="boatLifeStyle.Boat_Shop" name="boat_MyAccount" time="1.172">
    <error message="element click intercepted: Element &lt;img class=&quot; ls-is-cached lazyloaded&quot; data-src=&quot;https://cdn.shopify.com/s/files/1/0057/8938/4802/files/user_1.png?v=1606314823&quot; alt=&quot;user&quot; src=&quot;https://cdn.shopify.com/s/files/1/0057/8938/4802/files/user_1.png?v=1606314823&quot;&gt; is not clickable at point (1257, 72). Other element would receive the click: &lt;iframe id=&quot;BIS_frame&quot; frameborder=&quot;0&quot; src=&quot;about:blank&quot; allowtransparency=&quot;true&quot; style=&quot;display: block;&quot;&gt;&lt;/iframe&gt;
  (Session info: chrome=100.0.4896.127)
Build info: version: &#039;4.1.2&#039;, revision: &#039;9a5a329c5a&#039;
System info: host: &#039;DESKTOP-M3CURGL&#039;, ip: &#039;192.168.0.11&#039;, os.name: &#039;Windows 10&#039;, os.arch: &#039;amd64&#039;, os.version: &#039;10.0&#039;, java.version: &#039;17.0.1&#039;
Driver info: org.openqa.selenium.chrome.ChromeDriver
Command: [074477ceb418cec6329dc2476cf329f3, clickElement {id=8cefee9f-a8ee-4391-afed-044bce664971}]
Capabilities {acceptInsecureCerts: false, browserName: chrome, browserVersion: 100.0.4896.127, chrome: {chromedriverVersion: 99.0.4844.51 (d537ec02474b5..., userDataDir: C:\Users\samee\AppData\Loca...}, goog:chromeOptions: {debuggerAddress: localhost:50756}, javascriptEnabled: true, networkConnectionEnabled: false, pageLoadStrategy: normal, platform: WINDOWS, platformName: WINDOWS, proxy: Proxy(), se:cdp: ws://localhost:50756/devtoo..., se:cdpVersion: 100.0.4896.127, setWindowRect: true, strictFileInteractability: false, timeouts: {implicit: 0, pageLoad: 300000, script: 30000}, unhandledPromptBehavior: dismiss and notify, webauthn:extension:credBlob: true, webauthn:extension:largeBlob: true, webauthn:virtualAuthenticators: true}
Element: [[ChromeDriver: chrome on WINDOWS (074477ceb418cec6329dc2476cf329f3)] -&gt; xpath: //*[@id=&quot;pageheader&quot;]/div[2]/div[5]/div/div[2]/span[1]/img]
Session ID: 074477ceb418cec6329dc2476cf329f3" type="org.openqa.selenium.ElementClickInterceptedException">
      <![CDATA[org.openqa.selenium.ElementClickInterceptedException: element click intercepted: Element <img class=" ls-is-cached lazyloaded" data-src="https://cdn.shopify.com/s/files/1/0057/8938/4802/files/user_1.png?v=1606314823" alt="user" src="https://cdn.shopify.com/s/files/1/0057/8938/4802/files/user_1.png?v=1606314823"> is not clickable at point (1257, 72). Other element would receive the click: <iframe id="BIS_frame" frameborder="0" src="about:blank" allowtransparency="true" style="display: block;"></iframe>
  (Session info: chrome=100.0.4896.127)
Build info: version: '4.1.2', revision: '9a5a329c5a'
System info: host: 'DESKTOP-M3CURGL', ip: '192.168.0.11', os.name: 'Windows 10', os.arch: 'amd64', os.version: '10.0', java.version: '17.0.1'
Driver info: org.openqa.selenium.chrome.ChromeDriver
Command: [074477ceb418cec6329dc2476cf329f3, clickElement {id=8cefee9f-a8ee-4391-afed-044bce664971}]
Capabilities {acceptInsecureCerts: false, browserName: chrome, browserVersion: 100.0.4896.127, chrome: {chromedriverVersion: 99.0.4844.51 (d537ec02474b5..., userDataDir: C:\Users\samee\AppData\Loca...}, goog:chromeOptions: {debuggerAddress: localhost:50756}, javascriptEnabled: true, networkConnectionEnabled: false, pageLoadStrategy: normal, platform: WINDOWS, platformName: WINDOWS, proxy: Proxy(), se:cdp: ws://localhost:50756/devtoo..., se:cdpVersion: 100.0.4896.127, setWindowRect: true, strictFileInteractability: false, timeouts: {implicit: 0, pageLoad: 300000, script: 30000}, unhandledPromptBehavior: dismiss and notify, webauthn:extension:credBlob: true, webauthn:extension:largeBlob: true, webauthn:virtualAuthenticators: true}
Element: [[ChromeDriver: chrome on WINDOWS (074477ceb418cec6329dc2476cf329f3)] -> xpath: //*[@id="pageheader"]/div[2]/div[5]/div/div[2]/span[1]/img]
Session ID: 074477ceb418cec6329dc2476cf329f3
at java.base/jdk.internal.reflect.NativeConstructorAccessorImpl.newInstance0(Native Method)
at java.base/jdk.internal.reflect.NativeConstructorAccessorImpl.newInstance(NativeConstructorAccessorImpl.java:77)
at java.base/jdk.internal.reflect.DelegatingConstructorAccessorImpl.newInstance(DelegatingConstructorAccessorImpl.java:45)
at java.base/java.lang.reflect.Constructor.newInstanceWithCaller(Constructor.java:499)
at java.base/java.lang.reflect.Constructor.newInstance(Constructor.java:480)
at org.openqa.selenium.remote.codec.w3c.W3CHttpResponseCodec.createException(W3CHttpResponseCodec.java:200)
at org.openqa.selenium.remote.codec.w3c.W3CHttpResponseCodec.decode(W3CHttpResponseCodec.java:133)
at org.openqa.selenium.remote.codec.w3c.W3CHttpResponseCodec.decode(W3CHttpResponseCodec.java:53)
at org.openqa.selenium.remote.HttpCommandExecutor.execute(HttpCommandExecutor.java:184)
at org.openqa.selenium.remote.service.DriverCommandExecutor.invokeExecute(DriverCommandExecutor.java:167)
at org.openqa.selenium.remote.service.DriverCommandExecutor.execute(DriverCommandExecutor.java:142)
at org.openqa.selenium.remote.RemoteWebDriver.execute(RemoteWebDriver.java:558)
at org.openqa.selenium.remote.RemoteWebElement.execute(RemoteWebElement.java:251)
at org.openqa.selenium.remote.RemoteWebElement.click(RemoteWebElement.java:77)
at boatLifeStyle.Boat_Shop.boat_MyAccount(Boat_Shop.java:282)
at java.base/jdk.internal.reflect.NativeMethodAccessorImpl.invoke0(Native Method)
at java.base/jdk.internal.reflect.NativeMethodAccessorImpl.invoke(NativeMethodAccessorImpl.java:77)
at java.base/jdk.internal.reflect.DelegatingMethodAccessorImpl.invoke(DelegatingMethodAccessorImpl.java:43)
at java.base/java.lang.reflect.Method.invoke(Method.java:568)
at org.testng.internal.MethodInvocationHelper.invokeMethod(MethodInvocationHelper.java:133)
at org.testng.internal.TestInvoker.invokeMethod(TestInvoker.java:598)
at org.testng.internal.TestInvoker.invokeTestMethod(TestInvoker.java:173)
at org.testng.internal.MethodRunner.runInSequence(MethodRunner.java:46)
at org.testng.internal.TestInvoker$MethodInvocationAgent.invoke(TestInvoker.java:824)
at org.testng.internal.TestInvoker.invokeTestMethods(TestInvoker.java:146)
at org.testng.internal.TestMethodWorker.invokeTestMethods(TestMethodWorker.java:146)
at org.testng.internal.TestMethodWorker.run(TestMethodWorker.java:128)
at java.base/java.util.ArrayList.forEach(ArrayList.java:1511)
at org.testng.TestRunner.privateRun(TestRunner.java:794)
at org.testng.TestRunner.run(TestRunner.java:596)
at org.testng.SuiteRunner.runTest(SuiteRunner.java:377)
at org.testng.SuiteRunner.runSequentially(SuiteRunner.java:371)
at org.testng.SuiteRunner.privateRun(SuiteRunner.java:332)
at org.testng.SuiteRunner.run(SuiteRunner.java:276)
at org.testng.SuiteRunnerWorker.runSuite(SuiteRunnerWorker.java:53)
at org.testng.SuiteRunnerWorker.run(SuiteRunnerWorker.java:96)
at org.testng.TestNG.runSuitesSequentially(TestNG.java:1212)
at org.testng.TestNG.runSuitesLocally(TestNG.java:1134)
at org.testng.TestNG.runSuites(TestNG.java:1063)
at org.testng.TestNG.run(TestNG.java:1031)
at org.testng.remote.AbstractRemoteTestNG.run(AbstractRemoteTestNG.java:115)
at org.testng.remote.RemoteTestNG.initAndRun(RemoteTestNG.java:251)
at org.testng.remote.RemoteTestNG.main(RemoteTestNG.java:77)
]]>
    </error>
  </testcase> <!-- boat_MyAccount -->
  <system-out/>
  <testcase classname="boatLifeStyle.Boat_Shop" name="boat_ServiceCenter" time="0.084">
    <error message="no such element: Unable to locate element: {&quot;method&quot;:&quot;xpath&quot;,&quot;selector&quot;:&quot;//*[@id=&quot;menu-tier-2&quot;]/ul/li[4]/a&quot;}
  (Session info: chrome=100.0.4896.127)
For documentation on this error, please visit: https://selenium.dev/exceptions/#no_such_element
Build info: version: &#039;4.1.2&#039;, revision: &#039;9a5a329c5a&#039;
System info: host: &#039;DESKTOP-M3CURGL&#039;, ip: &#039;192.168.0.11&#039;, os.name: &#039;Windows 10&#039;, os.arch: &#039;amd64&#039;, os.version: &#039;10.0&#039;, java.version: &#039;17.0.1&#039;
Driver info: org.openqa.selenium.chrome.ChromeDriver
Command: [074477ceb418cec6329dc2476cf329f3, findElement {using=xpath, value=//*[@id=&quot;menu-tier-2&quot;]/ul/li[4]/a}]
Capabilities {acceptInsecureCerts: false, browserName: chrome, browserVersion: 100.0.4896.127, chrome: {chromedriverVersion: 99.0.4844.51 (d537ec02474b5..., userDataDir: C:\Users\samee\AppData\Loca...}, goog:chromeOptions: {debuggerAddress: localhost:50756}, javascriptEnabled: true, networkConnectionEnabled: false, pageLoadStrategy: normal, platform: WINDOWS, platformName: WINDOWS, proxy: Proxy(), se:cdp: ws://localhost:50756/devtoo..., se:cdpVersion: 100.0.4896.127, setWindowRect: true, strictFileInteractability: false, timeouts: {implicit: 0, pageLoad: 300000, script: 30000}, unhandledPromptBehavior: dismiss and notify, webauthn:extension:credBlob: true, webauthn:extension:largeBlob: true, webauthn:virtualAuthenticators: true}
Session ID: 074477ceb418cec6329dc2476cf329f3" type="org.openqa.selenium.NoSuchElementException">
      <![CDATA[org.openqa.selenium.NoSuchElementException: no such element: Unable to locate element: {"method":"xpath","selector":"//*[@id="menu-tier-2"]/ul/li[4]/a"}
  (Session info: chrome=100.0.4896.127)
For documentation on this error, please visit: https://selenium.dev/exceptions/#no_such_element
Build info: version: '4.1.2', revision: '9a5a329c5a'
System info: host: 'DESKTOP-M3CURGL', ip: '192.168.0.11', os.name: 'Windows 10', os.arch: 'amd64', os.version: '10.0', java.version: '17.0.1'
Driver info: org.openqa.selenium.chrome.ChromeDriver
Command: [074477ceb418cec6329dc2476cf329f3, findElement {using=xpath, value=//*[@id="menu-tier-2"]/ul/li[4]/a}]
Capabilities {acceptInsecureCerts: false, browserName: chrome, browserVersion: 100.0.4896.127, chrome: {chromedriverVersion: 99.0.4844.51 (d537ec02474b5..., userDataDir: C:\Users\samee\AppData\Loca...}, goog:chromeOptions: {debuggerAddress: localhost:50756}, javascriptEnabled: true, networkConnectionEnabled: false, pageLoadStrategy: normal, platform: WINDOWS, platformName: WINDOWS, proxy: Proxy(), se:cdp: ws://localhost:50756/devtoo..., se:cdpVersion: 100.0.4896.127, setWindowRect: true, strictFileInteractability: false, timeouts: {implicit: 0, pageLoad: 300000, script: 30000}, unhandledPromptBehavior: dismiss and notify, webauthn:extension:credBlob: true, webauthn:extension:largeBlob: true, webauthn:virtualAuthenticators: true}
Session ID: 074477ceb418cec6329dc2476cf329f3
at java.base/jdk.internal.reflect.NativeConstructorAccessorImpl.newInstance0(Native Method)
at java.base/jdk.internal.reflect.NativeConstructorAccessorImpl.newInstance(NativeConstructorAccessorImpl.java:77)
at java.base/jdk.internal.reflect.DelegatingConstructorAccessorImpl.newInstance(DelegatingConstructorAccessorImpl.java:45)
at java.base/java.lang.reflect.Constructor.newInstanceWithCaller(Constructor.java:499)
at java.base/java.lang.reflect.Constructor.newInstance(Constructor.java:480)
at org.openqa.selenium.remote.codec.w3c.W3CHttpResponseCodec.createException(W3CHttpResponseCodec.java:200)
at org.openqa.selenium.remote.codec.w3c.W3CHttpResponseCodec.decode(W3CHttpResponseCodec.java:133)
at org.openqa.selenium.remote.codec.w3c.W3CHttpResponseCodec.decode(W3CHttpResponseCodec.java:53)
at org.openqa.selenium.remote.HttpCommandExecutor.execute(HttpCommandExecutor.java:184)
at org.openqa.selenium.remote.service.DriverCommandExecutor.invokeExecute(DriverCommandExecutor.java:167)
at org.openqa.selenium.remote.service.DriverCommandExecutor.execute(DriverCommandExecutor.java:142)
at org.openqa.selenium.remote.RemoteWebDriver.execute(RemoteWebDriver.java:558)
at org.openqa.selenium.remote.ElementLocation$ElementFinder$2.findElement(ElementLocation.java:162)
at org.openqa.selenium.remote.ElementLocation.findElement(ElementLocation.java:60)
at org.openqa.selenium.remote.RemoteWebDriver.findElement(RemoteWebDriver.java:382)
at org.openqa.selenium.remote.RemoteWebDriver.findElement(RemoteWebDriver.java:374)
at boatLifeStyle.Boat_Shop.boat_ServiceCenter(Boat_Shop.java:294)
at java.base/jdk.internal.reflect.NativeMethodAccessorImpl.invoke0(Native Method)
at java.base/jdk.internal.reflect.NativeMethodAccessorImpl.invoke(NativeMethodAccessorImpl.java:77)
at java.base/jdk.internal.reflect.DelegatingMethodAccessorImpl.invoke(DelegatingMethodAccessorImpl.java:43)
at java.base/java.lang.reflect.Method.invoke(Method.java:568)
at org.testng.internal.MethodInvocationHelper.invokeMethod(MethodInvocationHelper.java:133)
at org.testng.internal.TestInvoker.invokeMethod(TestInvoker.java:598)
at org.testng.internal.TestInvoker.invokeTestMethod(TestInvoker.java:173)
at org.testng.internal.MethodRunner.runInSequence(MethodRunner.java:46)
at org.testng.internal.TestInvoker$MethodInvocationAgent.invoke(TestInvoker.java:824)
at org.testng.internal.TestInvoker.invokeTestMethods(TestInvoker.java:146)
at org.testng.internal.TestMethodWorker.invokeTestMethods(TestMethodWorker.java:146)
at org.testng.internal.TestMethodWorker.run(TestMethodWorker.java:128)
at java.base/java.util.ArrayList.forEach(ArrayList.java:1511)
at org.testng.TestRunner.privateRun(TestRunner.java:794)
at org.testng.TestRunner.run(TestRunner.java:596)
at org.testng.SuiteRunner.runTest(SuiteRunner.java:377)
at org.testng.SuiteRunner.runSequentially(SuiteRunner.java:371)
at org.testng.SuiteRunner.privateRun(SuiteRunner.java:332)
at org.testng.SuiteRunner.run(SuiteRunner.java:276)
at org.testng.SuiteRunnerWorker.runSuite(SuiteRunnerWorker.java:53)
at org.testng.SuiteRunnerWorker.run(SuiteRunnerWorker.java:96)
at org.testng.TestNG.runSuitesSequentially(TestNG.java:1212)
at org.testng.TestNG.runSuitesLocally(TestNG.java:1134)
at org.testng.TestNG.runSuites(TestNG.java:1063)
at org.testng.TestNG.run(TestNG.java:1031)
at org.testng.remote.AbstractRemoteTestNG.run(AbstractRemoteTestNG.java:115)
at org.testng.remote.RemoteTestNG.initAndRun(RemoteTestNG.java:251)
at org.testng.remote.RemoteTestNG.main(RemoteTestNG.java:77)
]]>
    </error>
  </testcase> <!-- boat_ServiceCenter -->
  <system-out/>
  <testcase classname="boatLifeStyle.Boat_Shop" name="boat_Waranty" time="3.185">
    <error message="element click intercepted: Element &lt;a href=&quot;http://support.boat-lifestyle.com/&quot; class=&quot;&quot;&gt;...&lt;/a&gt; is not clickable at point (815, 173). Other element would receive the click: &lt;iframe id=&quot;BIS_frame&quot; frameborder=&quot;0&quot; src=&quot;about:blank&quot; allowtransparency=&quot;true&quot; style=&quot;display: block;&quot;&gt;&lt;/iframe&gt;
  (Session info: chrome=100.0.4896.127)
Build info: version: &#039;4.1.2&#039;, revision: &#039;9a5a329c5a&#039;
System info: host: &#039;DESKTOP-M3CURGL&#039;, ip: &#039;192.168.0.11&#039;, os.name: &#039;Windows 10&#039;, os.arch: &#039;amd64&#039;, os.version: &#039;10.0&#039;, java.version: &#039;17.0.1&#039;
Driver info: org.openqa.selenium.chrome.ChromeDriver
Command: [074477ceb418cec6329dc2476cf329f3, clickElement {id=d5691d7a-2da6-43c4-9548-eac3762f23cf}]
Capabilities {acceptInsecureCerts: false, browserName: chrome, browserVersion: 100.0.4896.127, chrome: {chromedriverVersion: 99.0.4844.51 (d537ec02474b5..., userDataDir: C:\Users\samee\AppData\Loca...}, goog:chromeOptions: {debuggerAddress: localhost:50756}, javascriptEnabled: true, networkConnectionEnabled: false, pageLoadStrategy: normal, platform: WINDOWS, platformName: WINDOWS, proxy: Proxy(), se:cdp: ws://localhost:50756/devtoo..., se:cdpVersion: 100.0.4896.127, setWindowRect: true, strictFileInteractability: false, timeouts: {implicit: 0, pageLoad: 300000, script: 30000}, unhandledPromptBehavior: dismiss and notify, webauthn:extension:credBlob: true, webauthn:extension:largeBlob: true, webauthn:virtualAuthenticators: true}
Element: [[ChromeDriver: chrome on WINDOWS (074477ceb418cec6329dc2476cf329f3)] -&gt; xpath: //*[@id=&quot;shopify-section-footer&quot;]/div[1]/div[2]/div[1]/div[2]/div[2]/div/div/ul/li/ul/li[2]/a]
Session ID: 074477ceb418cec6329dc2476cf329f3" type="org.openqa.selenium.ElementClickInterceptedException">
      <![CDATA[org.openqa.selenium.ElementClickInterceptedException: element click intercepted: Element <a href="http://support.boat-lifestyle.com/" class="">...</a> is not clickable at point (815, 173). Other element would receive the click: <iframe id="BIS_frame" frameborder="0" src="about:blank" allowtransparency="true" style="display: block;"></iframe>
  (Session info: chrome=100.0.4896.127)
Build info: version: '4.1.2', revision: '9a5a329c5a'
System info: host: 'DESKTOP-M3CURGL', ip: '192.168.0.11', os.name: 'Windows 10', os.arch: 'amd64', os.version: '10.0', java.version: '17.0.1'
Driver info: org.openqa.selenium.chrome.ChromeDriver
Command: [074477ceb418cec6329dc2476cf329f3, clickElement {id=d5691d7a-2da6-43c4-9548-eac3762f23cf}]
Capabilities {acceptInsecureCerts: false, browserName: chrome, browserVersion: 100.0.4896.127, chrome: {chromedriverVersion: 99.0.4844.51 (d537ec02474b5..., userDataDir: C:\Users\samee\AppData\Loca...}, goog:chromeOptions: {debuggerAddress: localhost:50756}, javascriptEnabled: true, networkConnectionEnabled: false, pageLoadStrategy: normal, platform: WINDOWS, platformName: WINDOWS, proxy: Proxy(), se:cdp: ws://localhost:50756/devtoo..., se:cdpVersion: 100.0.4896.127, setWindowRect: true, strictFileInteractability: false, timeouts: {implicit: 0, pageLoad: 300000, script: 30000}, unhandledPromptBehavior: dismiss and notify, webauthn:extension:credBlob: true, webauthn:extension:largeBlob: true, webauthn:virtualAuthenticators: true}
Element: [[ChromeDriver: chrome on WINDOWS (074477ceb418cec6329dc2476cf329f3)] -> xpath: //*[@id="shopify-section-footer"]/div[1]/div[2]/div[1]/div[2]/div[2]/div/div/ul/li/ul/li[2]/a]
Session ID: 074477ceb418cec6329dc2476cf329f3
at java.base/jdk.internal.reflect.NativeConstructorAccessorImpl.newInstance0(Native Method)
at java.base/jdk.internal.reflect.NativeConstructorAccessorImpl.newInstance(NativeConstructorAccessorImpl.java:77)
at java.base/jdk.internal.reflect.DelegatingConstructorAccessorImpl.newInstance(DelegatingConstructorAccessorImpl.java:45)
at java.base/java.lang.reflect.Constructor.newInstanceWithCaller(Constructor.java:499)
at java.base/java.lang.reflect.Constructor.newInstance(Constructor.java:480)
at org.openqa.selenium.remote.codec.w3c.W3CHttpResponseCodec.createException(W3CHttpResponseCodec.java:200)
at org.openqa.selenium.remote.codec.w3c.W3CHttpResponseCodec.decode(W3CHttpResponseCodec.java:133)
at org.openqa.selenium.remote.codec.w3c.W3CHttpResponseCodec.decode(W3CHttpResponseCodec.java:53)
at org.openqa.selenium.remote.HttpCommandExecutor.execute(HttpCommandExecutor.java:184)
at org.openqa.selenium.remote.service.DriverCommandExecutor.invokeExecute(DriverCommandExecutor.java:167)
at org.openqa.selenium.remote.service.DriverCommandExecutor.execute(DriverCommandExecutor.java:142)
at org.openqa.selenium.remote.RemoteWebDriver.execute(RemoteWebDriver.java:558)
at org.openqa.selenium.remote.RemoteWebElement.execute(RemoteWebElement.java:251)
at org.openqa.selenium.remote.RemoteWebElement.click(RemoteWebElement.java:77)
at boatLifeStyle.Boat_Shop.boat_Waranty(Boat_Shop.java:312)
at java.base/jdk.internal.reflect.NativeMethodAccessorImpl.invoke0(Native Method)
at java.base/jdk.internal.reflect.NativeMethodAccessorImpl.invoke(NativeMethodAccessorImpl.java:77)
at java.base/jdk.internal.reflect.DelegatingMethodAccessorImpl.invoke(DelegatingMethodAccessorImpl.java:43)
at java.base/java.lang.reflect.Method.invoke(Method.java:568)
at org.testng.internal.MethodInvocationHelper.invokeMethod(MethodInvocationHelper.java:133)
at org.testng.internal.TestInvoker.invokeMethod(TestInvoker.java:598)
at org.testng.internal.TestInvoker.invokeTestMethod(TestInvoker.java:173)
at org.testng.internal.MethodRunner.runInSequence(MethodRunner.java:46)
at org.testng.internal.TestInvoker$MethodInvocationAgent.invoke(TestInvoker.java:824)
at org.testng.internal.TestInvoker.invokeTestMethods(TestInvoker.java:146)
at org.testng.internal.TestMethodWorker.invokeTestMethods(TestMethodWorker.java:146)
at org.testng.internal.TestMethodWorker.run(TestMethodWorker.java:128)
at java.base/java.util.ArrayList.forEach(ArrayList.java:1511)
at org.testng.TestRunner.privateRun(TestRunner.java:794)
at org.testng.TestRunner.run(TestRunner.java:596)
at org.testng.SuiteRunner.runTest(SuiteRunner.java:377)
at org.testng.SuiteRunner.runSequentially(SuiteRunner.java:371)
at org.testng.SuiteRunner.privateRun(SuiteRunner.java:332)
at org.testng.SuiteRunner.run(SuiteRunner.java:276)
at org.testng.SuiteRunnerWorker.runSuite(SuiteRunnerWorker.java:53)
at org.testng.SuiteRunnerWorker.run(SuiteRunnerWorker.java:96)
at org.testng.TestNG.runSuitesSequentially(TestNG.java:1212)
at org.testng.TestNG.runSuitesLocally(TestNG.java:1134)
at org.testng.TestNG.runSuites(TestNG.java:1063)
at org.testng.TestNG.run(TestNG.java:1031)
at org.testng.remote.AbstractRemoteTestNG.run(AbstractRemoteTestNG.java:115)
at org.testng.remote.RemoteTestNG.initAndRun(RemoteTestNG.java:251)
at org.testng.remote.RemoteTestNG.main(RemoteTestNG.java:77)
]]>
    </error>
  </testcase> <!-- boat_Waranty -->
  <system-out/>
  <testcase classname="boatLifeStyle.Boat_Shop" name="boat_ReturnPolicy" time="0.047">
    <error message="no such element: Unable to locate element: {&quot;method&quot;:&quot;xpath&quot;,&quot;selector&quot;:&quot;//*[@id=&quot;menu-tier-2&quot;]/ul/li[3]&quot;}
  (Session info: chrome=100.0.4896.127)
For documentation on this error, please visit: https://selenium.dev/exceptions/#no_such_element
Build info: version: &#039;4.1.2&#039;, revision: &#039;9a5a329c5a&#039;
System info: host: &#039;DESKTOP-M3CURGL&#039;, ip: &#039;192.168.0.11&#039;, os.name: &#039;Windows 10&#039;, os.arch: &#039;amd64&#039;, os.version: &#039;10.0&#039;, java.version: &#039;17.0.1&#039;
Driver info: org.openqa.selenium.chrome.ChromeDriver
Command: [074477ceb418cec6329dc2476cf329f3, findElement {using=xpath, value=//*[@id=&quot;menu-tier-2&quot;]/ul/li[3]}]
Capabilities {acceptInsecureCerts: false, browserName: chrome, browserVersion: 100.0.4896.127, chrome: {chromedriverVersion: 99.0.4844.51 (d537ec02474b5..., userDataDir: C:\Users\samee\AppData\Loca...}, goog:chromeOptions: {debuggerAddress: localhost:50756}, javascriptEnabled: true, networkConnectionEnabled: false, pageLoadStrategy: normal, platform: WINDOWS, platformName: WINDOWS, proxy: Proxy(), se:cdp: ws://localhost:50756/devtoo..., se:cdpVersion: 100.0.4896.127, setWindowRect: true, strictFileInteractability: false, timeouts: {implicit: 0, pageLoad: 300000, script: 30000}, unhandledPromptBehavior: dismiss and notify, webauthn:extension:credBlob: true, webauthn:extension:largeBlob: true, webauthn:virtualAuthenticators: true}
Session ID: 074477ceb418cec6329dc2476cf329f3" type="org.openqa.selenium.NoSuchElementException">
      <![CDATA[org.openqa.selenium.NoSuchElementException: no such element: Unable to locate element: {"method":"xpath","selector":"//*[@id="menu-tier-2"]/ul/li[3]"}
  (Session info: chrome=100.0.4896.127)
For documentation on this error, please visit: https://selenium.dev/exceptions/#no_such_element
Build info: version: '4.1.2', revision: '9a5a329c5a'
System info: host: 'DESKTOP-M3CURGL', ip: '192.168.0.11', os.name: 'Windows 10', os.arch: 'amd64', os.version: '10.0', java.version: '17.0.1'
Driver info: org.openqa.selenium.chrome.ChromeDriver
Command: [074477ceb418cec6329dc2476cf329f3, findElement {using=xpath, value=//*[@id="menu-tier-2"]/ul/li[3]}]
Capabilities {acceptInsecureCerts: false, browserName: chrome, browserVersion: 100.0.4896.127, chrome: {chromedriverVersion: 99.0.4844.51 (d537ec02474b5..., userDataDir: C:\Users\samee\AppData\Loca...}, goog:chromeOptions: {debuggerAddress: localhost:50756}, javascriptEnabled: true, networkConnectionEnabled: false, pageLoadStrategy: normal, platform: WINDOWS, platformName: WINDOWS, proxy: Proxy(), se:cdp: ws://localhost:50756/devtoo..., se:cdpVersion: 100.0.4896.127, setWindowRect: true, strictFileInteractability: false, timeouts: {implicit: 0, pageLoad: 300000, script: 30000}, unhandledPromptBehavior: dismiss and notify, webauthn:extension:credBlob: true, webauthn:extension:largeBlob: true, webauthn:virtualAuthenticators: true}
Session ID: 074477ceb418cec6329dc2476cf329f3
at java.base/jdk.internal.reflect.NativeConstructorAccessorImpl.newInstance0(Native Method)
at java.base/jdk.internal.reflect.NativeConstructorAccessorImpl.newInstance(NativeConstructorAccessorImpl.java:77)
at java.base/jdk.internal.reflect.DelegatingConstructorAccessorImpl.newInstance(DelegatingConstructorAccessorImpl.java:45)
at java.base/java.lang.reflect.Constructor.newInstanceWithCaller(Constructor.java:499)
at java.base/java.lang.reflect.Constructor.newInstance(Constructor.java:480)
at org.openqa.selenium.remote.codec.w3c.W3CHttpResponseCodec.createException(W3CHttpResponseCodec.java:200)
at org.openqa.selenium.remote.codec.w3c.W3CHttpResponseCodec.decode(W3CHttpResponseCodec.java:133)
at org.openqa.selenium.remote.codec.w3c.W3CHttpResponseCodec.decode(W3CHttpResponseCodec.java:53)
at org.openqa.selenium.remote.HttpCommandExecutor.execute(HttpCommandExecutor.java:184)
at org.openqa.selenium.remote.service.DriverCommandExecutor.invokeExecute(DriverCommandExecutor.java:167)
at org.openqa.selenium.remote.service.DriverCommandExecutor.execute(DriverCommandExecutor.java:142)
at org.openqa.selenium.remote.RemoteWebDriver.execute(RemoteWebDriver.java:558)
at org.openqa.selenium.remote.ElementLocation$ElementFinder$2.findElement(ElementLocation.java:162)
at org.openqa.selenium.remote.ElementLocation.findElement(ElementLocation.java:60)
at org.openqa.selenium.remote.RemoteWebDriver.findElement(RemoteWebDriver.java:382)
at org.openqa.selenium.remote.RemoteWebDriver.findElement(RemoteWebDriver.java:374)
at boatLifeStyle.Boat_Shop.boat_ReturnPolicy(Boat_Shop.java:319)
at java.base/jdk.internal.reflect.NativeMethodAccessorImpl.invoke0(Native Method)
at java.base/jdk.internal.reflect.NativeMethodAccessorImpl.invoke(NativeMethodAccessorImpl.java:77)
at java.base/jdk.internal.reflect.DelegatingMethodAccessorImpl.invoke(DelegatingMethodAccessorImpl.java:43)
at java.base/java.lang.reflect.Method.invoke(Method.java:568)
at org.testng.internal.MethodInvocationHelper.invokeMethod(MethodInvocationHelper.java:133)
at org.testng.internal.TestInvoker.invokeMethod(TestInvoker.java:598)
at org.testng.internal.TestInvoker.invokeTestMethod(TestInvoker.java:173)
at org.testng.internal.MethodRunner.runInSequence(MethodRunner.java:46)
at org.testng.internal.TestInvoker$MethodInvocationAgent.invoke(TestInvoker.java:824)
at org.testng.internal.TestInvoker.invokeTestMethods(TestInvoker.java:146)
at org.testng.internal.TestMethodWorker.invokeTestMethods(TestMethodWorker.java:146)
at org.testng.internal.TestMethodWorker.run(TestMethodWorker.java:128)
at java.base/java.util.ArrayList.forEach(ArrayList.java:1511)
at org.testng.TestRunner.privateRun(TestRunner.java:794)
at org.testng.TestRunner.run(TestRunner.java:596)
at org.testng.SuiteRunner.runTest(SuiteRunner.java:377)
at org.testng.SuiteRunner.runSequentially(SuiteRunner.java:371)
at org.testng.SuiteRunner.privateRun(SuiteRunner.java:332)
at org.testng.SuiteRunner.run(SuiteRunner.java:276)
at org.testng.SuiteRunnerWorker.runSuite(SuiteRunnerWorker.java:53)
at org.testng.SuiteRunnerWorker.run(SuiteRunnerWorker.java:96)
at org.testng.TestNG.runSuitesSequentially(TestNG.java:1212)
at org.testng.TestNG.runSuitesLocally(TestNG.java:1134)
at org.testng.TestNG.runSuites(TestNG.java:1063)
at org.testng.TestNG.run(TestNG.java:1031)
at org.testng.remote.AbstractRemoteTestNG.run(AbstractRemoteTestNG.java:115)
at org.testng.remote.RemoteTestNG.initAndRun(RemoteTestNG.java:251)
at org.testng.remote.RemoteTestNG.main(RemoteTestNG.java:77)
]]>
    </error>
  </testcase> <!-- boat_ReturnPolicy -->
  <system-out/>
  <testcase classname="boatLifeStyle.Boat_Shop" name="boat_Logout" time="1.224">
    <error message="element click intercepted: Element &lt;img class=&quot; ls-is-cached lazyloaded&quot; data-src=&quot;https://cdn.shopify.com/s/files/1/0057/8938/4802/files/user_1.png?v=1606314823&quot; alt=&quot;user&quot; src=&quot;https://cdn.shopify.com/s/files/1/0057/8938/4802/files/user_1.png?v=1606314823&quot;&gt; is not clickable at point (1257, 10). Other element would receive the click: &lt;iframe id=&quot;BIS_frame&quot; frameborder=&quot;0&quot; src=&quot;about:blank&quot; allowtransparency=&quot;true&quot; style=&quot;display: block;&quot;&gt;&lt;/iframe&gt;
  (Session info: chrome=100.0.4896.127)
Build info: version: &#039;4.1.2&#039;, revision: &#039;9a5a329c5a&#039;
System info: host: &#039;DESKTOP-M3CURGL&#039;, ip: &#039;192.168.0.11&#039;, os.name: &#039;Windows 10&#039;, os.arch: &#039;amd64&#039;, os.version: &#039;10.0&#039;, java.version: &#039;17.0.1&#039;
Driver info: org.openqa.selenium.chrome.ChromeDriver
Command: [074477ceb418cec6329dc2476cf329f3, clickElement {id=8cefee9f-a8ee-4391-afed-044bce664971}]
Capabilities {acceptInsecureCerts: false, browserName: chrome, browserVersion: 100.0.4896.127, chrome: {chromedriverVersion: 99.0.4844.51 (d537ec02474b5..., userDataDir: C:\Users\samee\AppData\Loca...}, goog:chromeOptions: {debuggerAddress: localhost:50756}, javascriptEnabled: true, networkConnectionEnabled: false, pageLoadStrategy: normal, platform: WINDOWS, platformName: WINDOWS, proxy: Proxy(), se:cdp: ws://localhost:50756/devtoo..., se:cdpVersion: 100.0.4896.127, setWindowRect: true, strictFileInteractability: false, timeouts: {implicit: 0, pageLoad: 300000, script: 30000}, unhandledPromptBehavior: dismiss and notify, webauthn:extension:credBlob: true, webauthn:extension:largeBlob: true, webauthn:virtualAuthenticators: true}
Element: [[ChromeDriver: chrome on WINDOWS (074477ceb418cec6329dc2476cf329f3)] -&gt; xpath: //*[@id=&quot;pageheader&quot;]/div[2]/div[5]/div/div[2]/span[1]/img]
Session ID: 074477ceb418cec6329dc2476cf329f3" type="org.openqa.selenium.ElementClickInterceptedException">
      <![CDATA[org.openqa.selenium.ElementClickInterceptedException: element click intercepted: Element <img class=" ls-is-cached lazyloaded" data-src="https://cdn.shopify.com/s/files/1/0057/8938/4802/files/user_1.png?v=1606314823" alt="user" src="https://cdn.shopify.com/s/files/1/0057/8938/4802/files/user_1.png?v=1606314823"> is not clickable at point (1257, 10). Other element would receive the click: <iframe id="BIS_frame" frameborder="0" src="about:blank" allowtransparency="true" style="display: block;"></iframe>
  (Session info: chrome=100.0.4896.127)
Build info: version: '4.1.2', revision: '9a5a329c5a'
System info: host: 'DESKTOP-M3CURGL', ip: '192.168.0.11', os.name: 'Windows 10', os.arch: 'amd64', os.version: '10.0', java.version: '17.0.1'
Driver info: org.openqa.selenium.chrome.ChromeDriver
Command: [074477ceb418cec6329dc2476cf329f3, clickElement {id=8cefee9f-a8ee-4391-afed-044bce664971}]
Capabilities {acceptInsecureCerts: false, browserName: chrome, browserVersion: 100.0.4896.127, chrome: {chromedriverVersion: 99.0.4844.51 (d537ec02474b5..., userDataDir: C:\Users\samee\AppData\Loca...}, goog:chromeOptions: {debuggerAddress: localhost:50756}, javascriptEnabled: true, networkConnectionEnabled: false, pageLoadStrategy: normal, platform: WINDOWS, platformName: WINDOWS, proxy: Proxy(), se:cdp: ws://localhost:50756/devtoo..., se:cdpVersion: 100.0.4896.127, setWindowRect: true, strictFileInteractability: false, timeouts: {implicit: 0, pageLoad: 300000, script: 30000}, unhandledPromptBehavior: dismiss and notify, webauthn:extension:credBlob: true, webauthn:extension:largeBlob: true, webauthn:virtualAuthenticators: true}
Element: [[ChromeDriver: chrome on WINDOWS (074477ceb418cec6329dc2476cf329f3)] -> xpath: //*[@id="pageheader"]/div[2]/div[5]/div/div[2]/span[1]/img]
Session ID: 074477ceb418cec6329dc2476cf329f3
at java.base/jdk.internal.reflect.NativeConstructorAccessorImpl.newInstance0(Native Method)
at java.base/jdk.internal.reflect.NativeConstructorAccessorImpl.newInstance(NativeConstructorAccessorImpl.java:77)
at java.base/jdk.internal.reflect.DelegatingConstructorAccessorImpl.newInstance(DelegatingConstructorAccessorImpl.java:45)
at java.base/java.lang.reflect.Constructor.newInstanceWithCaller(Constructor.java:499)
at java.base/java.lang.reflect.Constructor.newInstance(Constructor.java:480)
at org.openqa.selenium.remote.codec.w3c.W3CHttpResponseCodec.createException(W3CHttpResponseCodec.java:200)
at org.openqa.selenium.remote.codec.w3c.W3CHttpResponseCodec.decode(W3CHttpResponseCodec.java:133)
at org.openqa.selenium.remote.codec.w3c.W3CHttpResponseCodec.decode(W3CHttpResponseCodec.java:53)
at org.openqa.selenium.remote.HttpCommandExecutor.execute(HttpCommandExecutor.java:184)
at org.openqa.selenium.remote.service.DriverCommandExecutor.invokeExecute(DriverCommandExecutor.java:167)
at org.openqa.selenium.remote.service.DriverCommandExecutor.execute(DriverCommandExecutor.java:142)
at org.openqa.selenium.remote.RemoteWebDriver.execute(RemoteWebDriver.java:558)
at org.openqa.selenium.remote.RemoteWebElement.execute(RemoteWebElement.java:251)
at org.openqa.selenium.remote.RemoteWebElement.click(RemoteWebElement.java:77)
at boatLifeStyle.Boat_Shop.boat_Logout(Boat_Shop.java:328)
at java.base/jdk.internal.reflect.NativeMethodAccessorImpl.invoke0(Native Method)
at java.base/jdk.internal.reflect.NativeMethodAccessorImpl.invoke(NativeMethodAccessorImpl.java:77)
at java.base/jdk.internal.reflect.DelegatingMethodAccessorImpl.invoke(DelegatingMethodAccessorImpl.java:43)
at java.base/java.lang.reflect.Method.invoke(Method.java:568)
at org.testng.internal.MethodInvocationHelper.invokeMethod(MethodInvocationHelper.java:133)
at org.testng.internal.TestInvoker.invokeMethod(TestInvoker.java:598)
at org.testng.internal.TestInvoker.invokeTestMethod(TestInvoker.java:173)
at org.testng.internal.MethodRunner.runInSequence(MethodRunner.java:46)
at org.testng.internal.TestInvoker$MethodInvocationAgent.invoke(TestInvoker.java:824)
at org.testng.internal.TestInvoker.invokeTestMethods(TestInvoker.java:146)
at org.testng.internal.TestMethodWorker.invokeTestMethods(TestMethodWorker.java:146)
at org.testng.internal.TestMethodWorker.run(TestMethodWorker.java:128)
at java.base/java.util.ArrayList.forEach(ArrayList.java:1511)
at org.testng.TestRunner.privateRun(TestRunner.java:794)
at org.testng.TestRunner.run(TestRunner.java:596)
at org.testng.SuiteRunner.runTest(SuiteRunner.java:377)
at org.testng.SuiteRunner.runSequentially(SuiteRunner.java:371)
at org.testng.SuiteRunner.privateRun(SuiteRunner.java:332)
at org.testng.SuiteRunner.run(SuiteRunner.java:276)
at org.testng.SuiteRunnerWorker.runSuite(SuiteRunnerWorker.java:53)
at org.testng.SuiteRunnerWorker.run(SuiteRunnerWorker.java:96)
at org.testng.TestNG.runSuitesSequentially(TestNG.java:1212)
at org.testng.TestNG.runSuitesLocally(TestNG.java:1134)
at org.testng.TestNG.runSuites(TestNG.java:1063)
at org.testng.TestNG.run(TestNG.java:1031)
at org.testng.remote.AbstractRemoteTestNG.run(AbstractRemoteTestNG.java:115)
at org.testng.remote.RemoteTestNG.initAndRun(RemoteTestNG.java:251)
at org.testng.remote.RemoteTestNG.main(RemoteTestNG.java:77)
]]>
    </error>
  </testcase> <!-- boat_Logout -->
  <system-out/>
</testsuite> <!-- boatLifeStyle.Boat_Shop -->
