<!DOCTYPE html PUBLIC "-//W3C//DTD XHTML 1.1//EN" "https://www.w3.org/TR/xhtml11/DTD/xhtml11.dtd">
<html xmlns="https://www.w3.org/1999/xhtml">
<head>
<meta http-equiv="content-type" content="text/html; charset=UTF-8"/>
<title>TestNG Report</title>
<style type="text/css">table {margin-bottom:10px;border-collapse:collapse;empty-cells:show}th,td {border:1px solid #009;padding:.25em .5em}th {vertical-align:bottom}td {vertical-align:top}table a {font-weight:bold}.stripe td {background-color: #E6EBF9}.num {text-align:right}.passedodd td {background-color: #3F3}.passedeven td {background-color: #0A0}.skippedodd td {background-color: #DDD}.skippedeven td {background-color: #CCC}.failedodd td,.attn {background-color: #F33}.failedeven td,.stripe .attn {background-color: #D00}.stacktrace {white-space:pre;font-family:monospace}.totop {font-size:85%;text-align:center;border-bottom:2px solid #000}.invisible {display:none}</style>
</head>
<body>
<table>
<tr><th>Test</th><th># Passed</th><th># Skipped</th><th># Retried</th><th># Failed</th><th>Time (ms)</th><th>Included Groups</th><th>Excluded Groups</th></tr>
<tr><th colspan="8">Default suite</th></tr>
<tr><td><a href="#t0">Default test</a></td><td class="num">5</td><td class="num">0</td><td class="num">0</td><td class="num attn">12</td><td class="num">172,341</td><td></td><td></td></tr>
</table>
<table id='summary'><thead><tr><th>Class</th><th>Method</th><th>Start</th><th>Time (ms)</th></tr></thead><tbody><tr><th colspan="4">Default suite</th></tr></tbody><tbody id="t0"><tr><th colspan="4">Default test &#8212; failed</th></tr><tr class="failedeven"><td rowspan="12">boatLifeStyle.Boat_Shop</td><td><a href="#m0">boat_Earn100</a></td><td rowspan="1">1650600496237</td><td rowspan="1">1201</td></tr><tr class="failedeven"><td><a href="#m1">boat_Gifting</a></td><td rowspan="1">1650600491164</td><td rowspan="1">1533</td></tr><tr class="failedeven"><td><a href="#m2">boat_Logout</a></td><td rowspan="1">1650600552644</td><td rowspan="1">1224</td></tr><tr class="failedeven"><td><a href="#m3">boat_ManageYourOrder</a></td><td rowspan="1">1650600546977</td><td rowspan="1">1155</td></tr><tr class="failedeven"><td><a href="#m4">boat_MeettheBoatHeads</a></td><td rowspan="1">1650600495132</td><td rowspan="1">1100</td></tr><tr class="failedeven"><td><a href="#m5">boat_MyAccount</a></td><td rowspan="1">1650600548139</td><td rowspan="1">1172</td></tr><tr class="failedeven"><td><a href="#m6">boat_OfferZone</a></td><td rowspan="1">1650600492708</td><td rowspan="1">1133</td></tr><tr class="failedeven"><td><a href="#m7">boat_ReturnPolicy</a></td><td rowspan="1">1650600552591</td><td rowspan="1">47</td></tr><tr class="failedeven"><td><a href="#m8">boat_Sailwithboat</a></td><td rowspan="1">1650600485329</td><td rowspan="1">5777</td></tr><tr class="failedeven"><td><a href="#m9">boat_ServiceCenter</a></td><td rowspan="1">1650600549315</td><td rowspan="1">84</td></tr><tr class="failedeven"><td><a href="#m10">boat_Waranty</a></td><td rowspan="1">1650600549402</td><td rowspan="1">3185</td></tr><tr class="failedeven"><td><a href="#m11">boat_WhatfloatsYourBoat</a></td><td rowspan="1">1650600493859</td><td rowspan="1">1268</td></tr><tr><th colspan="4">Default test &#8212; passed</th></tr><tr class="passedeven"><td rowspan="5">boatLifeStyle.Boat_Shop</td><td><a href="#m12">boat_GiftCard</a></td><td rowspan="1">1650600531748</td><td rowspan="1">15226</td></tr><tr class="passedeven"><td><a href="#m13">boat_Login</a></td><td rowspan="1">1650600398880</td><td rowspan="1">26975</td></tr><tr class="passedeven"><td><a href="#m14">boat_Searchbox</a></td><td rowspan="1">1650600497488</td><td rowspan="1">34249</td></tr><tr class="passedeven"><td><a href="#m15">boat_Shop</a></td><td rowspan="1">1650600461209</td><td rowspan="1">24076</td></tr><tr class="passedeven"><td><a href="#m16">boat_smokeTesting</a></td><td rowspan="1">1650600425916</td><td rowspan="1">35287</td></tr></tbody>
</table>
<h2>Default test</h2><h3 id="m0">boatLifeStyle.Boat_Shop#boat_Earn100</h3><table class="result"><tr><th>Exception</th></tr><tr><td><div class="stacktrace">org.openqa.selenium.ElementClickInterceptedException: element click intercepted: Element &lt;a href=&quot;javascript:void(0)&quot; class=&quot;has-children&quot; aria-haspopup=&quot;true&quot;&gt;...&lt;/a&gt; is not clickable at point (711, 10). Other element would receive the click: &lt;nmg-templates template=&quot;fun-4-template&quot; props-as-string=&quot;{&amp;quot;logoImage&amp;quot;:{&amp;quot;src&amp;quot;:&amp;quot;https://templates.nmgplatform.com/ibpuserimages/BOGWEO780/boat-lifestyle.com/109380d2-0fb6-4ec4-a129-ba75e2e14fda_mobile.jpeg&amp;quot;,&amp;quot;width&amp;quot;:100,&amp;quot;height&amp;quot;:75},&amp;quot;couponCodeLabel&amp;quot;:{&amp;quot;color&amp;quot;:&amp;quot;#000000&amp;quot;,&amp;quot;value&amp;quot;:&amp;quot;NMG-U8N6-GVHD-58GY&amp;quot;},&amp;quot;couponCodeLabelSizing&amp;quot;:{&amp;quot;size&amp;quot;:[8,12],&amp;quot;sizeMobile&amp;quot;:[6,8]},&amp;quot;position&amp;quot;:&amp;quot;center_center&amp;quot;,&amp;quot;headingALabel&amp;quot;:{&amp;quot;value&amp;quot;:[&amp;quot;&lt;span style=\&amp;quot;font-weight: bold; color: rgb(223, 15, 15);\&amp;quot;&gt;SPECIAL&lt;/span&gt;&amp;quot;,&amp;quot;&lt;span style=\&amp;quot;font-weight: bold; color: rgb(224, 13, 13);\&amp;quot;&gt;OFF&lt;/span&gt;&amp;quot;],&amp;quot;color&amp;quot;:&amp;quot;rgb(223, 15, 15)&amp;quot;},&amp;quot;headingALabelSizing&amp;quot;:{&amp;quot;size&amp;quot;:[16,42],&amp;quot;sizeMobile&amp;quot;:[12,32]},&amp;quot;headingBLabel&amp;quot;:{&amp;quot;value&amp;quot;:&amp;quot;&lt;span style=\&amp;quot;color: rgb(255, 255, 255); font-weight: bold;\&amp;quot;&gt;ONLY FOR YOU!&lt;/span&gt;&amp;quot;,&amp;quot;color&amp;quot;:&amp;quot;#FFFFFF&amp;quot;},&amp;quot;headingBLabelSizing&amp;quot;:{&amp;quot;size&amp;quot;:[12,16],&amp;quot;sizeMobile&amp;quot;:[8,16]},&amp;quot;timeHeadlineLabel&amp;quot;:{&amp;quot;value&amp;quot;:&amp;quot;&lt;span style=\&amp;quot;color: rgb(254, 251, 251); font-weight: bold;\&amp;quot;&gt;Offer expires:&lt;/span&gt;&amp;quot;,&amp;quot;color&amp;quot;:&amp;quot;#FEFBFB&amp;quot;},&amp;quot;timeHeadlineLabelSizing&amp;quot;:{&amp;quot;size&amp;quot;:[10,14],&amp;quot;sizeMobile&amp;quot;:[8,10]},&amp;quot;timePhraseLabel&amp;quot;:{&amp;quot;value&amp;quot;:&amp;quot;By the end of the day&amp;quot;,&amp;quot;color&amp;quot;:&amp;quot;#FFFFFF&amp;quot;},&amp;quot;timePhraseLabelSizing&amp;quot;:{&amp;quot;size&amp;quot;:[10,14],&amp;quot;sizeMobile&amp;quot;:[8,10]},&amp;quot;ctaLabel&amp;quot;:{&amp;quot;value&amp;quot;:&amp;quot;&lt;span style=\&amp;quot;font-weight: bold; color: rgb(0, 0, 0);\&amp;quot;&gt;Copy Coupon Code&lt;/span&gt;&amp;quot;,&amp;quot;color&amp;quot;:&amp;quot;#000000&amp;quot;},&amp;quot;ctaConfirmationLabel&amp;quot;:{&amp;quot;value&amp;quot;:&amp;quot;Copied!&amp;quot;,&amp;quot;color&amp;quot;:&amp;quot;#000000&amp;quot;},&amp;quot;ctaLabelSizing&amp;quot;:{&amp;quot;size&amp;quot;:[10,14],&amp;quot;sizeMobile&amp;quot;:[8,16]},&amp;quot;noteLabel&amp;quot;:{&amp;quot;value&amp;quot;:&amp;quot;&lt;span style=\&amp;quot;color: rgb(255, 255, 255);\&amp;quot;&gt;*SOME ITEMS MAY BE EXCLUDED&lt;/span&gt;&amp;quot;,&amp;quot;color&amp;quot;:&amp;quot;#FFFFFF&amp;quot;},&amp;quot;noteLabelSizing&amp;quot;:{&amp;quot;size&amp;quot;:[10,12],&amp;quot;sizeMobile&amp;quot;:[6,8]},&amp;quot;poweredByLabel&amp;quot;:null,&amp;quot;overlay&amp;quot;:false,&amp;quot;mainColor&amp;quot;:&amp;quot;#000000&amp;quot;,&amp;quot;isTimer&amp;quot;:true,&amp;quot;complementaryColors&amp;quot;:[&amp;quot;#FFFAFA&amp;quot;,&amp;quot;#B71616&amp;quot;,&amp;quot;#000000&amp;quot;],&amp;quot;couponCodeVisible&amp;quot;:false,&amp;quot;withXButton&amp;quot;:true,&amp;quot;positionType&amp;quot;:&amp;quot;absolute&amp;quot;,&amp;quot;timeBackgroundColor&amp;quot;:&amp;quot;unset&amp;quot;,&amp;quot;endTime&amp;quot;:&amp;quot;2022-04-22T17:59:59.000Z&amp;quot;,&amp;quot;scale&amp;quot;:&amp;quot;1&amp;quot;,&amp;quot;showBlackBG&amp;quot;:true,&amp;quot;isClient&amp;quot;:true,&amp;quot;discountValue&amp;quot;:10,&amp;quot;currency&amp;quot;:&amp;quot;%&amp;quot;,&amp;quot;couponCode&amp;quot;:&amp;quot;NMG-U8N6-GVHD-58GY&amp;quot;}&quot; id=&quot;nmg-templates&quot; class=&quot;needsclick&quot; dates-as-string=&quot;[&amp;quot;endTime&amp;quot;]&quot; style=&quot;pointer-events: auto;&quot;&gt;&lt;/nmg-templates&gt;
  (Session info: chrome=100.0.4896.127)
Build info: version: &apos;4.1.2&apos;, revision: &apos;9a5a329c5a&apos;
System info: host: &apos;DESKTOP-M3CURGL&apos;, ip: &apos;192.168.0.11&apos;, os.name: &apos;Windows 10&apos;, os.arch: &apos;amd64&apos;, os.version: &apos;10.0&apos;, java.version: &apos;17.0.1&apos;
Driver info: org.openqa.selenium.chrome.ChromeDriver
Command: [074477ceb418cec6329dc2476cf329f3, clickElement {id=86c6ba76-7e05-4b82-a218-9bbf6adff069}]
Capabilities {acceptInsecureCerts: false, browserName: chrome, browserVersion: 100.0.4896.127, chrome: {chromedriverVersion: 99.0.4844.51 (d537ec02474b5..., userDataDir: C:\Users\samee\AppData\Loca...}, goog:chromeOptions: {debuggerAddress: localhost:50756}, javascriptEnabled: true, networkConnectionEnabled: false, pageLoadStrategy: normal, platform: WINDOWS, platformName: WINDOWS, proxy: Proxy(), se:cdp: ws://localhost:50756/devtoo..., se:cdpVersion: 100.0.4896.127, setWindowRect: true, strictFileInteractability: false, timeouts: {implicit: 0, pageLoad: 300000, script: 30000}, unhandledPromptBehavior: dismiss and notify, webauthn:extension:credBlob: true, webauthn:extension:largeBlob: true, webauthn:virtualAuthenticators: true}
Element: [[ChromeDriver: chrome on WINDOWS (074477ceb418cec6329dc2476cf329f3)] -&gt; xpath: //*[@id=&quot;pageheader&quot;]/div[2]/div[2]/ul/li[3]/a]
Session ID: 074477ceb418cec6329dc2476cf329f3
	at java.base/jdk.internal.reflect.NativeConstructorAccessorImpl.newInstance0(Native Method)
	at java.base/jdk.internal.reflect.NativeConstructorAccessorImpl.newInstance(NativeConstructorAccessorImpl.java:77)
	at java.base/jdk.internal.reflect.DelegatingConstructorAccessorImpl.newInstance(DelegatingConstructorAccessorImpl.java:45)
	at java.base/java.lang.reflect.Constructor.newInstanceWithCaller(Constructor.java:499)
	at java.base/java.lang.reflect.Constructor.newInstance(Constructor.java:480)
	at org.openqa.selenium.remote.codec.w3c.W3CHttpResponseCodec.createException(W3CHttpResponseCodec.java:200)
	at org.openqa.selenium.remote.codec.w3c.W3CHttpResponseCodec.decode(W3CHttpResponseCodec.java:133)
	at org.openqa.selenium.remote.codec.w3c.W3CHttpResponseCodec.decode(W3CHttpResponseCodec.java:53)
	at org.openqa.selenium.remote.HttpCommandExecutor.execute(HttpCommandExecutor.java:184)
	at org.openqa.selenium.remote.service.DriverCommandExecutor.invokeExecute(DriverCommandExecutor.java:167)
	at org.openqa.selenium.remote.service.DriverCommandExecutor.execute(DriverCommandExecutor.java:142)
	at org.openqa.selenium.remote.RemoteWebDriver.execute(RemoteWebDriver.java:558)
	at org.openqa.selenium.remote.RemoteWebElement.execute(RemoteWebElement.java:251)
	at org.openqa.selenium.remote.RemoteWebElement.click(RemoteWebElement.java:77)
	at boatLifeStyle.Boat_Shop.boat_Earn100(Boat_Shop.java:208)
	at java.base/jdk.internal.reflect.NativeMethodAccessorImpl.invoke0(Native Method)
	at java.base/jdk.internal.reflect.NativeMethodAccessorImpl.invoke(NativeMethodAccessorImpl.java:77)
	at java.base/jdk.internal.reflect.DelegatingMethodAccessorImpl.invoke(DelegatingMethodAccessorImpl.java:43)
	at java.base/java.lang.reflect.Method.invoke(Method.java:568)
	at org.testng.internal.MethodInvocationHelper.invokeMethod(MethodInvocationHelper.java:133)
	at org.testng.internal.TestInvoker.invokeMethod(TestInvoker.java:598)
	at org.testng.internal.TestInvoker.invokeTestMethod(TestInvoker.java:173)
	at org.testng.internal.MethodRunner.runInSequence(MethodRunner.java:46)
	at org.testng.internal.TestInvoker$MethodInvocationAgent.invoke(TestInvoker.java:824)
	at org.testng.internal.TestInvoker.invokeTestMethods(TestInvoker.java:146)
	at org.testng.internal.TestMethodWorker.invokeTestMethods(TestMethodWorker.java:146)
	at org.testng.internal.TestMethodWorker.run(TestMethodWorker.java:128)
	at java.base/java.util.ArrayList.forEach(ArrayList.java:1511)
	at org.testng.TestRunner.privateRun(TestRunner.java:794)
	at org.testng.TestRunner.run(TestRunner.java:596)
	at org.testng.SuiteRunner.runTest(SuiteRunner.java:377)
	at org.testng.SuiteRunner.runSequentially(SuiteRunner.java:371)
	at org.testng.SuiteRunner.privateRun(SuiteRunner.java:332)
	at org.testng.SuiteRunner.run(SuiteRunner.java:276)
	at org.testng.SuiteRunnerWorker.runSuite(SuiteRunnerWorker.java:53)
	at org.testng.SuiteRunnerWorker.run(SuiteRunnerWorker.java:96)
	at org.testng.TestNG.runSuitesSequentially(TestNG.java:1212)
	at org.testng.TestNG.runSuitesLocally(TestNG.java:1134)
	at org.testng.TestNG.runSuites(TestNG.java:1063)
	at org.testng.TestNG.run(TestNG.java:1031)
	at org.testng.remote.AbstractRemoteTestNG.run(AbstractRemoteTestNG.java:115)
	at org.testng.remote.RemoteTestNG.initAndRun(RemoteTestNG.java:251)
	at org.testng.remote.RemoteTestNG.main(RemoteTestNG.java:77)
</div></td></tr></table><p class="totop"><a href="#summary">back to summary</a></p>
<h3 id="m1">boatLifeStyle.Boat_Shop#boat_Gifting</h3><table class="result"><tr><th>Exception</th></tr><tr><td><div class="stacktrace">org.openqa.selenium.ElementClickInterceptedException: element click intercepted: Element &lt;a href=&quot;javascript:void(0)&quot; class=&quot;has-children&quot; aria-haspopup=&quot;true&quot;&gt;...&lt;/a&gt; is not clickable at point (711, 10). Other element would receive the click: &lt;nmg-templates template=&quot;fun-4-template&quot; props-as-string=&quot;{&amp;quot;logoImage&amp;quot;:{&amp;quot;src&amp;quot;:&amp;quot;https://templates.nmgplatform.com/ibpuserimages/BOGWEO780/boat-lifestyle.com/109380d2-0fb6-4ec4-a129-ba75e2e14fda_mobile.jpeg&amp;quot;,&amp;quot;width&amp;quot;:100,&amp;quot;height&amp;quot;:75},&amp;quot;couponCodeLabel&amp;quot;:{&amp;quot;color&amp;quot;:&amp;quot;#000000&amp;quot;,&amp;quot;value&amp;quot;:&amp;quot;NMG-U8N6-GVHD-58GY&amp;quot;},&amp;quot;couponCodeLabelSizing&amp;quot;:{&amp;quot;size&amp;quot;:[8,12],&amp;quot;sizeMobile&amp;quot;:[6,8]},&amp;quot;position&amp;quot;:&amp;quot;center_center&amp;quot;,&amp;quot;headingALabel&amp;quot;:{&amp;quot;value&amp;quot;:[&amp;quot;&lt;span style=\&amp;quot;font-weight: bold; color: rgb(223, 15, 15);\&amp;quot;&gt;SPECIAL&lt;/span&gt;&amp;quot;,&amp;quot;&lt;span style=\&amp;quot;font-weight: bold; color: rgb(224, 13, 13);\&amp;quot;&gt;OFF&lt;/span&gt;&amp;quot;],&amp;quot;color&amp;quot;:&amp;quot;rgb(223, 15, 15)&amp;quot;},&amp;quot;headingALabelSizing&amp;quot;:{&amp;quot;size&amp;quot;:[16,42],&amp;quot;sizeMobile&amp;quot;:[12,32]},&amp;quot;headingBLabel&amp;quot;:{&amp;quot;value&amp;quot;:&amp;quot;&lt;span style=\&amp;quot;color: rgb(255, 255, 255); font-weight: bold;\&amp;quot;&gt;ONLY FOR YOU!&lt;/span&gt;&amp;quot;,&amp;quot;color&amp;quot;:&amp;quot;#FFFFFF&amp;quot;},&amp;quot;headingBLabelSizing&amp;quot;:{&amp;quot;size&amp;quot;:[12,16],&amp;quot;sizeMobile&amp;quot;:[8,16]},&amp;quot;timeHeadlineLabel&amp;quot;:{&amp;quot;value&amp;quot;:&amp;quot;&lt;span style=\&amp;quot;color: rgb(254, 251, 251); font-weight: bold;\&amp;quot;&gt;Offer expires:&lt;/span&gt;&amp;quot;,&amp;quot;color&amp;quot;:&amp;quot;#FEFBFB&amp;quot;},&amp;quot;timeHeadlineLabelSizing&amp;quot;:{&amp;quot;size&amp;quot;:[10,14],&amp;quot;sizeMobile&amp;quot;:[8,10]},&amp;quot;timePhraseLabel&amp;quot;:{&amp;quot;value&amp;quot;:&amp;quot;By the end of the day&amp;quot;,&amp;quot;color&amp;quot;:&amp;quot;#FFFFFF&amp;quot;},&amp;quot;timePhraseLabelSizing&amp;quot;:{&amp;quot;size&amp;quot;:[10,14],&amp;quot;sizeMobile&amp;quot;:[8,10]},&amp;quot;ctaLabel&amp;quot;:{&amp;quot;value&amp;quot;:&amp;quot;&lt;span style=\&amp;quot;font-weight: bold; color: rgb(0, 0, 0);\&amp;quot;&gt;Copy Coupon Code&lt;/span&gt;&amp;quot;,&amp;quot;color&amp;quot;:&amp;quot;#000000&amp;quot;},&amp;quot;ctaConfirmationLabel&amp;quot;:{&amp;quot;value&amp;quot;:&amp;quot;Copied!&amp;quot;,&amp;quot;color&amp;quot;:&amp;quot;#000000&amp;quot;},&amp;quot;ctaLabelSizing&amp;quot;:{&amp;quot;size&amp;quot;:[10,14],&amp;quot;sizeMobile&amp;quot;:[8,16]},&amp;quot;noteLabel&amp;quot;:{&amp;quot;value&amp;quot;:&amp;quot;&lt;span style=\&amp;quot;color: rgb(255, 255, 255);\&amp;quot;&gt;*SOME ITEMS MAY BE EXCLUDED&lt;/span&gt;&amp;quot;,&amp;quot;color&amp;quot;:&amp;quot;#FFFFFF&amp;quot;},&amp;quot;noteLabelSizing&amp;quot;:{&amp;quot;size&amp;quot;:[10,12],&amp;quot;sizeMobile&amp;quot;:[6,8]},&amp;quot;poweredByLabel&amp;quot;:null,&amp;quot;overlay&amp;quot;:false,&amp;quot;mainColor&amp;quot;:&amp;quot;#000000&amp;quot;,&amp;quot;isTimer&amp;quot;:true,&amp;quot;complementaryColors&amp;quot;:[&amp;quot;#FFFAFA&amp;quot;,&amp;quot;#B71616&amp;quot;,&amp;quot;#000000&amp;quot;],&amp;quot;couponCodeVisible&amp;quot;:false,&amp;quot;withXButton&amp;quot;:true,&amp;quot;positionType&amp;quot;:&amp;quot;absolute&amp;quot;,&amp;quot;timeBackgroundColor&amp;quot;:&amp;quot;unset&amp;quot;,&amp;quot;endTime&amp;quot;:&amp;quot;2022-04-22T17:59:59.000Z&amp;quot;,&amp;quot;scale&amp;quot;:&amp;quot;1&amp;quot;,&amp;quot;showBlackBG&amp;quot;:true,&amp;quot;isClient&amp;quot;:true,&amp;quot;discountValue&amp;quot;:10,&amp;quot;currency&amp;quot;:&amp;quot;%&amp;quot;,&amp;quot;couponCode&amp;quot;:&amp;quot;NMG-U8N6-GVHD-58GY&amp;quot;}&quot; id=&quot;nmg-templates&quot; class=&quot;needsclick&quot; dates-as-string=&quot;[&amp;quot;endTime&amp;quot;]&quot; style=&quot;pointer-events: auto;&quot;&gt;&lt;/nmg-templates&gt;
  (Session info: chrome=100.0.4896.127)
Build info: version: &apos;4.1.2&apos;, revision: &apos;9a5a329c5a&apos;
System info: host: &apos;DESKTOP-M3CURGL&apos;, ip: &apos;192.168.0.11&apos;, os.name: &apos;Windows 10&apos;, os.arch: &apos;amd64&apos;, os.version: &apos;10.0&apos;, java.version: &apos;17.0.1&apos;
Driver info: org.openqa.selenium.chrome.ChromeDriver
Command: [074477ceb418cec6329dc2476cf329f3, clickElement {id=86c6ba76-7e05-4b82-a218-9bbf6adff069}]
Capabilities {acceptInsecureCerts: false, browserName: chrome, browserVersion: 100.0.4896.127, chrome: {chromedriverVersion: 99.0.4844.51 (d537ec02474b5..., userDataDir: C:\Users\samee\AppData\Loca...}, goog:chromeOptions: {debuggerAddress: localhost:50756}, javascriptEnabled: true, networkConnectionEnabled: false, pageLoadStrategy: normal, platform: WINDOWS, platformName: WINDOWS, proxy: Proxy(), se:cdp: ws://localhost:50756/devtoo..., se:cdpVersion: 100.0.4896.127, setWindowRect: true, strictFileInteractability: false, timeouts: {implicit: 0, pageLoad: 300000, script: 30000}, unhandledPromptBehavior: dismiss and notify, webauthn:extension:credBlob: true, webauthn:extension:largeBlob: true, webauthn:virtualAuthenticators: true}
Element: [[ChromeDriver: chrome on WINDOWS (074477ceb418cec6329dc2476cf329f3)] -&gt; xpath: //*[@id=&quot;pageheader&quot;]/div[2]/div[2]/ul/li[3]/a]
Session ID: 074477ceb418cec6329dc2476cf329f3
	at java.base/jdk.internal.reflect.NativeConstructorAccessorImpl.newInstance0(Native Method)
	at java.base/jdk.internal.reflect.NativeConstructorAccessorImpl.newInstance(NativeConstructorAccessorImpl.java:77)
	at java.base/jdk.internal.reflect.DelegatingConstructorAccessorImpl.newInstance(DelegatingConstructorAccessorImpl.java:45)
	at java.base/java.lang.reflect.Constructor.newInstanceWithCaller(Constructor.java:499)
	at java.base/java.lang.reflect.Constructor.newInstance(Constructor.java:480)
	at org.openqa.selenium.remote.codec.w3c.W3CHttpResponseCodec.createException(W3CHttpResponseCodec.java:200)
	at org.openqa.selenium.remote.codec.w3c.W3CHttpResponseCodec.decode(W3CHttpResponseCodec.java:133)
	at org.openqa.selenium.remote.codec.w3c.W3CHttpResponseCodec.decode(W3CHttpResponseCodec.java:53)
	at org.openqa.selenium.remote.HttpCommandExecutor.execute(HttpCommandExecutor.java:184)
	at org.openqa.selenium.remote.service.DriverCommandExecutor.invokeExecute(DriverCommandExecutor.java:167)
	at org.openqa.selenium.remote.service.DriverCommandExecutor.execute(DriverCommandExecutor.java:142)
	at org.openqa.selenium.remote.RemoteWebDriver.execute(RemoteWebDriver.java:558)
	at org.openqa.selenium.remote.RemoteWebElement.execute(RemoteWebElement.java:251)
	at org.openqa.selenium.remote.RemoteWebElement.click(RemoteWebElement.java:77)
	at boatLifeStyle.Boat_Shop.boat_Gifting(Boat_Shop.java:135)
	at java.base/jdk.internal.reflect.NativeMethodAccessorImpl.invoke0(Native Method)
	at java.base/jdk.internal.reflect.NativeMethodAccessorImpl.invoke(NativeMethodAccessorImpl.java:77)
	at java.base/jdk.internal.reflect.DelegatingMethodAccessorImpl.invoke(DelegatingMethodAccessorImpl.java:43)
	at java.base/java.lang.reflect.Method.invoke(Method.java:568)
	at org.testng.internal.MethodInvocationHelper.invokeMethod(MethodInvocationHelper.java:133)
	at org.testng.internal.TestInvoker.invokeMethod(TestInvoker.java:598)
	at org.testng.internal.TestInvoker.invokeTestMethod(TestInvoker.java:173)
	at org.testng.internal.MethodRunner.runInSequence(MethodRunner.java:46)
	at org.testng.internal.TestInvoker$MethodInvocationAgent.invoke(TestInvoker.java:824)
	at org.testng.internal.TestInvoker.invokeTestMethods(TestInvoker.java:146)
	at org.testng.internal.TestMethodWorker.invokeTestMethods(TestMethodWorker.java:146)
	at org.testng.internal.TestMethodWorker.run(TestMethodWorker.java:128)
	at java.base/java.util.ArrayList.forEach(ArrayList.java:1511)
	at org.testng.TestRunner.privateRun(TestRunner.java:794)
	at org.testng.TestRunner.run(TestRunner.java:596)
	at org.testng.SuiteRunner.runTest(SuiteRunner.java:377)
	at org.testng.SuiteRunner.runSequentially(SuiteRunner.java:371)
	at org.testng.SuiteRunner.privateRun(SuiteRunner.java:332)
	at org.testng.SuiteRunner.run(SuiteRunner.java:276)
	at org.testng.SuiteRunnerWorker.runSuite(SuiteRunnerWorker.java:53)
	at org.testng.SuiteRunnerWorker.run(SuiteRunnerWorker.java:96)
	at org.testng.TestNG.runSuitesSequentially(TestNG.java:1212)
	at org.testng.TestNG.runSuitesLocally(TestNG.java:1134)
	at org.testng.TestNG.runSuites(TestNG.java:1063)
	at org.testng.TestNG.run(TestNG.java:1031)
	at org.testng.remote.AbstractRemoteTestNG.run(AbstractRemoteTestNG.java:115)
	at org.testng.remote.RemoteTestNG.initAndRun(RemoteTestNG.java:251)
	at org.testng.remote.RemoteTestNG.main(RemoteTestNG.java:77)
</div></td></tr></table><p class="totop"><a href="#summary">back to summary</a></p>
<h3 id="m2">boatLifeStyle.Boat_Shop#boat_Logout</h3><table class="result"><tr><th>Exception</th></tr><tr><td><div class="stacktrace">org.openqa.selenium.ElementClickInterceptedException: element click intercepted: Element &lt;img class=&quot; ls-is-cached lazyloaded&quot; data-src=&quot;https://cdn.shopify.com/s/files/1/0057/8938/4802/files/user_1.png?v=1606314823&quot; alt=&quot;user&quot; src=&quot;https://cdn.shopify.com/s/files/1/0057/8938/4802/files/user_1.png?v=1606314823&quot;&gt; is not clickable at point (1257, 10). Other element would receive the click: &lt;iframe id=&quot;BIS_frame&quot; frameborder=&quot;0&quot; src=&quot;about:blank&quot; allowtransparency=&quot;true&quot; style=&quot;display: block;&quot;&gt;&lt;/iframe&gt;
  (Session info: chrome=100.0.4896.127)
Build info: version: &apos;4.1.2&apos;, revision: &apos;9a5a329c5a&apos;
System info: host: &apos;DESKTOP-M3CURGL&apos;, ip: &apos;192.168.0.11&apos;, os.name: &apos;Windows 10&apos;, os.arch: &apos;amd64&apos;, os.version: &apos;10.0&apos;, java.version: &apos;17.0.1&apos;
Driver info: org.openqa.selenium.chrome.ChromeDriver
Command: [074477ceb418cec6329dc2476cf329f3, clickElement {id=8cefee9f-a8ee-4391-afed-044bce664971}]
Capabilities {acceptInsecureCerts: false, browserName: chrome, browserVersion: 100.0.4896.127, chrome: {chromedriverVersion: 99.0.4844.51 (d537ec02474b5..., userDataDir: C:\Users\samee\AppData\Loca...}, goog:chromeOptions: {debuggerAddress: localhost:50756}, javascriptEnabled: true, networkConnectionEnabled: false, pageLoadStrategy: normal, platform: WINDOWS, platformName: WINDOWS, proxy: Proxy(), se:cdp: ws://localhost:50756/devtoo..., se:cdpVersion: 100.0.4896.127, setWindowRect: true, strictFileInteractability: false, timeouts: {implicit: 0, pageLoad: 300000, script: 30000}, unhandledPromptBehavior: dismiss and notify, webauthn:extension:credBlob: true, webauthn:extension:largeBlob: true, webauthn:virtualAuthenticators: true}
Element: [[ChromeDriver: chrome on WINDOWS (074477ceb418cec6329dc2476cf329f3)] -&gt; xpath: //*[@id=&quot;pageheader&quot;]/div[2]/div[5]/div/div[2]/span[1]/img]
Session ID: 074477ceb418cec6329dc2476cf329f3
	at java.base/jdk.internal.reflect.NativeConstructorAccessorImpl.newInstance0(Native Method)
	at java.base/jdk.internal.reflect.NativeConstructorAccessorImpl.newInstance(NativeConstructorAccessorImpl.java:77)
	at java.base/jdk.internal.reflect.DelegatingConstructorAccessorImpl.newInstance(DelegatingConstructorAccessorImpl.java:45)
	at java.base/java.lang.reflect.Constructor.newInstanceWithCaller(Constructor.java:499)
	at java.base/java.lang.reflect.Constructor.newInstance(Constructor.java:480)
	at org.openqa.selenium.remote.codec.w3c.W3CHttpResponseCodec.createException(W3CHttpResponseCodec.java:200)
	at org.openqa.selenium.remote.codec.w3c.W3CHttpResponseCodec.decode(W3CHttpResponseCodec.java:133)
	at org.openqa.selenium.remote.codec.w3c.W3CHttpResponseCodec.decode(W3CHttpResponseCodec.java:53)
	at org.openqa.selenium.remote.HttpCommandExecutor.execute(HttpCommandExecutor.java:184)
	at org.openqa.selenium.remote.service.DriverCommandExecutor.invokeExecute(DriverCommandExecutor.java:167)
	at org.openqa.selenium.remote.service.DriverCommandExecutor.execute(DriverCommandExecutor.java:142)
	at org.openqa.selenium.remote.RemoteWebDriver.execute(RemoteWebDriver.java:558)
	at org.openqa.selenium.remote.RemoteWebElement.execute(RemoteWebElement.java:251)
	at org.openqa.selenium.remote.RemoteWebElement.click(RemoteWebElement.java:77)
	at boatLifeStyle.Boat_Shop.boat_Logout(Boat_Shop.java:328)
	at java.base/jdk.internal.reflect.NativeMethodAccessorImpl.invoke0(Native Method)
	at java.base/jdk.internal.reflect.NativeMethodAccessorImpl.invoke(NativeMethodAccessorImpl.java:77)
	at java.base/jdk.internal.reflect.DelegatingMethodAccessorImpl.invoke(DelegatingMethodAccessorImpl.java:43)
	at java.base/java.lang.reflect.Method.invoke(Method.java:568)
	at org.testng.internal.MethodInvocationHelper.invokeMethod(MethodInvocationHelper.java:133)
	at org.testng.internal.TestInvoker.invokeMethod(TestInvoker.java:598)
	at org.testng.internal.TestInvoker.invokeTestMethod(TestInvoker.java:173)
	at org.testng.internal.MethodRunner.runInSequence(MethodRunner.java:46)
	at org.testng.internal.TestInvoker$MethodInvocationAgent.invoke(TestInvoker.java:824)
	at org.testng.internal.TestInvoker.invokeTestMethods(TestInvoker.java:146)
	at org.testng.internal.TestMethodWorker.invokeTestMethods(TestMethodWorker.java:146)
	at org.testng.internal.TestMethodWorker.run(TestMethodWorker.java:128)
	at java.base/java.util.ArrayList.forEach(ArrayList.java:1511)
	at org.testng.TestRunner.privateRun(TestRunner.java:794)
	at org.testng.TestRunner.run(TestRunner.java:596)
	at org.testng.SuiteRunner.runTest(SuiteRunner.java:377)
	at org.testng.SuiteRunner.runSequentially(SuiteRunner.java:371)
	at org.testng.SuiteRunner.privateRun(SuiteRunner.java:332)
	at org.testng.SuiteRunner.run(SuiteRunner.java:276)
	at org.testng.SuiteRunnerWorker.runSuite(SuiteRunnerWorker.java:53)
	at org.testng.SuiteRunnerWorker.run(SuiteRunnerWorker.java:96)
	at org.testng.TestNG.runSuitesSequentially(TestNG.java:1212)
	at org.testng.TestNG.runSuitesLocally(TestNG.java:1134)
	at org.testng.TestNG.runSuites(TestNG.java:1063)
	at org.testng.TestNG.run(TestNG.java:1031)
	at org.testng.remote.AbstractRemoteTestNG.run(AbstractRemoteTestNG.java:115)
	at org.testng.remote.RemoteTestNG.initAndRun(RemoteTestNG.java:251)
	at org.testng.remote.RemoteTestNG.main(RemoteTestNG.java:77)
</div></td></tr></table><p class="totop"><a href="#summary">back to summary</a></p>
<h3 id="m3">boatLifeStyle.Boat_Shop#boat_ManageYourOrder</h3><table class="result"><tr><th>Exception</th></tr><tr><td><div class="stacktrace">org.openqa.selenium.ElementClickInterceptedException: element click intercepted: Element &lt;img class=&quot; ls-is-cached lazyloaded&quot; data-src=&quot;https://cdn.shopify.com/s/files/1/0057/8938/4802/files/user_1.png?v=1606314823&quot; alt=&quot;user&quot; src=&quot;https://cdn.shopify.com/s/files/1/0057/8938/4802/files/user_1.png?v=1606314823&quot;&gt; is not clickable at point (1257, 72). Other element would receive the click: &lt;iframe id=&quot;BIS_frame&quot; frameborder=&quot;0&quot; src=&quot;about:blank&quot; allowtransparency=&quot;true&quot; style=&quot;display: block;&quot;&gt;&lt;/iframe&gt;
  (Session info: chrome=100.0.4896.127)
Build info: version: &apos;4.1.2&apos;, revision: &apos;9a5a329c5a&apos;
System info: host: &apos;DESKTOP-M3CURGL&apos;, ip: &apos;192.168.0.11&apos;, os.name: &apos;Windows 10&apos;, os.arch: &apos;amd64&apos;, os.version: &apos;10.0&apos;, java.version: &apos;17.0.1&apos;
Driver info: org.openqa.selenium.chrome.ChromeDriver
Command: [074477ceb418cec6329dc2476cf329f3, clickElement {id=8cefee9f-a8ee-4391-afed-044bce664971}]
Capabilities {acceptInsecureCerts: false, browserName: chrome, browserVersion: 100.0.4896.127, chrome: {chromedriverVersion: 99.0.4844.51 (d537ec02474b5..., userDataDir: C:\Users\samee\AppData\Loca...}, goog:chromeOptions: {debuggerAddress: localhost:50756}, javascriptEnabled: true, networkConnectionEnabled: false, pageLoadStrategy: normal, platform: WINDOWS, platformName: WINDOWS, proxy: Proxy(), se:cdp: ws://localhost:50756/devtoo..., se:cdpVersion: 100.0.4896.127, setWindowRect: true, strictFileInteractability: false, timeouts: {implicit: 0, pageLoad: 300000, script: 30000}, unhandledPromptBehavior: dismiss and notify, webauthn:extension:credBlob: true, webauthn:extension:largeBlob: true, webauthn:virtualAuthenticators: true}
Element: [[ChromeDriver: chrome on WINDOWS (074477ceb418cec6329dc2476cf329f3)] -&gt; xpath: //*[@id=&quot;pageheader&quot;]/div[2]/div[5]/div/div[2]/span[1]/img]
Session ID: 074477ceb418cec6329dc2476cf329f3
	at java.base/jdk.internal.reflect.NativeConstructorAccessorImpl.newInstance0(Native Method)
	at java.base/jdk.internal.reflect.NativeConstructorAccessorImpl.newInstance(NativeConstructorAccessorImpl.java:77)
	at java.base/jdk.internal.reflect.DelegatingConstructorAccessorImpl.newInstance(DelegatingConstructorAccessorImpl.java:45)
	at java.base/java.lang.reflect.Constructor.newInstanceWithCaller(Constructor.java:499)
	at java.base/java.lang.reflect.Constructor.newInstance(Constructor.java:480)
	at org.openqa.selenium.remote.codec.w3c.W3CHttpResponseCodec.createException(W3CHttpResponseCodec.java:200)
	at org.openqa.selenium.remote.codec.w3c.W3CHttpResponseCodec.decode(W3CHttpResponseCodec.java:133)
	at org.openqa.selenium.remote.codec.w3c.W3CHttpResponseCodec.decode(W3CHttpResponseCodec.java:53)
	at org.openqa.selenium.remote.HttpCommandExecutor.execute(HttpCommandExecutor.java:184)
	at org.openqa.selenium.remote.service.DriverCommandExecutor.invokeExecute(DriverCommandExecutor.java:167)
	at org.openqa.selenium.remote.service.DriverCommandExecutor.execute(DriverCommandExecutor.java:142)
	at org.openqa.selenium.remote.RemoteWebDriver.execute(RemoteWebDriver.java:558)
	at org.openqa.selenium.remote.RemoteWebElement.execute(RemoteWebElement.java:251)
	at org.openqa.selenium.remote.RemoteWebElement.click(RemoteWebElement.java:77)
	at boatLifeStyle.Boat_Shop.boat_ManageYourOrder(Boat_Shop.java:270)
	at java.base/jdk.internal.reflect.NativeMethodAccessorImpl.invoke0(Native Method)
	at java.base/jdk.internal.reflect.NativeMethodAccessorImpl.invoke(NativeMethodAccessorImpl.java:77)
	at java.base/jdk.internal.reflect.DelegatingMethodAccessorImpl.invoke(DelegatingMethodAccessorImpl.java:43)
	at java.base/java.lang.reflect.Method.invoke(Method.java:568)
	at org.testng.internal.MethodInvocationHelper.invokeMethod(MethodInvocationHelper.java:133)
	at org.testng.internal.TestInvoker.invokeMethod(TestInvoker.java:598)
	at org.testng.internal.TestInvoker.invokeTestMethod(TestInvoker.java:173)
	at org.testng.internal.MethodRunner.runInSequence(MethodRunner.java:46)
	at org.testng.internal.TestInvoker$MethodInvocationAgent.invoke(TestInvoker.java:824)
	at org.testng.internal.TestInvoker.invokeTestMethods(TestInvoker.java:146)
	at org.testng.internal.TestMethodWorker.invokeTestMethods(TestMethodWorker.java:146)
	at org.testng.internal.TestMethodWorker.run(TestMethodWorker.java:128)
	at java.base/java.util.ArrayList.forEach(ArrayList.java:1511)
	at org.testng.TestRunner.privateRun(TestRunner.java:794)
	at org.testng.TestRunner.run(TestRunner.java:596)
	at org.testng.SuiteRunner.runTest(SuiteRunner.java:377)
	at org.testng.SuiteRunner.runSequentially(SuiteRunner.java:371)
	at org.testng.SuiteRunner.privateRun(SuiteRunner.java:332)
	at org.testng.SuiteRunner.run(SuiteRunner.java:276)
	at org.testng.SuiteRunnerWorker.runSuite(SuiteRunnerWorker.java:53)
	at org.testng.SuiteRunnerWorker.run(SuiteRunnerWorker.java:96)
	at org.testng.TestNG.runSuitesSequentially(TestNG.java:1212)
	at org.testng.TestNG.runSuitesLocally(TestNG.java:1134)
	at org.testng.TestNG.runSuites(TestNG.java:1063)
	at org.testng.TestNG.run(TestNG.java:1031)
	at org.testng.remote.AbstractRemoteTestNG.run(AbstractRemoteTestNG.java:115)
	at org.testng.remote.RemoteTestNG.initAndRun(RemoteTestNG.java:251)
	at org.testng.remote.RemoteTestNG.main(RemoteTestNG.java:77)
</div></td></tr></table><p class="totop"><a href="#summary">back to summary</a></p>
<h3 id="m4">boatLifeStyle.Boat_Shop#boat_MeettheBoatHeads</h3><table class="result"><tr><th>Exception</th></tr><tr><td><div class="stacktrace">org.openqa.selenium.ElementClickInterceptedException: element click intercepted: Element &lt;a href=&quot;javascript:void(0)&quot; class=&quot;has-children&quot; aria-haspopup=&quot;true&quot;&gt;...&lt;/a&gt; is not clickable at point (711, 10). Other element would receive the click: &lt;nmg-templates template=&quot;fun-4-template&quot; props-as-string=&quot;{&amp;quot;logoImage&amp;quot;:{&amp;quot;src&amp;quot;:&amp;quot;https://templates.nmgplatform.com/ibpuserimages/BOGWEO780/boat-lifestyle.com/109380d2-0fb6-4ec4-a129-ba75e2e14fda_mobile.jpeg&amp;quot;,&amp;quot;width&amp;quot;:100,&amp;quot;height&amp;quot;:75},&amp;quot;couponCodeLabel&amp;quot;:{&amp;quot;color&amp;quot;:&amp;quot;#000000&amp;quot;,&amp;quot;value&amp;quot;:&amp;quot;NMG-U8N6-GVHD-58GY&amp;quot;},&amp;quot;couponCodeLabelSizing&amp;quot;:{&amp;quot;size&amp;quot;:[8,12],&amp;quot;sizeMobile&amp;quot;:[6,8]},&amp;quot;position&amp;quot;:&amp;quot;center_center&amp;quot;,&amp;quot;headingALabel&amp;quot;:{&amp;quot;value&amp;quot;:[&amp;quot;&lt;span style=\&amp;quot;font-weight: bold; color: rgb(223, 15, 15);\&amp;quot;&gt;SPECIAL&lt;/span&gt;&amp;quot;,&amp;quot;&lt;span style=\&amp;quot;font-weight: bold; color: rgb(224, 13, 13);\&amp;quot;&gt;OFF&lt;/span&gt;&amp;quot;],&amp;quot;color&amp;quot;:&amp;quot;rgb(223, 15, 15)&amp;quot;},&amp;quot;headingALabelSizing&amp;quot;:{&amp;quot;size&amp;quot;:[16,42],&amp;quot;sizeMobile&amp;quot;:[12,32]},&amp;quot;headingBLabel&amp;quot;:{&amp;quot;value&amp;quot;:&amp;quot;&lt;span style=\&amp;quot;color: rgb(255, 255, 255); font-weight: bold;\&amp;quot;&gt;ONLY FOR YOU!&lt;/span&gt;&amp;quot;,&amp;quot;color&amp;quot;:&amp;quot;#FFFFFF&amp;quot;},&amp;quot;headingBLabelSizing&amp;quot;:{&amp;quot;size&amp;quot;:[12,16],&amp;quot;sizeMobile&amp;quot;:[8,16]},&amp;quot;timeHeadlineLabel&amp;quot;:{&amp;quot;value&amp;quot;:&amp;quot;&lt;span style=\&amp;quot;color: rgb(254, 251, 251); font-weight: bold;\&amp;quot;&gt;Offer expires:&lt;/span&gt;&amp;quot;,&amp;quot;color&amp;quot;:&amp;quot;#FEFBFB&amp;quot;},&amp;quot;timeHeadlineLabelSizing&amp;quot;:{&amp;quot;size&amp;quot;:[10,14],&amp;quot;sizeMobile&amp;quot;:[8,10]},&amp;quot;timePhraseLabel&amp;quot;:{&amp;quot;value&amp;quot;:&amp;quot;By the end of the day&amp;quot;,&amp;quot;color&amp;quot;:&amp;quot;#FFFFFF&amp;quot;},&amp;quot;timePhraseLabelSizing&amp;quot;:{&amp;quot;size&amp;quot;:[10,14],&amp;quot;sizeMobile&amp;quot;:[8,10]},&amp;quot;ctaLabel&amp;quot;:{&amp;quot;value&amp;quot;:&amp;quot;&lt;span style=\&amp;quot;font-weight: bold; color: rgb(0, 0, 0);\&amp;quot;&gt;Copy Coupon Code&lt;/span&gt;&amp;quot;,&amp;quot;color&amp;quot;:&amp;quot;#000000&amp;quot;},&amp;quot;ctaConfirmationLabel&amp;quot;:{&amp;quot;value&amp;quot;:&amp;quot;Copied!&amp;quot;,&amp;quot;color&amp;quot;:&amp;quot;#000000&amp;quot;},&amp;quot;ctaLabelSizing&amp;quot;:{&amp;quot;size&amp;quot;:[10,14],&amp;quot;sizeMobile&amp;quot;:[8,16]},&amp;quot;noteLabel&amp;quot;:{&amp;quot;value&amp;quot;:&amp;quot;&lt;span style=\&amp;quot;color: rgb(255, 255, 255);\&amp;quot;&gt;*SOME ITEMS MAY BE EXCLUDED&lt;/span&gt;&amp;quot;,&amp;quot;color&amp;quot;:&amp;quot;#FFFFFF&amp;quot;},&amp;quot;noteLabelSizing&amp;quot;:{&amp;quot;size&amp;quot;:[10,12],&amp;quot;sizeMobile&amp;quot;:[6,8]},&amp;quot;poweredByLabel&amp;quot;:null,&amp;quot;overlay&amp;quot;:false,&amp;quot;mainColor&amp;quot;:&amp;quot;#000000&amp;quot;,&amp;quot;isTimer&amp;quot;:true,&amp;quot;complementaryColors&amp;quot;:[&amp;quot;#FFFAFA&amp;quot;,&amp;quot;#B71616&amp;quot;,&amp;quot;#000000&amp;quot;],&amp;quot;couponCodeVisible&amp;quot;:false,&amp;quot;withXButton&amp;quot;:true,&amp;quot;positionType&amp;quot;:&amp;quot;absolute&amp;quot;,&amp;quot;timeBackgroundColor&amp;quot;:&amp;quot;unset&amp;quot;,&amp;quot;endTime&amp;quot;:&amp;quot;2022-04-22T17:59:59.000Z&amp;quot;,&amp;quot;scale&amp;quot;:&amp;quot;1&amp;quot;,&amp;quot;showBlackBG&amp;quot;:true,&amp;quot;isClient&amp;quot;:true,&amp;quot;discountValue&amp;quot;:10,&amp;quot;currency&amp;quot;:&amp;quot;%&amp;quot;,&amp;quot;couponCode&amp;quot;:&amp;quot;NMG-U8N6-GVHD-58GY&amp;quot;}&quot; id=&quot;nmg-templates&quot; class=&quot;needsclick&quot; dates-as-string=&quot;[&amp;quot;endTime&amp;quot;]&quot; style=&quot;pointer-events: auto;&quot;&gt;&lt;/nmg-templates&gt;
  (Session info: chrome=100.0.4896.127)
Build info: version: &apos;4.1.2&apos;, revision: &apos;9a5a329c5a&apos;
System info: host: &apos;DESKTOP-M3CURGL&apos;, ip: &apos;192.168.0.11&apos;, os.name: &apos;Windows 10&apos;, os.arch: &apos;amd64&apos;, os.version: &apos;10.0&apos;, java.version: &apos;17.0.1&apos;
Driver info: org.openqa.selenium.chrome.ChromeDriver
Command: [074477ceb418cec6329dc2476cf329f3, clickElement {id=86c6ba76-7e05-4b82-a218-9bbf6adff069}]
Capabilities {acceptInsecureCerts: false, browserName: chrome, browserVersion: 100.0.4896.127, chrome: {chromedriverVersion: 99.0.4844.51 (d537ec02474b5..., userDataDir: C:\Users\samee\AppData\Loca...}, goog:chromeOptions: {debuggerAddress: localhost:50756}, javascriptEnabled: true, networkConnectionEnabled: false, pageLoadStrategy: normal, platform: WINDOWS, platformName: WINDOWS, proxy: Proxy(), se:cdp: ws://localhost:50756/devtoo..., se:cdpVersion: 100.0.4896.127, setWindowRect: true, strictFileInteractability: false, timeouts: {implicit: 0, pageLoad: 300000, script: 30000}, unhandledPromptBehavior: dismiss and notify, webauthn:extension:credBlob: true, webauthn:extension:largeBlob: true, webauthn:virtualAuthenticators: true}
Element: [[ChromeDriver: chrome on WINDOWS (074477ceb418cec6329dc2476cf329f3)] -&gt; xpath: //*[@id=&quot;pageheader&quot;]/div[2]/div[2]/ul/li[3]/a]
Session ID: 074477ceb418cec6329dc2476cf329f3
	at java.base/jdk.internal.reflect.NativeConstructorAccessorImpl.newInstance0(Native Method)
	at java.base/jdk.internal.reflect.NativeConstructorAccessorImpl.newInstance(NativeConstructorAccessorImpl.java:77)
	at java.base/jdk.internal.reflect.DelegatingConstructorAccessorImpl.newInstance(DelegatingConstructorAccessorImpl.java:45)
	at java.base/java.lang.reflect.Constructor.newInstanceWithCaller(Constructor.java:499)
	at java.base/java.lang.reflect.Constructor.newInstance(Constructor.java:480)
	at org.openqa.selenium.remote.codec.w3c.W3CHttpResponseCodec.createException(W3CHttpResponseCodec.java:200)
	at org.openqa.selenium.remote.codec.w3c.W3CHttpResponseCodec.decode(W3CHttpResponseCodec.java:133)
	at org.openqa.selenium.remote.codec.w3c.W3CHttpResponseCodec.decode(W3CHttpResponseCodec.java:53)
	at org.openqa.selenium.remote.HttpCommandExecutor.execute(HttpCommandExecutor.java:184)
	at org.openqa.selenium.remote.service.DriverCommandExecutor.invokeExecute(DriverCommandExecutor.java:167)
	at org.openqa.selenium.remote.service.DriverCommandExecutor.execute(DriverCommandExecutor.java:142)
	at org.openqa.selenium.remote.RemoteWebDriver.execute(RemoteWebDriver.java:558)
	at org.openqa.selenium.remote.RemoteWebElement.execute(RemoteWebElement.java:251)
	at org.openqa.selenium.remote.RemoteWebElement.click(RemoteWebElement.java:77)
	at boatLifeStyle.Boat_Shop.boat_MeettheBoatHeads(Boat_Shop.java:194)
	at java.base/jdk.internal.reflect.NativeMethodAccessorImpl.invoke0(Native Method)
	at java.base/jdk.internal.reflect.NativeMethodAccessorImpl.invoke(NativeMethodAccessorImpl.java:77)
	at java.base/jdk.internal.reflect.DelegatingMethodAccessorImpl.invoke(DelegatingMethodAccessorImpl.java:43)
	at java.base/java.lang.reflect.Method.invoke(Method.java:568)
	at org.testng.internal.MethodInvocationHelper.invokeMethod(MethodInvocationHelper.java:133)
	at org.testng.internal.TestInvoker.invokeMethod(TestInvoker.java:598)
	at org.testng.internal.TestInvoker.invokeTestMethod(TestInvoker.java:173)
	at org.testng.internal.MethodRunner.runInSequence(MethodRunner.java:46)
	at org.testng.internal.TestInvoker$MethodInvocationAgent.invoke(TestInvoker.java:824)
	at org.testng.internal.TestInvoker.invokeTestMethods(TestInvoker.java:146)
	at org.testng.internal.TestMethodWorker.invokeTestMethods(TestMethodWorker.java:146)
	at org.testng.internal.TestMethodWorker.run(TestMethodWorker.java:128)
	at java.base/java.util.ArrayList.forEach(ArrayList.java:1511)
	at org.testng.TestRunner.privateRun(TestRunner.java:794)
	at org.testng.TestRunner.run(TestRunner.java:596)
	at org.testng.SuiteRunner.runTest(SuiteRunner.java:377)
	at org.testng.SuiteRunner.runSequentially(SuiteRunner.java:371)
	at org.testng.SuiteRunner.privateRun(SuiteRunner.java:332)
	at org.testng.SuiteRunner.run(SuiteRunner.java:276)
	at org.testng.SuiteRunnerWorker.runSuite(SuiteRunnerWorker.java:53)
	at org.testng.SuiteRunnerWorker.run(SuiteRunnerWorker.java:96)
	at org.testng.TestNG.runSuitesSequentially(TestNG.java:1212)
	at org.testng.TestNG.runSuitesLocally(TestNG.java:1134)
	at org.testng.TestNG.runSuites(TestNG.java:1063)
	at org.testng.TestNG.run(TestNG.java:1031)
	at org.testng.remote.AbstractRemoteTestNG.run(AbstractRemoteTestNG.java:115)
	at org.testng.remote.RemoteTestNG.initAndRun(RemoteTestNG.java:251)
	at org.testng.remote.RemoteTestNG.main(RemoteTestNG.java:77)
</div></td></tr></table><p class="totop"><a href="#summary">back to summary</a></p>
<h3 id="m5">boatLifeStyle.Boat_Shop#boat_MyAccount</h3><table class="result"><tr><th>Exception</th></tr><tr><td><div class="stacktrace">org.openqa.selenium.ElementClickInterceptedException: element click intercepted: Element &lt;img class=&quot; ls-is-cached lazyloaded&quot; data-src=&quot;https://cdn.shopify.com/s/files/1/0057/8938/4802/files/user_1.png?v=1606314823&quot; alt=&quot;user&quot; src=&quot;https://cdn.shopify.com/s/files/1/0057/8938/4802/files/user_1.png?v=1606314823&quot;&gt; is not clickable at point (1257, 72). Other element would receive the click: &lt;iframe id=&quot;BIS_frame&quot; frameborder=&quot;0&quot; src=&quot;about:blank&quot; allowtransparency=&quot;true&quot; style=&quot;display: block;&quot;&gt;&lt;/iframe&gt;
  (Session info: chrome=100.0.4896.127)
Build info: version: &apos;4.1.2&apos;, revision: &apos;9a5a329c5a&apos;
System info: host: &apos;DESKTOP-M3CURGL&apos;, ip: &apos;192.168.0.11&apos;, os.name: &apos;Windows 10&apos;, os.arch: &apos;amd64&apos;, os.version: &apos;10.0&apos;, java.version: &apos;17.0.1&apos;
Driver info: org.openqa.selenium.chrome.ChromeDriver
Command: [074477ceb418cec6329dc2476cf329f3, clickElement {id=8cefee9f-a8ee-4391-afed-044bce664971}]
Capabilities {acceptInsecureCerts: false, browserName: chrome, browserVersion: 100.0.4896.127, chrome: {chromedriverVersion: 99.0.4844.51 (d537ec02474b5..., userDataDir: C:\Users\samee\AppData\Loca...}, goog:chromeOptions: {debuggerAddress: localhost:50756}, javascriptEnabled: true, networkConnectionEnabled: false, pageLoadStrategy: normal, platform: WINDOWS, platformName: WINDOWS, proxy: Proxy(), se:cdp: ws://localhost:50756/devtoo..., se:cdpVersion: 100.0.4896.127, setWindowRect: true, strictFileInteractability: false, timeouts: {implicit: 0, pageLoad: 300000, script: 30000}, unhandledPromptBehavior: dismiss and notify, webauthn:extension:credBlob: true, webauthn:extension:largeBlob: true, webauthn:virtualAuthenticators: true}
Element: [[ChromeDriver: chrome on WINDOWS (074477ceb418cec6329dc2476cf329f3)] -&gt; xpath: //*[@id=&quot;pageheader&quot;]/div[2]/div[5]/div/div[2]/span[1]/img]
Session ID: 074477ceb418cec6329dc2476cf329f3
	at java.base/jdk.internal.reflect.NativeConstructorAccessorImpl.newInstance0(Native Method)
	at java.base/jdk.internal.reflect.NativeConstructorAccessorImpl.newInstance(NativeConstructorAccessorImpl.java:77)
	at java.base/jdk.internal.reflect.DelegatingConstructorAccessorImpl.newInstance(DelegatingConstructorAccessorImpl.java:45)
	at java.base/java.lang.reflect.Constructor.newInstanceWithCaller(Constructor.java:499)
	at java.base/java.lang.reflect.Constructor.newInstance(Constructor.java:480)
	at org.openqa.selenium.remote.codec.w3c.W3CHttpResponseCodec.createException(W3CHttpResponseCodec.java:200)
	at org.openqa.selenium.remote.codec.w3c.W3CHttpResponseCodec.decode(W3CHttpResponseCodec.java:133)
	at org.openqa.selenium.remote.codec.w3c.W3CHttpResponseCodec.decode(W3CHttpResponseCodec.java:53)
	at org.openqa.selenium.remote.HttpCommandExecutor.execute(HttpCommandExecutor.java:184)
	at org.openqa.selenium.remote.service.DriverCommandExecutor.invokeExecute(DriverCommandExecutor.java:167)
	at org.openqa.selenium.remote.service.DriverCommandExecutor.execute(DriverCommandExecutor.java:142)
	at org.openqa.selenium.remote.RemoteWebDriver.execute(RemoteWebDriver.java:558)
	at org.openqa.selenium.remote.RemoteWebElement.execute(RemoteWebElement.java:251)
	at org.openqa.selenium.remote.RemoteWebElement.click(RemoteWebElement.java:77)
	at boatLifeStyle.Boat_Shop.boat_MyAccount(Boat_Shop.java:282)
	at java.base/jdk.internal.reflect.NativeMethodAccessorImpl.invoke0(Native Method)
	at java.base/jdk.internal.reflect.NativeMethodAccessorImpl.invoke(NativeMethodAccessorImpl.java:77)
	at java.base/jdk.internal.reflect.DelegatingMethodAccessorImpl.invoke(DelegatingMethodAccessorImpl.java:43)
	at java.base/java.lang.reflect.Method.invoke(Method.java:568)
	at org.testng.internal.MethodInvocationHelper.invokeMethod(MethodInvocationHelper.java:133)
	at org.testng.internal.TestInvoker.invokeMethod(TestInvoker.java:598)
	at org.testng.internal.TestInvoker.invokeTestMethod(TestInvoker.java:173)
	at org.testng.internal.MethodRunner.runInSequence(MethodRunner.java:46)
	at org.testng.internal.TestInvoker$MethodInvocationAgent.invoke(TestInvoker.java:824)
	at org.testng.internal.TestInvoker.invokeTestMethods(TestInvoker.java:146)
	at org.testng.internal.TestMethodWorker.invokeTestMethods(TestMethodWorker.java:146)
	at org.testng.internal.TestMethodWorker.run(TestMethodWorker.java:128)
	at java.base/java.util.ArrayList.forEach(ArrayList.java:1511)
	at org.testng.TestRunner.privateRun(TestRunner.java:794)
	at org.testng.TestRunner.run(TestRunner.java:596)
	at org.testng.SuiteRunner.runTest(SuiteRunner.java:377)
	at org.testng.SuiteRunner.runSequentially(SuiteRunner.java:371)
	at org.testng.SuiteRunner.privateRun(SuiteRunner.java:332)
	at org.testng.SuiteRunner.run(SuiteRunner.java:276)
	at org.testng.SuiteRunnerWorker.runSuite(SuiteRunnerWorker.java:53)
	at org.testng.SuiteRunnerWorker.run(SuiteRunnerWorker.java:96)
	at org.testng.TestNG.runSuitesSequentially(TestNG.java:1212)
	at org.testng.TestNG.runSuitesLocally(TestNG.java:1134)
	at org.testng.TestNG.runSuites(TestNG.java:1063)
	at org.testng.TestNG.run(TestNG.java:1031)
	at org.testng.remote.AbstractRemoteTestNG.run(AbstractRemoteTestNG.java:115)
	at org.testng.remote.RemoteTestNG.initAndRun(RemoteTestNG.java:251)
	at org.testng.remote.RemoteTestNG.main(RemoteTestNG.java:77)
</div></td></tr></table><p class="totop"><a href="#summary">back to summary</a></p>
<h3 id="m6">boatLifeStyle.Boat_Shop#boat_OfferZone</h3><table class="result"><tr><th>Exception</th></tr><tr><td><div class="stacktrace">org.openqa.selenium.ElementClickInterceptedException: element click intercepted: Element &lt;a href=&quot;javascript:void(0)&quot; class=&quot;has-children&quot; aria-haspopup=&quot;true&quot;&gt;...&lt;/a&gt; is not clickable at point (711, 10). Other element would receive the click: &lt;nmg-templates template=&quot;fun-4-template&quot; props-as-string=&quot;{&amp;quot;logoImage&amp;quot;:{&amp;quot;src&amp;quot;:&amp;quot;https://templates.nmgplatform.com/ibpuserimages/BOGWEO780/boat-lifestyle.com/109380d2-0fb6-4ec4-a129-ba75e2e14fda_mobile.jpeg&amp;quot;,&amp;quot;width&amp;quot;:100,&amp;quot;height&amp;quot;:75},&amp;quot;couponCodeLabel&amp;quot;:{&amp;quot;color&amp;quot;:&amp;quot;#000000&amp;quot;,&amp;quot;value&amp;quot;:&amp;quot;NMG-U8N6-GVHD-58GY&amp;quot;},&amp;quot;couponCodeLabelSizing&amp;quot;:{&amp;quot;size&amp;quot;:[8,12],&amp;quot;sizeMobile&amp;quot;:[6,8]},&amp;quot;position&amp;quot;:&amp;quot;center_center&amp;quot;,&amp;quot;headingALabel&amp;quot;:{&amp;quot;value&amp;quot;:[&amp;quot;&lt;span style=\&amp;quot;font-weight: bold; color: rgb(223, 15, 15);\&amp;quot;&gt;SPECIAL&lt;/span&gt;&amp;quot;,&amp;quot;&lt;span style=\&amp;quot;font-weight: bold; color: rgb(224, 13, 13);\&amp;quot;&gt;OFF&lt;/span&gt;&amp;quot;],&amp;quot;color&amp;quot;:&amp;quot;rgb(223, 15, 15)&amp;quot;},&amp;quot;headingALabelSizing&amp;quot;:{&amp;quot;size&amp;quot;:[16,42],&amp;quot;sizeMobile&amp;quot;:[12,32]},&amp;quot;headingBLabel&amp;quot;:{&amp;quot;value&amp;quot;:&amp;quot;&lt;span style=\&amp;quot;color: rgb(255, 255, 255); font-weight: bold;\&amp;quot;&gt;ONLY FOR YOU!&lt;/span&gt;&amp;quot;,&amp;quot;color&amp;quot;:&amp;quot;#FFFFFF&amp;quot;},&amp;quot;headingBLabelSizing&amp;quot;:{&amp;quot;size&amp;quot;:[12,16],&amp;quot;sizeMobile&amp;quot;:[8,16]},&amp;quot;timeHeadlineLabel&amp;quot;:{&amp;quot;value&amp;quot;:&amp;quot;&lt;span style=\&amp;quot;color: rgb(254, 251, 251); font-weight: bold;\&amp;quot;&gt;Offer expires:&lt;/span&gt;&amp;quot;,&amp;quot;color&amp;quot;:&amp;quot;#FEFBFB&amp;quot;},&amp;quot;timeHeadlineLabelSizing&amp;quot;:{&amp;quot;size&amp;quot;:[10,14],&amp;quot;sizeMobile&amp;quot;:[8,10]},&amp;quot;timePhraseLabel&amp;quot;:{&amp;quot;value&amp;quot;:&amp;quot;By the end of the day&amp;quot;,&amp;quot;color&amp;quot;:&amp;quot;#FFFFFF&amp;quot;},&amp;quot;timePhraseLabelSizing&amp;quot;:{&amp;quot;size&amp;quot;:[10,14],&amp;quot;sizeMobile&amp;quot;:[8,10]},&amp;quot;ctaLabel&amp;quot;:{&amp;quot;value&amp;quot;:&amp;quot;&lt;span style=\&amp;quot;font-weight: bold; color: rgb(0, 0, 0);\&amp;quot;&gt;Copy Coupon Code&lt;/span&gt;&amp;quot;,&amp;quot;color&amp;quot;:&amp;quot;#000000&amp;quot;},&amp;quot;ctaConfirmationLabel&amp;quot;:{&amp;quot;value&amp;quot;:&amp;quot;Copied!&amp;quot;,&amp;quot;color&amp;quot;:&amp;quot;#000000&amp;quot;},&amp;quot;ctaLabelSizing&amp;quot;:{&amp;quot;size&amp;quot;:[10,14],&amp;quot;sizeMobile&amp;quot;:[8,16]},&amp;quot;noteLabel&amp;quot;:{&amp;quot;value&amp;quot;:&amp;quot;&lt;span style=\&amp;quot;color: rgb(255, 255, 255);\&amp;quot;&gt;*SOME ITEMS MAY BE EXCLUDED&lt;/span&gt;&amp;quot;,&amp;quot;color&amp;quot;:&amp;quot;#FFFFFF&amp;quot;},&amp;quot;noteLabelSizing&amp;quot;:{&amp;quot;size&amp;quot;:[10,12],&amp;quot;sizeMobile&amp;quot;:[6,8]},&amp;quot;poweredByLabel&amp;quot;:null,&amp;quot;overlay&amp;quot;:false,&amp;quot;mainColor&amp;quot;:&amp;quot;#000000&amp;quot;,&amp;quot;isTimer&amp;quot;:true,&amp;quot;complementaryColors&amp;quot;:[&amp;quot;#FFFAFA&amp;quot;,&amp;quot;#B71616&amp;quot;,&amp;quot;#000000&amp;quot;],&amp;quot;couponCodeVisible&amp;quot;:false,&amp;quot;withXButton&amp;quot;:true,&amp;quot;positionType&amp;quot;:&amp;quot;absolute&amp;quot;,&amp;quot;timeBackgroundColor&amp;quot;:&amp;quot;unset&amp;quot;,&amp;quot;endTime&amp;quot;:&amp;quot;2022-04-22T17:59:59.000Z&amp;quot;,&amp;quot;scale&amp;quot;:&amp;quot;1&amp;quot;,&amp;quot;showBlackBG&amp;quot;:true,&amp;quot;isClient&amp;quot;:true,&amp;quot;discountValue&amp;quot;:10,&amp;quot;currency&amp;quot;:&amp;quot;%&amp;quot;,&amp;quot;couponCode&amp;quot;:&amp;quot;NMG-U8N6-GVHD-58GY&amp;quot;}&quot; id=&quot;nmg-templates&quot; class=&quot;needsclick&quot; dates-as-string=&quot;[&amp;quot;endTime&amp;quot;]&quot; style=&quot;pointer-events: auto;&quot;&gt;&lt;/nmg-templates&gt;
  (Session info: chrome=100.0.4896.127)
Build info: version: &apos;4.1.2&apos;, revision: &apos;9a5a329c5a&apos;
System info: host: &apos;DESKTOP-M3CURGL&apos;, ip: &apos;192.168.0.11&apos;, os.name: &apos;Windows 10&apos;, os.arch: &apos;amd64&apos;, os.version: &apos;10.0&apos;, java.version: &apos;17.0.1&apos;
Driver info: org.openqa.selenium.chrome.ChromeDriver
Command: [074477ceb418cec6329dc2476cf329f3, clickElement {id=86c6ba76-7e05-4b82-a218-9bbf6adff069}]
Capabilities {acceptInsecureCerts: false, browserName: chrome, browserVersion: 100.0.4896.127, chrome: {chromedriverVersion: 99.0.4844.51 (d537ec02474b5..., userDataDir: C:\Users\samee\AppData\Loca...}, goog:chromeOptions: {debuggerAddress: localhost:50756}, javascriptEnabled: true, networkConnectionEnabled: false, pageLoadStrategy: normal, platform: WINDOWS, platformName: WINDOWS, proxy: Proxy(), se:cdp: ws://localhost:50756/devtoo..., se:cdpVersion: 100.0.4896.127, setWindowRect: true, strictFileInteractability: false, timeouts: {implicit: 0, pageLoad: 300000, script: 30000}, unhandledPromptBehavior: dismiss and notify, webauthn:extension:credBlob: true, webauthn:extension:largeBlob: true, webauthn:virtualAuthenticators: true}
Element: [[ChromeDriver: chrome on WINDOWS (074477ceb418cec6329dc2476cf329f3)] -&gt; xpath: //*[@id=&quot;pageheader&quot;]/div[2]/div[2]/ul/li[3]/a]
Session ID: 074477ceb418cec6329dc2476cf329f3
	at java.base/jdk.internal.reflect.NativeConstructorAccessorImpl.newInstance0(Native Method)
	at java.base/jdk.internal.reflect.NativeConstructorAccessorImpl.newInstance(NativeConstructorAccessorImpl.java:77)
	at java.base/jdk.internal.reflect.DelegatingConstructorAccessorImpl.newInstance(DelegatingConstructorAccessorImpl.java:45)
	at java.base/java.lang.reflect.Constructor.newInstanceWithCaller(Constructor.java:499)
	at java.base/java.lang.reflect.Constructor.newInstance(Constructor.java:480)
	at org.openqa.selenium.remote.codec.w3c.W3CHttpResponseCodec.createException(W3CHttpResponseCodec.java:200)
	at org.openqa.selenium.remote.codec.w3c.W3CHttpResponseCodec.decode(W3CHttpResponseCodec.java:133)
	at org.openqa.selenium.remote.codec.w3c.W3CHttpResponseCodec.decode(W3CHttpResponseCodec.java:53)
	at org.openqa.selenium.remote.HttpCommandExecutor.execute(HttpCommandExecutor.java:184)
	at org.openqa.selenium.remote.service.DriverCommandExecutor.invokeExecute(DriverCommandExecutor.java:167)
	at org.openqa.selenium.remote.service.DriverCommandExecutor.execute(DriverCommandExecutor.java:142)
	at org.openqa.selenium.remote.RemoteWebDriver.execute(RemoteWebDriver.java:558)
	at org.openqa.selenium.remote.RemoteWebElement.execute(RemoteWebElement.java:251)
	at org.openqa.selenium.remote.RemoteWebElement.click(RemoteWebElement.java:77)
	at boatLifeStyle.Boat_Shop.boat_OfferZone(Boat_Shop.java:154)
	at java.base/jdk.internal.reflect.NativeMethodAccessorImpl.invoke0(Native Method)
	at java.base/jdk.internal.reflect.NativeMethodAccessorImpl.invoke(NativeMethodAccessorImpl.java:77)
	at java.base/jdk.internal.reflect.DelegatingMethodAccessorImpl.invoke(DelegatingMethodAccessorImpl.java:43)
	at java.base/java.lang.reflect.Method.invoke(Method.java:568)
	at org.testng.internal.MethodInvocationHelper.invokeMethod(MethodInvocationHelper.java:133)
	at org.testng.internal.TestInvoker.invokeMethod(TestInvoker.java:598)
	at org.testng.internal.TestInvoker.invokeTestMethod(TestInvoker.java:173)
	at org.testng.internal.MethodRunner.runInSequence(MethodRunner.java:46)
	at org.testng.internal.TestInvoker$MethodInvocationAgent.invoke(TestInvoker.java:824)
	at org.testng.internal.TestInvoker.invokeTestMethods(TestInvoker.java:146)
	at org.testng.internal.TestMethodWorker.invokeTestMethods(TestMethodWorker.java:146)
	at org.testng.internal.TestMethodWorker.run(TestMethodWorker.java:128)
	at java.base/java.util.ArrayList.forEach(ArrayList.java:1511)
	at org.testng.TestRunner.privateRun(TestRunner.java:794)
	at org.testng.TestRunner.run(TestRunner.java:596)
	at org.testng.SuiteRunner.runTest(SuiteRunner.java:377)
	at org.testng.SuiteRunner.runSequentially(SuiteRunner.java:371)
	at org.testng.SuiteRunner.privateRun(SuiteRunner.java:332)
	at org.testng.SuiteRunner.run(SuiteRunner.java:276)
	at org.testng.SuiteRunnerWorker.runSuite(SuiteRunnerWorker.java:53)
	at org.testng.SuiteRunnerWorker.run(SuiteRunnerWorker.java:96)
	at org.testng.TestNG.runSuitesSequentially(TestNG.java:1212)
	at org.testng.TestNG.runSuitesLocally(TestNG.java:1134)
	at org.testng.TestNG.runSuites(TestNG.java:1063)
	at org.testng.TestNG.run(TestNG.java:1031)
	at org.testng.remote.AbstractRemoteTestNG.run(AbstractRemoteTestNG.java:115)
	at org.testng.remote.RemoteTestNG.initAndRun(RemoteTestNG.java:251)
	at org.testng.remote.RemoteTestNG.main(RemoteTestNG.java:77)
</div></td></tr></table><p class="totop"><a href="#summary">back to summary</a></p>
<h3 id="m7">boatLifeStyle.Boat_Shop#boat_ReturnPolicy</h3><table class="result"><tr><th>Exception</th></tr><tr><td><div class="stacktrace">org.openqa.selenium.NoSuchElementException: no such element: Unable to locate element: {&quot;method&quot;:&quot;xpath&quot;,&quot;selector&quot;:&quot;//*[@id=&quot;menu-tier-2&quot;]/ul/li[3]&quot;}
  (Session info: chrome=100.0.4896.127)
For documentation on this error, please visit: https://selenium.dev/exceptions/#no_such_element
Build info: version: &apos;4.1.2&apos;, revision: &apos;9a5a329c5a&apos;
System info: host: &apos;DESKTOP-M3CURGL&apos;, ip: &apos;192.168.0.11&apos;, os.name: &apos;Windows 10&apos;, os.arch: &apos;amd64&apos;, os.version: &apos;10.0&apos;, java.version: &apos;17.0.1&apos;
Driver info: org.openqa.selenium.chrome.ChromeDriver
Command: [074477ceb418cec6329dc2476cf329f3, findElement {using=xpath, value=//*[@id=&quot;menu-tier-2&quot;]/ul/li[3]}]
Capabilities {acceptInsecureCerts: false, browserName: chrome, browserVersion: 100.0.4896.127, chrome: {chromedriverVersion: 99.0.4844.51 (d537ec02474b5..., userDataDir: C:\Users\samee\AppData\Loca...}, goog:chromeOptions: {debuggerAddress: localhost:50756}, javascriptEnabled: true, networkConnectionEnabled: false, pageLoadStrategy: normal, platform: WINDOWS, platformName: WINDOWS, proxy: Proxy(), se:cdp: ws://localhost:50756/devtoo..., se:cdpVersion: 100.0.4896.127, setWindowRect: true, strictFileInteractability: false, timeouts: {implicit: 0, pageLoad: 300000, script: 30000}, unhandledPromptBehavior: dismiss and notify, webauthn:extension:credBlob: true, webauthn:extension:largeBlob: true, webauthn:virtualAuthenticators: true}
Session ID: 074477ceb418cec6329dc2476cf329f3
	at java.base/jdk.internal.reflect.NativeConstructorAccessorImpl.newInstance0(Native Method)
	at java.base/jdk.internal.reflect.NativeConstructorAccessorImpl.newInstance(NativeConstructorAccessorImpl.java:77)
	at java.base/jdk.internal.reflect.DelegatingConstructorAccessorImpl.newInstance(DelegatingConstructorAccessorImpl.java:45)
	at java.base/java.lang.reflect.Constructor.newInstanceWithCaller(Constructor.java:499)
	at java.base/java.lang.reflect.Constructor.newInstance(Constructor.java:480)
	at org.openqa.selenium.remote.codec.w3c.W3CHttpResponseCodec.createException(W3CHttpResponseCodec.java:200)
	at org.openqa.selenium.remote.codec.w3c.W3CHttpResponseCodec.decode(W3CHttpResponseCodec.java:133)
	at org.openqa.selenium.remote.codec.w3c.W3CHttpResponseCodec.decode(W3CHttpResponseCodec.java:53)
	at org.openqa.selenium.remote.HttpCommandExecutor.execute(HttpCommandExecutor.java:184)
	at org.openqa.selenium.remote.service.DriverCommandExecutor.invokeExecute(DriverCommandExecutor.java:167)
	at org.openqa.selenium.remote.service.DriverCommandExecutor.execute(DriverCommandExecutor.java:142)
	at org.openqa.selenium.remote.RemoteWebDriver.execute(RemoteWebDriver.java:558)
	at org.openqa.selenium.remote.ElementLocation$ElementFinder$2.findElement(ElementLocation.java:162)
	at org.openqa.selenium.remote.ElementLocation.findElement(ElementLocation.java:60)
	at org.openqa.selenium.remote.RemoteWebDriver.findElement(RemoteWebDriver.java:382)
	at org.openqa.selenium.remote.RemoteWebDriver.findElement(RemoteWebDriver.java:374)
	at boatLifeStyle.Boat_Shop.boat_ReturnPolicy(Boat_Shop.java:319)
	at java.base/jdk.internal.reflect.NativeMethodAccessorImpl.invoke0(Native Method)
	at java.base/jdk.internal.reflect.NativeMethodAccessorImpl.invoke(NativeMethodAccessorImpl.java:77)
	at java.base/jdk.internal.reflect.DelegatingMethodAccessorImpl.invoke(DelegatingMethodAccessorImpl.java:43)
	at java.base/java.lang.reflect.Method.invoke(Method.java:568)
	at org.testng.internal.MethodInvocationHelper.invokeMethod(MethodInvocationHelper.java:133)
	at org.testng.internal.TestInvoker.invokeMethod(TestInvoker.java:598)
	at org.testng.internal.TestInvoker.invokeTestMethod(TestInvoker.java:173)
	at org.testng.internal.MethodRunner.runInSequence(MethodRunner.java:46)
	at org.testng.internal.TestInvoker$MethodInvocationAgent.invoke(TestInvoker.java:824)
	at org.testng.internal.TestInvoker.invokeTestMethods(TestInvoker.java:146)
	at org.testng.internal.TestMethodWorker.invokeTestMethods(TestMethodWorker.java:146)
	at org.testng.internal.TestMethodWorker.run(TestMethodWorker.java:128)
	at java.base/java.util.ArrayList.forEach(ArrayList.java:1511)
	at org.testng.TestRunner.privateRun(TestRunner.java:794)
	at org.testng.TestRunner.run(TestRunner.java:596)
	at org.testng.SuiteRunner.runTest(SuiteRunner.java:377)
	at org.testng.SuiteRunner.runSequentially(SuiteRunner.java:371)
	at org.testng.SuiteRunner.privateRun(SuiteRunner.java:332)
	at org.testng.SuiteRunner.run(SuiteRunner.java:276)
	at org.testng.SuiteRunnerWorker.runSuite(SuiteRunnerWorker.java:53)
	at org.testng.SuiteRunnerWorker.run(SuiteRunnerWorker.java:96)
	at org.testng.TestNG.runSuitesSequentially(TestNG.java:1212)
	at org.testng.TestNG.runSuitesLocally(TestNG.java:1134)
	at org.testng.TestNG.runSuites(TestNG.java:1063)
	at org.testng.TestNG.run(TestNG.java:1031)
	at org.testng.remote.AbstractRemoteTestNG.run(AbstractRemoteTestNG.java:115)
	at org.testng.remote.RemoteTestNG.initAndRun(RemoteTestNG.java:251)
	at org.testng.remote.RemoteTestNG.main(RemoteTestNG.java:77)
</div></td></tr></table><p class="totop"><a href="#summary">back to summary</a></p>
<h3 id="m8">boatLifeStyle.Boat_Shop#boat_Sailwithboat</h3><table class="result"><tr><th>Exception</th></tr><tr><td><div class="stacktrace">org.openqa.selenium.ElementClickInterceptedException: element click intercepted: Element &lt;a href=&quot;/collections/sail-with-boat&quot;&gt;...&lt;/a&gt; is not clickable at point (617, 10). Other element would receive the click: &lt;nmg-templates template=&quot;fun-4-template&quot; props-as-string=&quot;{&amp;quot;logoImage&amp;quot;:{&amp;quot;src&amp;quot;:&amp;quot;https://templates.nmgplatform.com/ibpuserimages/BOGWEO780/boat-lifestyle.com/109380d2-0fb6-4ec4-a129-ba75e2e14fda_mobile.jpeg&amp;quot;,&amp;quot;width&amp;quot;:100,&amp;quot;height&amp;quot;:75},&amp;quot;couponCodeLabel&amp;quot;:{&amp;quot;color&amp;quot;:&amp;quot;#000000&amp;quot;,&amp;quot;value&amp;quot;:&amp;quot;NMG-U8N6-GVHD-58GY&amp;quot;},&amp;quot;couponCodeLabelSizing&amp;quot;:{&amp;quot;size&amp;quot;:[8,12],&amp;quot;sizeMobile&amp;quot;:[6,8]},&amp;quot;position&amp;quot;:&amp;quot;center_center&amp;quot;,&amp;quot;headingALabel&amp;quot;:{&amp;quot;value&amp;quot;:[&amp;quot;&lt;span style=\&amp;quot;font-weight: bold; color: rgb(223, 15, 15);\&amp;quot;&gt;SPECIAL&lt;/span&gt;&amp;quot;,&amp;quot;&lt;span style=\&amp;quot;font-weight: bold; color: rgb(224, 13, 13);\&amp;quot;&gt;OFF&lt;/span&gt;&amp;quot;],&amp;quot;color&amp;quot;:&amp;quot;rgb(223, 15, 15)&amp;quot;},&amp;quot;headingALabelSizing&amp;quot;:{&amp;quot;size&amp;quot;:[16,42],&amp;quot;sizeMobile&amp;quot;:[12,32]},&amp;quot;headingBLabel&amp;quot;:{&amp;quot;value&amp;quot;:&amp;quot;&lt;span style=\&amp;quot;color: rgb(255, 255, 255); font-weight: bold;\&amp;quot;&gt;ONLY FOR YOU!&lt;/span&gt;&amp;quot;,&amp;quot;color&amp;quot;:&amp;quot;#FFFFFF&amp;quot;},&amp;quot;headingBLabelSizing&amp;quot;:{&amp;quot;size&amp;quot;:[12,16],&amp;quot;sizeMobile&amp;quot;:[8,16]},&amp;quot;timeHeadlineLabel&amp;quot;:{&amp;quot;value&amp;quot;:&amp;quot;&lt;span style=\&amp;quot;color: rgb(254, 251, 251); font-weight: bold;\&amp;quot;&gt;Offer expires:&lt;/span&gt;&amp;quot;,&amp;quot;color&amp;quot;:&amp;quot;#FEFBFB&amp;quot;},&amp;quot;timeHeadlineLabelSizing&amp;quot;:{&amp;quot;size&amp;quot;:[10,14],&amp;quot;sizeMobile&amp;quot;:[8,10]},&amp;quot;timePhraseLabel&amp;quot;:{&amp;quot;value&amp;quot;:&amp;quot;By the end of the day&amp;quot;,&amp;quot;color&amp;quot;:&amp;quot;#FFFFFF&amp;quot;},&amp;quot;timePhraseLabelSizing&amp;quot;:{&amp;quot;size&amp;quot;:[10,14],&amp;quot;sizeMobile&amp;quot;:[8,10]},&amp;quot;ctaLabel&amp;quot;:{&amp;quot;value&amp;quot;:&amp;quot;&lt;span style=\&amp;quot;font-weight: bold; color: rgb(0, 0, 0);\&amp;quot;&gt;Copy Coupon Code&lt;/span&gt;&amp;quot;,&amp;quot;color&amp;quot;:&amp;quot;#000000&amp;quot;},&amp;quot;ctaConfirmationLabel&amp;quot;:{&amp;quot;value&amp;quot;:&amp;quot;Copied!&amp;quot;,&amp;quot;color&amp;quot;:&amp;quot;#000000&amp;quot;},&amp;quot;ctaLabelSizing&amp;quot;:{&amp;quot;size&amp;quot;:[10,14],&amp;quot;sizeMobile&amp;quot;:[8,16]},&amp;quot;noteLabel&amp;quot;:{&amp;quot;value&amp;quot;:&amp;quot;&lt;span style=\&amp;quot;color: rgb(255, 255, 255);\&amp;quot;&gt;*SOME ITEMS MAY BE EXCLUDED&lt;/span&gt;&amp;quot;,&amp;quot;color&amp;quot;:&amp;quot;#FFFFFF&amp;quot;},&amp;quot;noteLabelSizing&amp;quot;:{&amp;quot;size&amp;quot;:[10,12],&amp;quot;sizeMobile&amp;quot;:[6,8]},&amp;quot;poweredByLabel&amp;quot;:null,&amp;quot;overlay&amp;quot;:false,&amp;quot;mainColor&amp;quot;:&amp;quot;#000000&amp;quot;,&amp;quot;isTimer&amp;quot;:true,&amp;quot;complementaryColors&amp;quot;:[&amp;quot;#FFFAFA&amp;quot;,&amp;quot;#B71616&amp;quot;,&amp;quot;#000000&amp;quot;],&amp;quot;couponCodeVisible&amp;quot;:false,&amp;quot;withXButton&amp;quot;:true,&amp;quot;positionType&amp;quot;:&amp;quot;absolute&amp;quot;,&amp;quot;timeBackgroundColor&amp;quot;:&amp;quot;unset&amp;quot;,&amp;quot;endTime&amp;quot;:&amp;quot;2022-04-22T17:59:59.000Z&amp;quot;,&amp;quot;scale&amp;quot;:&amp;quot;1&amp;quot;,&amp;quot;showBlackBG&amp;quot;:true,&amp;quot;isClient&amp;quot;:true,&amp;quot;discountValue&amp;quot;:10,&amp;quot;currency&amp;quot;:&amp;quot;%&amp;quot;,&amp;quot;couponCode&amp;quot;:&amp;quot;NMG-U8N6-GVHD-58GY&amp;quot;}&quot; id=&quot;nmg-templates&quot; class=&quot;needsclick&quot; dates-as-string=&quot;[&amp;quot;endTime&amp;quot;]&quot; style=&quot;pointer-events: auto;&quot;&gt;&lt;/nmg-templates&gt;
  (Session info: chrome=100.0.4896.127)
Build info: version: &apos;4.1.2&apos;, revision: &apos;9a5a329c5a&apos;
System info: host: &apos;DESKTOP-M3CURGL&apos;, ip: &apos;192.168.0.11&apos;, os.name: &apos;Windows 10&apos;, os.arch: &apos;amd64&apos;, os.version: &apos;10.0&apos;, java.version: &apos;17.0.1&apos;
Driver info: org.openqa.selenium.chrome.ChromeDriver
Command: [074477ceb418cec6329dc2476cf329f3, clickElement {id=a87e21a9-6b23-41ee-85cd-bacb3d23427c}]
Capabilities {acceptInsecureCerts: false, browserName: chrome, browserVersion: 100.0.4896.127, chrome: {chromedriverVersion: 99.0.4844.51 (d537ec02474b5..., userDataDir: C:\Users\samee\AppData\Loca...}, goog:chromeOptions: {debuggerAddress: localhost:50756}, javascriptEnabled: true, networkConnectionEnabled: false, pageLoadStrategy: normal, platform: WINDOWS, platformName: WINDOWS, proxy: Proxy(), se:cdp: ws://localhost:50756/devtoo..., se:cdpVersion: 100.0.4896.127, setWindowRect: true, strictFileInteractability: false, timeouts: {implicit: 0, pageLoad: 300000, script: 30000}, unhandledPromptBehavior: dismiss and notify, webauthn:extension:credBlob: true, webauthn:extension:largeBlob: true, webauthn:virtualAuthenticators: true}
Element: [[ChromeDriver: chrome on WINDOWS (074477ceb418cec6329dc2476cf329f3)] -&gt; xpath: //a[@href=&apos;/collections/sail-with-boat&apos;]]
Session ID: 074477ceb418cec6329dc2476cf329f3
	at java.base/jdk.internal.reflect.NativeConstructorAccessorImpl.newInstance0(Native Method)
	at java.base/jdk.internal.reflect.NativeConstructorAccessorImpl.newInstance(NativeConstructorAccessorImpl.java:77)
	at java.base/jdk.internal.reflect.DelegatingConstructorAccessorImpl.newInstance(DelegatingConstructorAccessorImpl.java:45)
	at java.base/java.lang.reflect.Constructor.newInstanceWithCaller(Constructor.java:499)
	at java.base/java.lang.reflect.Constructor.newInstance(Constructor.java:480)
	at org.openqa.selenium.remote.codec.w3c.W3CHttpResponseCodec.createException(W3CHttpResponseCodec.java:200)
	at org.openqa.selenium.remote.codec.w3c.W3CHttpResponseCodec.decode(W3CHttpResponseCodec.java:133)
	at org.openqa.selenium.remote.codec.w3c.W3CHttpResponseCodec.decode(W3CHttpResponseCodec.java:53)
	at org.openqa.selenium.remote.HttpCommandExecutor.execute(HttpCommandExecutor.java:184)
	at org.openqa.selenium.remote.service.DriverCommandExecutor.invokeExecute(DriverCommandExecutor.java:167)
	at org.openqa.selenium.remote.service.DriverCommandExecutor.execute(DriverCommandExecutor.java:142)
	at org.openqa.selenium.remote.RemoteWebDriver.execute(RemoteWebDriver.java:558)
	at org.openqa.selenium.remote.RemoteWebElement.execute(RemoteWebElement.java:251)
	at org.openqa.selenium.remote.RemoteWebElement.click(RemoteWebElement.java:77)
	at boatLifeStyle.Boat_Shop.boat_Sailwithboat(Boat_Shop.java:121)
	at java.base/jdk.internal.reflect.NativeMethodAccessorImpl.invoke0(Native Method)
	at java.base/jdk.internal.reflect.NativeMethodAccessorImpl.invoke(NativeMethodAccessorImpl.java:77)
	at java.base/jdk.internal.reflect.DelegatingMethodAccessorImpl.invoke(DelegatingMethodAccessorImpl.java:43)
	at java.base/java.lang.reflect.Method.invoke(Method.java:568)
	at org.testng.internal.MethodInvocationHelper.invokeMethod(MethodInvocationHelper.java:133)
	at org.testng.internal.TestInvoker.invokeMethod(TestInvoker.java:598)
	at org.testng.internal.TestInvoker.invokeTestMethod(TestInvoker.java:173)
	at org.testng.internal.MethodRunner.runInSequence(MethodRunner.java:46)
	at org.testng.internal.TestInvoker$MethodInvocationAgent.invoke(TestInvoker.java:824)
	at org.testng.internal.TestInvoker.invokeTestMethods(TestInvoker.java:146)
	at org.testng.internal.TestMethodWorker.invokeTestMethods(TestMethodWorker.java:146)
	at org.testng.internal.TestMethodWorker.run(TestMethodWorker.java:128)
	at java.base/java.util.ArrayList.forEach(ArrayList.java:1511)
	at org.testng.TestRunner.privateRun(TestRunner.java:794)
	at org.testng.TestRunner.run(TestRunner.java:596)
	at org.testng.SuiteRunner.runTest(SuiteRunner.java:377)
	at org.testng.SuiteRunner.runSequentially(SuiteRunner.java:371)
	at org.testng.SuiteRunner.privateRun(SuiteRunner.java:332)
	at org.testng.SuiteRunner.run(SuiteRunner.java:276)
	at org.testng.SuiteRunnerWorker.runSuite(SuiteRunnerWorker.java:53)
	at org.testng.SuiteRunnerWorker.run(SuiteRunnerWorker.java:96)
	at org.testng.TestNG.runSuitesSequentially(TestNG.java:1212)
	at org.testng.TestNG.runSuitesLocally(TestNG.java:1134)
	at org.testng.TestNG.runSuites(TestNG.java:1063)
	at org.testng.TestNG.run(TestNG.java:1031)
	at org.testng.remote.AbstractRemoteTestNG.run(AbstractRemoteTestNG.java:115)
	at org.testng.remote.RemoteTestNG.initAndRun(RemoteTestNG.java:251)
	at org.testng.remote.RemoteTestNG.main(RemoteTestNG.java:77)
</div></td></tr></table><p class="totop"><a href="#summary">back to summary</a></p>
<h3 id="m9">boatLifeStyle.Boat_Shop#boat_ServiceCenter</h3><table class="result"><tr><th>Exception</th></tr><tr><td><div class="stacktrace">org.openqa.selenium.NoSuchElementException: no such element: Unable to locate element: {&quot;method&quot;:&quot;xpath&quot;,&quot;selector&quot;:&quot;//*[@id=&quot;menu-tier-2&quot;]/ul/li[4]/a&quot;}
  (Session info: chrome=100.0.4896.127)
For documentation on this error, please visit: https://selenium.dev/exceptions/#no_such_element
Build info: version: &apos;4.1.2&apos;, revision: &apos;9a5a329c5a&apos;
System info: host: &apos;DESKTOP-M3CURGL&apos;, ip: &apos;192.168.0.11&apos;, os.name: &apos;Windows 10&apos;, os.arch: &apos;amd64&apos;, os.version: &apos;10.0&apos;, java.version: &apos;17.0.1&apos;
Driver info: org.openqa.selenium.chrome.ChromeDriver
Command: [074477ceb418cec6329dc2476cf329f3, findElement {using=xpath, value=//*[@id=&quot;menu-tier-2&quot;]/ul/li[4]/a}]
Capabilities {acceptInsecureCerts: false, browserName: chrome, browserVersion: 100.0.4896.127, chrome: {chromedriverVersion: 99.0.4844.51 (d537ec02474b5..., userDataDir: C:\Users\samee\AppData\Loca...}, goog:chromeOptions: {debuggerAddress: localhost:50756}, javascriptEnabled: true, networkConnectionEnabled: false, pageLoadStrategy: normal, platform: WINDOWS, platformName: WINDOWS, proxy: Proxy(), se:cdp: ws://localhost:50756/devtoo..., se:cdpVersion: 100.0.4896.127, setWindowRect: true, strictFileInteractability: false, timeouts: {implicit: 0, pageLoad: 300000, script: 30000}, unhandledPromptBehavior: dismiss and notify, webauthn:extension:credBlob: true, webauthn:extension:largeBlob: true, webauthn:virtualAuthenticators: true}
Session ID: 074477ceb418cec6329dc2476cf329f3
	at java.base/jdk.internal.reflect.NativeConstructorAccessorImpl.newInstance0(Native Method)
	at java.base/jdk.internal.reflect.NativeConstructorAccessorImpl.newInstance(NativeConstructorAccessorImpl.java:77)
	at java.base/jdk.internal.reflect.DelegatingConstructorAccessorImpl.newInstance(DelegatingConstructorAccessorImpl.java:45)
	at java.base/java.lang.reflect.Constructor.newInstanceWithCaller(Constructor.java:499)
	at java.base/java.lang.reflect.Constructor.newInstance(Constructor.java:480)
	at org.openqa.selenium.remote.codec.w3c.W3CHttpResponseCodec.createException(W3CHttpResponseCodec.java:200)
	at org.openqa.selenium.remote.codec.w3c.W3CHttpResponseCodec.decode(W3CHttpResponseCodec.java:133)
	at org.openqa.selenium.remote.codec.w3c.W3CHttpResponseCodec.decode(W3CHttpResponseCodec.java:53)
	at org.openqa.selenium.remote.HttpCommandExecutor.execute(HttpCommandExecutor.java:184)
	at org.openqa.selenium.remote.service.DriverCommandExecutor.invokeExecute(DriverCommandExecutor.java:167)
	at org.openqa.selenium.remote.service.DriverCommandExecutor.execute(DriverCommandExecutor.java:142)
	at org.openqa.selenium.remote.RemoteWebDriver.execute(RemoteWebDriver.java:558)
	at org.openqa.selenium.remote.ElementLocation$ElementFinder$2.findElement(ElementLocation.java:162)
	at org.openqa.selenium.remote.ElementLocation.findElement(ElementLocation.java:60)
	at org.openqa.selenium.remote.RemoteWebDriver.findElement(RemoteWebDriver.java:382)
	at org.openqa.selenium.remote.RemoteWebDriver.findElement(RemoteWebDriver.java:374)
	at boatLifeStyle.Boat_Shop.boat_ServiceCenter(Boat_Shop.java:294)
	at java.base/jdk.internal.reflect.NativeMethodAccessorImpl.invoke0(Native Method)
	at java.base/jdk.internal.reflect.NativeMethodAccessorImpl.invoke(NativeMethodAccessorImpl.java:77)
	at java.base/jdk.internal.reflect.DelegatingMethodAccessorImpl.invoke(DelegatingMethodAccessorImpl.java:43)
	at java.base/java.lang.reflect.Method.invoke(Method.java:568)
	at org.testng.internal.MethodInvocationHelper.invokeMethod(MethodInvocationHelper.java:133)
	at org.testng.internal.TestInvoker.invokeMethod(TestInvoker.java:598)
	at org.testng.internal.TestInvoker.invokeTestMethod(TestInvoker.java:173)
	at org.testng.internal.MethodRunner.runInSequence(MethodRunner.java:46)
	at org.testng.internal.TestInvoker$MethodInvocationAgent.invoke(TestInvoker.java:824)
	at org.testng.internal.TestInvoker.invokeTestMethods(TestInvoker.java:146)
	at org.testng.internal.TestMethodWorker.invokeTestMethods(TestMethodWorker.java:146)
	at org.testng.internal.TestMethodWorker.run(TestMethodWorker.java:128)
	at java.base/java.util.ArrayList.forEach(ArrayList.java:1511)
	at org.testng.TestRunner.privateRun(TestRunner.java:794)
	at org.testng.TestRunner.run(TestRunner.java:596)
	at org.testng.SuiteRunner.runTest(SuiteRunner.java:377)
	at org.testng.SuiteRunner.runSequentially(SuiteRunner.java:371)
	at org.testng.SuiteRunner.privateRun(SuiteRunner.java:332)
	at org.testng.SuiteRunner.run(SuiteRunner.java:276)
	at org.testng.SuiteRunnerWorker.runSuite(SuiteRunnerWorker.java:53)
	at org.testng.SuiteRunnerWorker.run(SuiteRunnerWorker.java:96)
	at org.testng.TestNG.runSuitesSequentially(TestNG.java:1212)
	at org.testng.TestNG.runSuitesLocally(TestNG.java:1134)
	at org.testng.TestNG.runSuites(TestNG.java:1063)
	at org.testng.TestNG.run(TestNG.java:1031)
	at org.testng.remote.AbstractRemoteTestNG.run(AbstractRemoteTestNG.java:115)
	at org.testng.remote.RemoteTestNG.initAndRun(RemoteTestNG.java:251)
	at org.testng.remote.RemoteTestNG.main(RemoteTestNG.java:77)
</div></td></tr></table><p class="totop"><a href="#summary">back to summary</a></p>
<h3 id="m10">boatLifeStyle.Boat_Shop#boat_Waranty</h3><table class="result"><tr><th>Exception</th></tr><tr><td><div class="stacktrace">org.openqa.selenium.ElementClickInterceptedException: element click intercepted: Element &lt;a href=&quot;http://support.boat-lifestyle.com/&quot; class=&quot;&quot;&gt;...&lt;/a&gt; is not clickable at point (815, 173). Other element would receive the click: &lt;iframe id=&quot;BIS_frame&quot; frameborder=&quot;0&quot; src=&quot;about:blank&quot; allowtransparency=&quot;true&quot; style=&quot;display: block;&quot;&gt;&lt;/iframe&gt;
  (Session info: chrome=100.0.4896.127)
Build info: version: &apos;4.1.2&apos;, revision: &apos;9a5a329c5a&apos;
System info: host: &apos;DESKTOP-M3CURGL&apos;, ip: &apos;192.168.0.11&apos;, os.name: &apos;Windows 10&apos;, os.arch: &apos;amd64&apos;, os.version: &apos;10.0&apos;, java.version: &apos;17.0.1&apos;
Driver info: org.openqa.selenium.chrome.ChromeDriver
Command: [074477ceb418cec6329dc2476cf329f3, clickElement {id=d5691d7a-2da6-43c4-9548-eac3762f23cf}]
Capabilities {acceptInsecureCerts: false, browserName: chrome, browserVersion: 100.0.4896.127, chrome: {chromedriverVersion: 99.0.4844.51 (d537ec02474b5..., userDataDir: C:\Users\samee\AppData\Loca...}, goog:chromeOptions: {debuggerAddress: localhost:50756}, javascriptEnabled: true, networkConnectionEnabled: false, pageLoadStrategy: normal, platform: WINDOWS, platformName: WINDOWS, proxy: Proxy(), se:cdp: ws://localhost:50756/devtoo..., se:cdpVersion: 100.0.4896.127, setWindowRect: true, strictFileInteractability: false, timeouts: {implicit: 0, pageLoad: 300000, script: 30000}, unhandledPromptBehavior: dismiss and notify, webauthn:extension:credBlob: true, webauthn:extension:largeBlob: true, webauthn:virtualAuthenticators: true}
Element: [[ChromeDriver: chrome on WINDOWS (074477ceb418cec6329dc2476cf329f3)] -&gt; xpath: //*[@id=&quot;shopify-section-footer&quot;]/div[1]/div[2]/div[1]/div[2]/div[2]/div/div/ul/li/ul/li[2]/a]
Session ID: 074477ceb418cec6329dc2476cf329f3
	at java.base/jdk.internal.reflect.NativeConstructorAccessorImpl.newInstance0(Native Method)
	at java.base/jdk.internal.reflect.NativeConstructorAccessorImpl.newInstance(NativeConstructorAccessorImpl.java:77)
	at java.base/jdk.internal.reflect.DelegatingConstructorAccessorImpl.newInstance(DelegatingConstructorAccessorImpl.java:45)
	at java.base/java.lang.reflect.Constructor.newInstanceWithCaller(Constructor.java:499)
	at java.base/java.lang.reflect.Constructor.newInstance(Constructor.java:480)
	at org.openqa.selenium.remote.codec.w3c.W3CHttpResponseCodec.createException(W3CHttpResponseCodec.java:200)
	at org.openqa.selenium.remote.codec.w3c.W3CHttpResponseCodec.decode(W3CHttpResponseCodec.java:133)
	at org.openqa.selenium.remote.codec.w3c.W3CHttpResponseCodec.decode(W3CHttpResponseCodec.java:53)
	at org.openqa.selenium.remote.HttpCommandExecutor.execute(HttpCommandExecutor.java:184)
	at org.openqa.selenium.remote.service.DriverCommandExecutor.invokeExecute(DriverCommandExecutor.java:167)
	at org.openqa.selenium.remote.service.DriverCommandExecutor.execute(DriverCommandExecutor.java:142)
	at org.openqa.selenium.remote.RemoteWebDriver.execute(RemoteWebDriver.java:558)
	at org.openqa.selenium.remote.RemoteWebElement.execute(RemoteWebElement.java:251)
	at org.openqa.selenium.remote.RemoteWebElement.click(RemoteWebElement.java:77)
	at boatLifeStyle.Boat_Shop.boat_Waranty(Boat_Shop.java:312)
	at java.base/jdk.internal.reflect.NativeMethodAccessorImpl.invoke0(Native Method)
	at java.base/jdk.internal.reflect.NativeMethodAccessorImpl.invoke(NativeMethodAccessorImpl.java:77)
	at java.base/jdk.internal.reflect.DelegatingMethodAccessorImpl.invoke(DelegatingMethodAccessorImpl.java:43)
	at java.base/java.lang.reflect.Method.invoke(Method.java:568)
	at org.testng.internal.MethodInvocationHelper.invokeMethod(MethodInvocationHelper.java:133)
	at org.testng.internal.TestInvoker.invokeMethod(TestInvoker.java:598)
	at org.testng.internal.TestInvoker.invokeTestMethod(TestInvoker.java:173)
	at org.testng.internal.MethodRunner.runInSequence(MethodRunner.java:46)
	at org.testng.internal.TestInvoker$MethodInvocationAgent.invoke(TestInvoker.java:824)
	at org.testng.internal.TestInvoker.invokeTestMethods(TestInvoker.java:146)
	at org.testng.internal.TestMethodWorker.invokeTestMethods(TestMethodWorker.java:146)
	at org.testng.internal.TestMethodWorker.run(TestMethodWorker.java:128)
	at java.base/java.util.ArrayList.forEach(ArrayList.java:1511)
	at org.testng.TestRunner.privateRun(TestRunner.java:794)
	at org.testng.TestRunner.run(TestRunner.java:596)
	at org.testng.SuiteRunner.runTest(SuiteRunner.java:377)
	at org.testng.SuiteRunner.runSequentially(SuiteRunner.java:371)
	at org.testng.SuiteRunner.privateRun(SuiteRunner.java:332)
	at org.testng.SuiteRunner.run(SuiteRunner.java:276)
	at org.testng.SuiteRunnerWorker.runSuite(SuiteRunnerWorker.java:53)
	at org.testng.SuiteRunnerWorker.run(SuiteRunnerWorker.java:96)
	at org.testng.TestNG.runSuitesSequentially(TestNG.java:1212)
	at org.testng.TestNG.runSuitesLocally(TestNG.java:1134)
	at org.testng.TestNG.runSuites(TestNG.java:1063)
	at org.testng.TestNG.run(TestNG.java:1031)
	at org.testng.remote.AbstractRemoteTestNG.run(AbstractRemoteTestNG.java:115)
	at org.testng.remote.RemoteTestNG.initAndRun(RemoteTestNG.java:251)
	at org.testng.remote.RemoteTestNG.main(RemoteTestNG.java:77)
</div></td></tr></table><p class="totop"><a href="#summary">back to summary</a></p>
<h3 id="m11">boatLifeStyle.Boat_Shop#boat_WhatfloatsYourBoat</h3><table class="result"><tr><th>Exception</th></tr><tr><td><div class="stacktrace">org.openqa.selenium.ElementClickInterceptedException: element click intercepted: Element &lt;a href=&quot;javascript:void(0)&quot; class=&quot;has-children&quot; aria-haspopup=&quot;true&quot;&gt;...&lt;/a&gt; is not clickable at point (711, 10). Other element would receive the click: &lt;nmg-templates template=&quot;fun-4-template&quot; props-as-string=&quot;{&amp;quot;logoImage&amp;quot;:{&amp;quot;src&amp;quot;:&amp;quot;https://templates.nmgplatform.com/ibpuserimages/BOGWEO780/boat-lifestyle.com/109380d2-0fb6-4ec4-a129-ba75e2e14fda_mobile.jpeg&amp;quot;,&amp;quot;width&amp;quot;:100,&amp;quot;height&amp;quot;:75},&amp;quot;couponCodeLabel&amp;quot;:{&amp;quot;color&amp;quot;:&amp;quot;#000000&amp;quot;,&amp;quot;value&amp;quot;:&amp;quot;NMG-U8N6-GVHD-58GY&amp;quot;},&amp;quot;couponCodeLabelSizing&amp;quot;:{&amp;quot;size&amp;quot;:[8,12],&amp;quot;sizeMobile&amp;quot;:[6,8]},&amp;quot;position&amp;quot;:&amp;quot;center_center&amp;quot;,&amp;quot;headingALabel&amp;quot;:{&amp;quot;value&amp;quot;:[&amp;quot;&lt;span style=\&amp;quot;font-weight: bold; color: rgb(223, 15, 15);\&amp;quot;&gt;SPECIAL&lt;/span&gt;&amp;quot;,&amp;quot;&lt;span style=\&amp;quot;font-weight: bold; color: rgb(224, 13, 13);\&amp;quot;&gt;OFF&lt;/span&gt;&amp;quot;],&amp;quot;color&amp;quot;:&amp;quot;rgb(223, 15, 15)&amp;quot;},&amp;quot;headingALabelSizing&amp;quot;:{&amp;quot;size&amp;quot;:[16,42],&amp;quot;sizeMobile&amp;quot;:[12,32]},&amp;quot;headingBLabel&amp;quot;:{&amp;quot;value&amp;quot;:&amp;quot;&lt;span style=\&amp;quot;color: rgb(255, 255, 255); font-weight: bold;\&amp;quot;&gt;ONLY FOR YOU!&lt;/span&gt;&amp;quot;,&amp;quot;color&amp;quot;:&amp;quot;#FFFFFF&amp;quot;},&amp;quot;headingBLabelSizing&amp;quot;:{&amp;quot;size&amp;quot;:[12,16],&amp;quot;sizeMobile&amp;quot;:[8,16]},&amp;quot;timeHeadlineLabel&amp;quot;:{&amp;quot;value&amp;quot;:&amp;quot;&lt;span style=\&amp;quot;color: rgb(254, 251, 251); font-weight: bold;\&amp;quot;&gt;Offer expires:&lt;/span&gt;&amp;quot;,&amp;quot;color&amp;quot;:&amp;quot;#FEFBFB&amp;quot;},&amp;quot;timeHeadlineLabelSizing&amp;quot;:{&amp;quot;size&amp;quot;:[10,14],&amp;quot;sizeMobile&amp;quot;:[8,10]},&amp;quot;timePhraseLabel&amp;quot;:{&amp;quot;value&amp;quot;:&amp;quot;By the end of the day&amp;quot;,&amp;quot;color&amp;quot;:&amp;quot;#FFFFFF&amp;quot;},&amp;quot;timePhraseLabelSizing&amp;quot;:{&amp;quot;size&amp;quot;:[10,14],&amp;quot;sizeMobile&amp;quot;:[8,10]},&amp;quot;ctaLabel&amp;quot;:{&amp;quot;value&amp;quot;:&amp;quot;&lt;span style=\&amp;quot;font-weight: bold; color: rgb(0, 0, 0);\&amp;quot;&gt;Copy Coupon Code&lt;/span&gt;&amp;quot;,&amp;quot;color&amp;quot;:&amp;quot;#000000&amp;quot;},&amp;quot;ctaConfirmationLabel&amp;quot;:{&amp;quot;value&amp;quot;:&amp;quot;Copied!&amp;quot;,&amp;quot;color&amp;quot;:&amp;quot;#000000&amp;quot;},&amp;quot;ctaLabelSizing&amp;quot;:{&amp;quot;size&amp;quot;:[10,14],&amp;quot;sizeMobile&amp;quot;:[8,16]},&amp;quot;noteLabel&amp;quot;:{&amp;quot;value&amp;quot;:&amp;quot;&lt;span style=\&amp;quot;color: rgb(255, 255, 255);\&amp;quot;&gt;*SOME ITEMS MAY BE EXCLUDED&lt;/span&gt;&amp;quot;,&amp;quot;color&amp;quot;:&amp;quot;#FFFFFF&amp;quot;},&amp;quot;noteLabelSizing&amp;quot;:{&amp;quot;size&amp;quot;:[10,12],&amp;quot;sizeMobile&amp;quot;:[6,8]},&amp;quot;poweredByLabel&amp;quot;:null,&amp;quot;overlay&amp;quot;:false,&amp;quot;mainColor&amp;quot;:&amp;quot;#000000&amp;quot;,&amp;quot;isTimer&amp;quot;:true,&amp;quot;complementaryColors&amp;quot;:[&amp;quot;#FFFAFA&amp;quot;,&amp;quot;#B71616&amp;quot;,&amp;quot;#000000&amp;quot;],&amp;quot;couponCodeVisible&amp;quot;:false,&amp;quot;withXButton&amp;quot;:true,&amp;quot;positionType&amp;quot;:&amp;quot;absolute&amp;quot;,&amp;quot;timeBackgroundColor&amp;quot;:&amp;quot;unset&amp;quot;,&amp;quot;endTime&amp;quot;:&amp;quot;2022-04-22T17:59:59.000Z&amp;quot;,&amp;quot;scale&amp;quot;:&amp;quot;1&amp;quot;,&amp;quot;showBlackBG&amp;quot;:true,&amp;quot;isClient&amp;quot;:true,&amp;quot;discountValue&amp;quot;:10,&amp;quot;currency&amp;quot;:&amp;quot;%&amp;quot;,&amp;quot;couponCode&amp;quot;:&amp;quot;NMG-U8N6-GVHD-58GY&amp;quot;}&quot; id=&quot;nmg-templates&quot; class=&quot;needsclick&quot; dates-as-string=&quot;[&amp;quot;endTime&amp;quot;]&quot; style=&quot;pointer-events: auto;&quot;&gt;&lt;/nmg-templates&gt;
  (Session info: chrome=100.0.4896.127)
Build info: version: &apos;4.1.2&apos;, revision: &apos;9a5a329c5a&apos;
System info: host: &apos;DESKTOP-M3CURGL&apos;, ip: &apos;192.168.0.11&apos;, os.name: &apos;Windows 10&apos;, os.arch: &apos;amd64&apos;, os.version: &apos;10.0&apos;, java.version: &apos;17.0.1&apos;
Driver info: org.openqa.selenium.chrome.ChromeDriver
Command: [074477ceb418cec6329dc2476cf329f3, clickElement {id=86c6ba76-7e05-4b82-a218-9bbf6adff069}]
Capabilities {acceptInsecureCerts: false, browserName: chrome, browserVersion: 100.0.4896.127, chrome: {chromedriverVersion: 99.0.4844.51 (d537ec02474b5..., userDataDir: C:\Users\samee\AppData\Loca...}, goog:chromeOptions: {debuggerAddress: localhost:50756}, javascriptEnabled: true, networkConnectionEnabled: false, pageLoadStrategy: normal, platform: WINDOWS, platformName: WINDOWS, proxy: Proxy(), se:cdp: ws://localhost:50756/devtoo..., se:cdpVersion: 100.0.4896.127, setWindowRect: true, strictFileInteractability: false, timeouts: {implicit: 0, pageLoad: 300000, script: 30000}, unhandledPromptBehavior: dismiss and notify, webauthn:extension:credBlob: true, webauthn:extension:largeBlob: true, webauthn:virtualAuthenticators: true}
Element: [[ChromeDriver: chrome on WINDOWS (074477ceb418cec6329dc2476cf329f3)] -&gt; xpath: //*[@id=&quot;pageheader&quot;]/div[2]/div[2]/ul/li[3]/a]
Session ID: 074477ceb418cec6329dc2476cf329f3
	at java.base/jdk.internal.reflect.NativeConstructorAccessorImpl.newInstance0(Native Method)
	at java.base/jdk.internal.reflect.NativeConstructorAccessorImpl.newInstance(NativeConstructorAccessorImpl.java:77)
	at java.base/jdk.internal.reflect.DelegatingConstructorAccessorImpl.newInstance(DelegatingConstructorAccessorImpl.java:45)
	at java.base/java.lang.reflect.Constructor.newInstanceWithCaller(Constructor.java:499)
	at java.base/java.lang.reflect.Constructor.newInstance(Constructor.java:480)
	at org.openqa.selenium.remote.codec.w3c.W3CHttpResponseCodec.createException(W3CHttpResponseCodec.java:200)
	at org.openqa.selenium.remote.codec.w3c.W3CHttpResponseCodec.decode(W3CHttpResponseCodec.java:133)
	at org.openqa.selenium.remote.codec.w3c.W3CHttpResponseCodec.decode(W3CHttpResponseCodec.java:53)
	at org.openqa.selenium.remote.HttpCommandExecutor.execute(HttpCommandExecutor.java:184)
	at org.openqa.selenium.remote.service.DriverCommandExecutor.invokeExecute(DriverCommandExecutor.java:167)
	at org.openqa.selenium.remote.service.DriverCommandExecutor.execute(DriverCommandExecutor.java:142)
	at org.openqa.selenium.remote.RemoteWebDriver.execute(RemoteWebDriver.java:558)
	at org.openqa.selenium.remote.RemoteWebElement.execute(RemoteWebElement.java:251)
	at org.openqa.selenium.remote.RemoteWebElement.click(RemoteWebElement.java:77)
	at boatLifeStyle.Boat_Shop.boat_WhatfloatsYourBoat(Boat_Shop.java:175)
	at java.base/jdk.internal.reflect.NativeMethodAccessorImpl.invoke0(Native Method)
	at java.base/jdk.internal.reflect.NativeMethodAccessorImpl.invoke(NativeMethodAccessorImpl.java:77)
	at java.base/jdk.internal.reflect.DelegatingMethodAccessorImpl.invoke(DelegatingMethodAccessorImpl.java:43)
	at java.base/java.lang.reflect.Method.invoke(Method.java:568)
	at org.testng.internal.MethodInvocationHelper.invokeMethod(MethodInvocationHelper.java:133)
	at org.testng.internal.TestInvoker.invokeMethod(TestInvoker.java:598)
	at org.testng.internal.TestInvoker.invokeTestMethod(TestInvoker.java:173)
	at org.testng.internal.MethodRunner.runInSequence(MethodRunner.java:46)
	at org.testng.internal.TestInvoker$MethodInvocationAgent.invoke(TestInvoker.java:824)
	at org.testng.internal.TestInvoker.invokeTestMethods(TestInvoker.java:146)
	at org.testng.internal.TestMethodWorker.invokeTestMethods(TestMethodWorker.java:146)
	at org.testng.internal.TestMethodWorker.run(TestMethodWorker.java:128)
	at java.base/java.util.ArrayList.forEach(ArrayList.java:1511)
	at org.testng.TestRunner.privateRun(TestRunner.java:794)
	at org.testng.TestRunner.run(TestRunner.java:596)
	at org.testng.SuiteRunner.runTest(SuiteRunner.java:377)
	at org.testng.SuiteRunner.runSequentially(SuiteRunner.java:371)
	at org.testng.SuiteRunner.privateRun(SuiteRunner.java:332)
	at org.testng.SuiteRunner.run(SuiteRunner.java:276)
	at org.testng.SuiteRunnerWorker.runSuite(SuiteRunnerWorker.java:53)
	at org.testng.SuiteRunnerWorker.run(SuiteRunnerWorker.java:96)
	at org.testng.TestNG.runSuitesSequentially(TestNG.java:1212)
	at org.testng.TestNG.runSuitesLocally(TestNG.java:1134)
	at org.testng.TestNG.runSuites(TestNG.java:1063)
	at org.testng.TestNG.run(TestNG.java:1031)
	at org.testng.remote.AbstractRemoteTestNG.run(AbstractRemoteTestNG.java:115)
	at org.testng.remote.RemoteTestNG.initAndRun(RemoteTestNG.java:251)
	at org.testng.remote.RemoteTestNG.main(RemoteTestNG.java:77)
</div></td></tr></table><p class="totop"><a href="#summary">back to summary</a></p>
<h3 id="m12">boatLifeStyle.Boat_Shop#boat_GiftCard</h3><table class="result"><tr><th class="invisible"/></tr></table><p class="totop"><a href="#summary">back to summary</a></p>
<h3 id="m13">boatLifeStyle.Boat_Shop#boat_Login</h3><table class="result"><tr><th class="invisible"/></tr></table><p class="totop"><a href="#summary">back to summary</a></p>
<h3 id="m14">boatLifeStyle.Boat_Shop#boat_Searchbox</h3><table class="result"><tr><th class="invisible"/></tr></table><p class="totop"><a href="#summary">back to summary</a></p>
<h3 id="m15">boatLifeStyle.Boat_Shop#boat_Shop</h3><table class="result"><tr><th class="invisible"/></tr></table><p class="totop"><a href="#summary">back to summary</a></p>
<h3 id="m16">boatLifeStyle.Boat_Shop#boat_smokeTesting</h3><table class="result"><tr><th class="invisible"/></tr></table><p class="totop"><a href="#summary">back to summary</a></p>
</body>
</html>
